2025-08-07 21:04:00,299 - AresTradingSystem - INFO - ‚úÖ Enhanced Logger initialization completed successfully
2025-08-07 21:04:00,307 - AresTradingSystem.System - INFO - Environment configuration loaded successfully. Trading Environment: PAPER, Exchange: BINANCE
2025-08-07 21:04:00,606 - AresTradingSystem.System.SignalHandler - INFO - Initializing Signal Handler...
2025-08-07 21:04:00,607 - AresTradingSystem.System.SignalHandler - INFO - Signal configuration loaded successfully
2025-08-07 21:04:00,607 - AresTradingSystem.System.SignalHandler - INFO - Configuration validation successful
2025-08-07 21:04:00,607 - AresTradingSystem.System.SignalHandler - INFO - Registered SIGTERM handler
2025-08-07 21:04:00,607 - AresTradingSystem.System.SignalHandler - INFO - Registered SIGINT handler
2025-08-07 21:04:00,607 - AresTradingSystem.System.SignalHandler - INFO - Signal handlers registered successfully
2025-08-07 21:04:00,607 - AresTradingSystem.System.SignalHandler - INFO - ‚úÖ Signal Handler initialization completed successfully
2025-08-07 21:04:00,609 - AresTradingSystem.System.SignalHandler - INFO - Shutdown callback registered
2025-08-07 21:04:01,713 - AresTradingSystem.System - INFO - Initializing Market Regime Classification Step...
2025-08-07 21:04:01,713 - AresTradingSystem.System - INFO - Market Regime Classification Step initialized successfully
2025-08-07 21:04:01,713 - AresTradingSystem.System - INFO - üîÑ Executing Market Regime Classification...
2025-08-07 21:04:01,714 - AresTradingSystem.System - INFO - üìÅ Loading pre-consolidated data from: data_cache/aggtrades_BINANCE_ETHUSDT_consolidated.parquet
2025-08-07 21:04:01,955 - AresTradingSystem.System - INFO - ‚úÖ Loaded consolidated trade data: 17744326 records
2025-08-07 21:04:01,956 - AresTradingSystem.System - INFO - üîÑ Converting trade data to OHLCV format...
2025-08-07 21:04:03,059 - AresTradingSystem.System - INFO - ‚úÖ Converted to OHLCV: 879 records
2025-08-07 21:04:03,059 - AresTradingSystem.System - INFO - Classifying market regimes for ETHUSDT on BINANCE...
2025-08-07 21:04:03,060 - AresTradingSystem.System - INFO - Regime classification completed. Found 0 distinct regimes
2025-08-07 21:04:03,060 - AresTradingSystem.System - INFO - ‚úÖ Market regime classification completed. Results saved to data/training/BINANCE_ETHUSDT_regime_classification.json
2025-08-07 21:04:03,071 - AresTradingSystem.System - INFO - Initializing Regime Data Splitting Step...
2025-08-07 21:04:03,071 - AresTradingSystem.System - INFO - Regime Data Splitting Step initialized successfully
2025-08-07 21:04:03,071 - AresTradingSystem.System - INFO - üîÑ Executing Regime Data Splitting...
2025-08-07 21:04:03,075 - AresTradingSystem.System - INFO - ‚úÖ Extracted klines data: (60367, 5)
2025-08-07 21:04:03,075 - AresTradingSystem.System - INFO - Splitting data by regimes for ETHUSDT on BINANCE...
2025-08-07 21:04:03,075 - AresTradingSystem.System - INFO - Data shape: (60367, 5)
2025-08-07 21:04:03,075 - AresTradingSystem.System - WARNING - No regime sequence found, creating default sequence
2025-08-07 21:04:03,245 - AresTradingSystem.System - INFO - Regime 'BULL': 60367 records
2025-08-07 21:04:03,245 - AresTradingSystem.System - INFO - High-data regimes: ['BULL']
2025-08-07 21:04:03,245 - AresTradingSystem.System - INFO - Low-data regimes: []
2025-08-07 21:04:03,245 - AresTradingSystem.System - INFO - Other regimes: []
2025-08-07 21:04:03,247 - AresTradingSystem.System - INFO - ‚úÖ Regime data splitting completed. Results saved to data/training/regime_data
2025-08-07 21:04:20,072 - AresTradingSystem.System - INFO - Initializing Analyst Specialist Training Step...
2025-08-07 21:04:20,072 - AresTradingSystem.System - INFO - Analyst Specialist Training Step initialized successfully
2025-08-07 21:04:20,072 - AresTradingSystem.System - INFO - üîÑ Executing Analyst Specialist Training...
2025-08-07 21:04:20,074 - AresTradingSystem.System - INFO - Training specialist models for regime: BULL
2025-08-07 21:04:20,074 - AresTradingSystem.System - INFO - Training specialist models for regime: BULL
2025-08-07 21:10:44,679 - AresTradingSystem.System - INFO - Trained 5 models for regime BULL
2025-08-07 21:10:44,690 - AresTradingSystem.System - INFO - ‚úÖ Analyst specialist training completed. Results saved to data/training/analyst_models
2025-08-07 21:10:47,476 - AresTradingSystem.System - INFO - Using device: MPS for PyTorch operations.
2025-08-07 21:10:47,477 - AresTradingSystem.System - INFO - Initializing Analyst Enhancement Step...
2025-08-07 21:10:47,477 - AresTradingSystem.System - INFO - Analyst Enhancement Step initialized successfully.
2025-08-07 21:10:47,477 - AresTradingSystem.System - INFO - üîÑ Executing Analyst Enhancement...
2025-08-07 21:10:47,484 - AresTradingSystem.System - INFO - --- Enhancing models for regime: BULL ---
2025-08-07 21:10:47,484 - AresTradingSystem.System - INFO - Loading data for regime 'BULL'...
2025-08-07 21:10:47,497 - AresTradingSystem.System - WARNING - No 'label' column found, creating dummy target
2025-08-07 21:10:47,500 - AresTradingSystem.System - INFO - Data loaded and split: X_train shape (48293, 3), X_val shape (12074, 3)
2025-08-07 21:10:47,500 - AresTradingSystem.System - INFO - Enhancing xgboost for BULL...
2025-08-07 21:10:47,500 - AresTradingSystem.System - INFO - Original model accuracy: 0.8399370026525199
2025-08-07 21:10:47,500 - AresTradingSystem.System - INFO - Running Optuna HPO with pruning for xgboost...
2025-08-07 21:10:47,510 - AresTradingSystem.System - ERROR - ‚ùå Error in Analyst Enhancement after 0.03s: 
Could not find `optuna-integration` for `xgboost`.
Please run `pip install optuna-integration[xgboost]`.
Traceback (most recent call last):
  File "/opt/homebrew/Caskroom/miniforge/base/lib/python3.12/site-packages/optuna/integration/xgboost.py", line 5, in <module>
    from optuna_integration.xgboost import XGBoostPruningCallback
ModuleNotFoundError: No module named 'optuna_integration'

During handling of the above exception, another exception occurred:

Traceback (most recent call last):
  File "/opt/homebrew/Caskroom/miniforge/base/lib/python3.12/site-packages/optuna/integration/__init__.py", line 132, in _get_module
    return importlib.import_module("." + module_name, self.__name__)
           ^^^^^^^^^^^^^^^^^^^^^^^^^^^^^^^^^^^^^^^^^^^^^^^^^^^^^^^^^
  File "/opt/homebrew/Caskroom/miniforge/base/lib/python3.12/importlib/__init__.py", line 90, in import_module
    return _bootstrap._gcd_import(name[level:], package, level)
           ^^^^^^^^^^^^^^^^^^^^^^^^^^^^^^^^^^^^^^^^^^^^^^^^^^^^
  File "<frozen importlib._bootstrap>", line 1387, in _gcd_import
  File "<frozen importlib._bootstrap>", line 1360, in _find_and_load
  File "<frozen importlib._bootstrap>", line 1331, in _find_and_load_unlocked
  File "<frozen importlib._bootstrap>", line 935, in _load_unlocked
  File "<frozen importlib._bootstrap_external>", line 999, in exec_module
  File "<frozen importlib._bootstrap>", line 488, in _call_with_frames_removed
  File "/opt/homebrew/Caskroom/miniforge/base/lib/python3.12/site-packages/optuna/integration/xgboost.py", line 7, in <module>
    raise ModuleNotFoundError(_INTEGRATION_IMPORT_ERROR_TEMPLATE.format("xgboost"))
ModuleNotFoundError: 
Could not find `optuna-integration` for `xgboost`.
Please run `pip install optuna-integration[xgboost]`.

During handling of the above exception, another exception occurred:

Traceback (most recent call last):
  File "/Users/remyroche/Documents/Ares/src/training/steps/step6_analyst_enhancement.py", line 104, in execute
    enhanced_model_package = await self._enhance_single_model(
                             ^^^^^^^^^^^^^^^^^^^^^^^^^^^^^^^^^
  File "/Users/remyroche/Documents/Ares/src/training/steps/step6_analyst_enhancement.py", line 199, in _enhance_single_model
    best_params, hpo_score = await self._apply_hyperparameter_optimization(
                             ^^^^^^^^^^^^^^^^^^^^^^^^^^^^^^^^^^^^^^^^^^^^^^
  File "/Users/remyroche/Documents/Ares/src/training/steps/step6_analyst_enhancement.py", line 320, in _apply_hyperparameter_optimization
    await asyncio.to_thread(study.optimize, objective, n_trials=100, n_jobs=-1)
  File "/opt/homebrew/Caskroom/miniforge/base/lib/python3.12/asyncio/threads.py", line 25, in to_thread
    return await loop.run_in_executor(None, func_call)
           ^^^^^^^^^^^^^^^^^^^^^^^^^^^^^^^^^^^^^^^^^^^
  File "/opt/homebrew/Caskroom/miniforge/base/lib/python3.12/concurrent/futures/thread.py", line 59, in run
    result = self.fn(*self.args, **self.kwargs)
             ^^^^^^^^^^^^^^^^^^^^^^^^^^^^^^^^^^
  File "/opt/homebrew/Caskroom/miniforge/base/lib/python3.12/site-packages/optuna/study/study.py", line 489, in optimize
    _optimize(
  File "/opt/homebrew/Caskroom/miniforge/base/lib/python3.12/site-packages/optuna/study/_optimize.py", line 101, in _optimize
    f.result()
  File "/opt/homebrew/Caskroom/miniforge/base/lib/python3.12/concurrent/futures/_base.py", line 449, in result
    return self.__get_result()
           ^^^^^^^^^^^^^^^^^^^
  File "/opt/homebrew/Caskroom/miniforge/base/lib/python3.12/concurrent/futures/_base.py", line 401, in __get_result
    raise self._exception
  File "/opt/homebrew/Caskroom/miniforge/base/lib/python3.12/concurrent/futures/thread.py", line 59, in run
    result = self.fn(*self.args, **self.kwargs)
             ^^^^^^^^^^^^^^^^^^^^^^^^^^^^^^^^^^
  File "/opt/homebrew/Caskroom/miniforge/base/lib/python3.12/site-packages/optuna/study/_optimize.py", line 161, in _optimize_sequential
    frozen_trial = _run_trial(study, func, catch)
                   ^^^^^^^^^^^^^^^^^^^^^^^^^^^^^^
  File "/opt/homebrew/Caskroom/miniforge/base/lib/python3.12/site-packages/optuna/study/_optimize.py", line 253, in _run_trial
    raise func_err
  File "/opt/homebrew/Caskroom/miniforge/base/lib/python3.12/site-packages/optuna/study/_optimize.py", line 201, in _run_trial
    value_or_values = func(trial)
                      ^^^^^^^^^^^
  File "/Users/remyroche/Documents/Ares/src/training/steps/step6_analyst_enhancement.py", line 286, in objective
    pruning_callback = optuna.integration.XGBoostPruningCallback(trial, "validation_0-logloss")
                       ^^^^^^^^^^^^^^^^^^^^^^^^^^^^^^^^^^^^^^^^^
  File "/opt/homebrew/Caskroom/miniforge/base/lib/python3.12/site-packages/optuna/integration/__init__.py", line 120, in __getattr__
    module = self._get_module(self._class_to_module[name])
             ^^^^^^^^^^^^^^^^^^^^^^^^^^^^^^^^^^^^^^^^^^^^^
  File "/opt/homebrew/Caskroom/miniforge/base/lib/python3.12/site-packages/optuna/integration/__init__.py", line 134, in _get_module
    raise ModuleNotFoundError(_INTEGRATION_IMPORT_ERROR_TEMPLATE.format(module_name))
ModuleNotFoundError: 
Could not find `optuna-integration` for `xgboost`.
Please run `pip install optuna-integration[xgboost]`.
