{"asctime": "2025-08-10 23:44:28,957", "levelname": "INFO", "name": "AresGlobal", "message": "================================================================================", "correlation_id": "-", "session_id": "-", "timestamp": "2025-08-10T21:44:28.957008+00:00"}
{"asctime": "2025-08-10 23:44:28,957", "levelname": "INFO", "name": "AresGlobal", "message": "📊 SESSION SUMMARY", "correlation_id": "-", "session_id": "-", "timestamp": "2025-08-10T21:44:28.957160+00:00"}
{"asctime": "2025-08-10 23:44:28,957", "levelname": "INFO", "name": "AresGlobal", "message": "Session started: 2025-08-10 23:44:28", "correlation_id": "-", "session_id": "-", "timestamp": "2025-08-10T21:44:28.957279+00:00"}
{"asctime": "2025-08-10 23:44:28,957", "levelname": "INFO", "name": "AresGlobal", "message": "This file contains ALL logs for this session", "correlation_id": "-", "session_id": "-", "timestamp": "2025-08-10T21:44:28.957391+00:00"}
{"asctime": "2025-08-10 23:44:28,957", "levelname": "INFO", "name": "AresGlobal", "message": "================================================================================", "correlation_id": "-", "session_id": "-", "timestamp": "2025-08-10T21:44:28.957465+00:00"}
{"asctime": "2025-08-10 23:44:28,958", "levelname": "INFO", "name": "AresGlobal", "message": "Applied NumPy RNG unpickle compatibility shim (ModelManager)", "correlation_id": "-", "session_id": "-", "timestamp": "2025-08-10T21:44:28.958552+00:00"}
{"asctime": "2025-08-10 23:44:28,958", "levelname": "INFO", "name": "AresGlobal", "message": "[SYSTEM] ================================================================================", "correlation_id": "-", "session_id": "-", "timestamp": "2025-08-10T21:44:28.958936+00:00"}
{"asctime": "2025-08-10 23:44:28,959", "levelname": "INFO", "name": "AresGlobal", "message": "[SYSTEM] 🚀 ARES LAUNCHER STARTED - Mode: INITIALIZATION", "correlation_id": "-", "session_id": "-", "timestamp": "2025-08-10T21:44:28.959324+00:00"}
{"asctime": "2025-08-10 23:44:28,959", "levelname": "INFO", "name": "AresGlobal", "message": "[SYSTEM] Start time: 2025-08-10 23:44:28", "correlation_id": "-", "session_id": "-", "timestamp": "2025-08-10T21:44:28.959582+00:00"}
{"asctime": "2025-08-10 23:44:28,959", "levelname": "INFO", "name": "AresGlobal", "message": "[SYSTEM] Log directory: log", "correlation_id": "-", "session_id": "-", "timestamp": "2025-08-10T21:44:28.959717+00:00"}
{"asctime": "2025-08-10 23:44:28,959", "levelname": "INFO", "name": "AresGlobal", "message": "[SYSTEM] ================================================================================", "correlation_id": "-", "session_id": "-", "timestamp": "2025-08-10T21:44:28.959827+00:00"}
{"asctime": "2025-08-10 23:44:28,960", "levelname": "INFO", "name": "AresGlobal.AresLauncher", "message": "================================================================================", "correlation_id": "-", "session_id": "-", "timestamp": "2025-08-10T21:44:28.960082+00:00"}
{"asctime": "2025-08-10 23:44:28,960", "levelname": "INFO", "name": "AresGlobal.AresLauncher", "message": "🚀 ARES COMPREHENSIVE LAUNCHER", "correlation_id": "-", "session_id": "-", "timestamp": "2025-08-10T21:44:28.960201+00:00"}
{"asctime": "2025-08-10 23:44:28,960", "levelname": "INFO", "name": "AresGlobal.AresLauncher", "message": "================================================================================", "correlation_id": "-", "session_id": "-", "timestamp": "2025-08-10T21:44:28.960266+00:00"}
{"asctime": "2025-08-10 23:44:28,960", "levelname": "INFO", "name": "AresGlobal.AresLauncher", "message": "Start time: 2025-08-10 23:44:28", "correlation_id": "-", "session_id": "-", "timestamp": "2025-08-10T21:44:28.960360+00:00"}
{"asctime": "2025-08-10 23:44:28,960", "levelname": "INFO", "name": "AresGlobal.AresLauncher", "message": "Log directory: log", "correlation_id": "-", "session_id": "-", "timestamp": "2025-08-10T21:44:28.960611+00:00"}
{"asctime": "2025-08-10 23:44:28,960", "levelname": "INFO", "name": "AresGlobal.AresLauncher", "message": "Log level: INFO", "correlation_id": "-", "session_id": "-", "timestamp": "2025-08-10T21:44:28.960692+00:00"}
{"asctime": "2025-08-10 23:44:28,960", "levelname": "INFO", "name": "AresGlobal.AresLauncher", "message": "Global log file: ares_global_20250810_234428.log", "correlation_id": "-", "session_id": "-", "timestamp": "2025-08-10T21:44:28.960781+00:00"}
{"asctime": "2025-08-10 23:44:28,960", "levelname": "INFO", "name": "AresGlobal.AresLauncher", "message": "================================================================================", "correlation_id": "-", "session_id": "-", "timestamp": "2025-08-10T21:44:28.960840+00:00"}
{"asctime": "2025-08-10 23:44:28,961", "levelname": "INFO", "name": "AresGlobal", "message": "[SYSTEM] ================================================================================", "correlation_id": "d79172fc-cda7-4eab-9002-259e6093d156", "session_id": "900ad574-d2e1-4ae8-b89c-90b9e29dd71c", "timestamp": "2025-08-10T21:44:28.961119+00:00"}
{"asctime": "2025-08-10 23:44:28,961", "levelname": "INFO", "name": "AresGlobal", "message": "[SYSTEM] 🚀 ARES LAUNCHER STARTED - Mode: blank - Symbol: ETHUSDT - Exchange: BINANCE", "correlation_id": "d79172fc-cda7-4eab-9002-259e6093d156", "session_id": "900ad574-d2e1-4ae8-b89c-90b9e29dd71c", "timestamp": "2025-08-10T21:44:28.961363+00:00"}
{"asctime": "2025-08-10 23:44:28,961", "levelname": "INFO", "name": "AresGlobal", "message": "[SYSTEM] Start time: 2025-08-10 23:44:28", "correlation_id": "d79172fc-cda7-4eab-9002-259e6093d156", "session_id": "900ad574-d2e1-4ae8-b89c-90b9e29dd71c", "timestamp": "2025-08-10T21:44:28.961687+00:00"}
{"asctime": "2025-08-10 23:44:28,961", "levelname": "INFO", "name": "AresGlobal", "message": "[SYSTEM] Log directory: log", "correlation_id": "d79172fc-cda7-4eab-9002-259e6093d156", "session_id": "900ad574-d2e1-4ae8-b89c-90b9e29dd71c", "timestamp": "2025-08-10T21:44:28.961922+00:00"}
{"asctime": "2025-08-10 23:44:28,962", "levelname": "INFO", "name": "AresGlobal", "message": "[SYSTEM] ================================================================================", "correlation_id": "d79172fc-cda7-4eab-9002-259e6093d156", "session_id": "900ad574-d2e1-4ae8-b89c-90b9e29dd71c", "timestamp": "2025-08-10T21:44:28.962040+00:00"}
{"asctime": "2025-08-10 23:44:28,962", "levelname": "INFO", "name": "AresGlobal.AresLauncher", "message": "🚀 Running enhanced 16-step training pipeline for ETHUSDT on BINANCE", "correlation_id": "d79172fc-cda7-4eab-9002-259e6093d156", "session_id": "900ad574-d2e1-4ae8-b89c-90b9e29dd71c", "timestamp": "2025-08-10T21:44:28.962127+00:00"}
{"asctime": "2025-08-10 23:44:28,962", "levelname": "INFO", "name": "AresGlobal.AresLauncher", "message": "Starting from step: step4_analyst_labeling_feature_engineering", "correlation_id": "d79172fc-cda7-4eab-9002-259e6093d156", "session_id": "900ad574-d2e1-4ae8-b89c-90b9e29dd71c", "timestamp": "2025-08-10T21:44:28.962199+00:00"}
{"asctime": "2025-08-10 23:44:28,962", "levelname": "INFO", "name": "AresGlobal.AresLauncher", "message": "🧪 BLANK TRAINING MODE: Set BLANK_TRAINING_MODE=1 for step-based training", "correlation_id": "d79172fc-cda7-4eab-9002-259e6093d156", "session_id": "900ad574-d2e1-4ae8-b89c-90b9e29dd71c", "timestamp": "2025-08-10T21:44:28.962263+00:00"}
{"asctime": "2025-08-10 23:44:28,964", "levelname": "INFO", "name": "AresGlobal.ProgressManager", "message": "Initialized ProgressManager for ETHUSDT on BINANCE", "correlation_id": "d79172fc-cda7-4eab-9002-259e6093d156", "session_id": "900ad574-d2e1-4ae8-b89c-90b9e29dd71c", "timestamp": "2025-08-10T21:44:28.964626+00:00"}
{"asctime": "2025-08-10 23:44:28,965", "levelname": "INFO", "name": "AresGlobal.ProgressManager", "message": "Progress directory: data/training/progress/BINANCE_ETHUSDT", "correlation_id": "d79172fc-cda7-4eab-9002-259e6093d156", "session_id": "900ad574-d2e1-4ae8-b89c-90b9e29dd71c", "timestamp": "2025-08-10T21:44:28.965406+00:00"}
{"asctime": "2025-08-10 23:44:28,965", "levelname": "INFO", "name": "AresGlobal.StepOrchestrator", "message": "Initialized StepOrchestrator for ETHUSDT on BINANCE", "correlation_id": "d79172fc-cda7-4eab-9002-259e6093d156", "session_id": "900ad574-d2e1-4ae8-b89c-90b9e29dd71c", "timestamp": "2025-08-10T21:44:28.965775+00:00"}
{"asctime": "2025-08-10 23:44:28,966", "levelname": "INFO", "name": "AresGlobal.StepOrchestrator", "message": "🚀 Starting execution from step: step4_analyst_labeling_feature_engineering", "correlation_id": "d79172fc-cda7-4eab-9002-259e6093d156", "session_id": "900ad574-d2e1-4ae8-b89c-90b9e29dd71c", "timestamp": "2025-08-10T21:44:28.966223+00:00"}
{"asctime": "2025-08-10 23:44:33,894", "levelname": "INFO", "name": "AresGlobal.EnhancedTrainingManager", "message": "Loaded optimization configuration", "correlation_id": "d79172fc-cda7-4eab-9002-259e6093d156", "session_id": "900ad574-d2e1-4ae8-b89c-90b9e29dd71c", "timestamp": "2025-08-10T21:44:33.894782+00:00"}
{"asctime": "2025-08-10 23:44:33,894", "levelname": "INFO", "name": "AresGlobal.EnhancedTrainingManagerOptimized", "message": "Loaded optimization configuration", "correlation_id": "d79172fc-cda7-4eab-9002-259e6093d156", "session_id": "900ad574-d2e1-4ae8-b89c-90b9e29dd71c", "timestamp": "2025-08-10T21:44:33.894973+00:00"}
{"asctime": "2025-08-10 23:44:33,895", "levelname": "INFO", "name": "AresGlobal.EnhancedTrainingManager", "message": "🚀 Initializing Enhanced Training Manager...", "correlation_id": "d79172fc-cda7-4eab-9002-259e6093d156", "session_id": "900ad574-d2e1-4ae8-b89c-90b9e29dd71c", "timestamp": "2025-08-10T21:44:33.895061+00:00"}
{"asctime": "2025-08-10 23:44:33,895", "levelname": "INFO", "name": "AresGlobal.EnhancedTrainingManager", "message": "📊 Blank training mode: False", "correlation_id": "d79172fc-cda7-4eab-9002-259e6093d156", "session_id": "900ad574-d2e1-4ae8-b89c-90b9e29dd71c", "timestamp": "2025-08-10T21:44:33.895134+00:00"}
{"asctime": "2025-08-10 23:44:33,895", "levelname": "INFO", "name": "AresGlobal.EnhancedTrainingManager", "message": "🔧 Max trials: 200", "correlation_id": "d79172fc-cda7-4eab-9002-259e6093d156", "session_id": "900ad574-d2e1-4ae8-b89c-90b9e29dd71c", "timestamp": "2025-08-10T21:44:33.895337+00:00"}
{"asctime": "2025-08-10 23:44:33,895", "levelname": "INFO", "name": "AresGlobal.EnhancedTrainingManager", "message": "🔧 N trials: 100", "correlation_id": "d79172fc-cda7-4eab-9002-259e6093d156", "session_id": "900ad574-d2e1-4ae8-b89c-90b9e29dd71c", "timestamp": "2025-08-10T21:44:33.895425+00:00"}
{"asctime": "2025-08-10 23:44:33,895", "levelname": "INFO", "name": "AresGlobal.EnhancedTrainingManager", "message": "📈 Lookback days: 30", "correlation_id": "d79172fc-cda7-4eab-9002-259e6093d156", "session_id": "900ad574-d2e1-4ae8-b89c-90b9e29dd71c", "timestamp": "2025-08-10T21:44:33.895494+00:00"}
{"asctime": "2025-08-10 23:44:33,895", "levelname": "INFO", "name": "AresGlobal.EnhancedTrainingManager", "message": "🚀 Computational optimization: True", "correlation_id": "d79172fc-cda7-4eab-9002-259e6093d156", "session_id": "900ad574-d2e1-4ae8-b89c-90b9e29dd71c", "timestamp": "2025-08-10T21:44:33.895559+00:00"}
{"asctime": "2025-08-10 23:44:33,895", "levelname": "INFO", "name": "AresGlobal.EnhancedTrainingManager", "message": "📊 Resource Analysis:", "correlation_id": "d79172fc-cda7-4eab-9002-259e6093d156", "session_id": "900ad574-d2e1-4ae8-b89c-90b9e29dd71c", "timestamp": "2025-08-10T21:44:33.895662+00:00"}
{"asctime": "2025-08-10 23:44:33,895", "levelname": "INFO", "name": "AresGlobal.EnhancedTrainingManager", "message": "   💾 System Memory: 16.0 GB", "correlation_id": "d79172fc-cda7-4eab-9002-259e6093d156", "session_id": "900ad574-d2e1-4ae8-b89c-90b9e29dd71c", "timestamp": "2025-08-10T21:44:33.895729+00:00"}
{"asctime": "2025-08-10 23:44:33,895", "levelname": "INFO", "name": "AresGlobal.EnhancedTrainingManager", "message": "   🖥️ CPU Cores: 8", "correlation_id": "d79172fc-cda7-4eab-9002-259e6093d156", "session_id": "900ad574-d2e1-4ae8-b89c-90b9e29dd71c", "timestamp": "2025-08-10T21:44:33.895789+00:00"}
{"asctime": "2025-08-10 23:44:33,895", "levelname": "INFO", "name": "AresGlobal.EnhancedTrainingManager", "message": "   📈 Estimated Memory Usage: 8.0 GB", "correlation_id": "d79172fc-cda7-4eab-9002-259e6093d156", "session_id": "900ad574-d2e1-4ae8-b89c-90b9e29dd71c", "timestamp": "2025-08-10T21:44:33.895848+00:00"}
{"asctime": "2025-08-10 23:44:33,895", "levelname": "INFO", "name": "AresGlobal.EnhancedTrainingManager", "message": "   ⏱️ Estimated Time: 720 minutes (12.0 hours)", "correlation_id": "d79172fc-cda7-4eab-9002-259e6093d156", "session_id": "900ad574-d2e1-4ae8-b89c-90b9e29dd71c", "timestamp": "2025-08-10T21:44:33.895915+00:00"}
{"asctime": "2025-08-10 23:44:33,895", "levelname": "INFO", "name": "AresGlobal.EnhancedTrainingManager", "message": "   🤖 Models to Train: 12", "correlation_id": "d79172fc-cda7-4eab-9002-259e6093d156", "session_id": "900ad574-d2e1-4ae8-b89c-90b9e29dd71c", "timestamp": "2025-08-10T21:44:33.895974+00:00"}
{"asctime": "2025-08-10 23:44:33,896", "levelname": "INFO", "name": "AresGlobal.EnhancedTrainingManager", "message": "   🔧 Optimization Trials: 200", "correlation_id": "d79172fc-cda7-4eab-9002-259e6093d156", "session_id": "900ad574-d2e1-4ae8-b89c-90b9e29dd71c", "timestamp": "2025-08-10T21:44:33.896031+00:00"}
{"asctime": "2025-08-10 23:44:33,896", "levelname": "INFO", "name": "AresGlobal.EnhancedTrainingManager", "message": "📋 Step-by-Step Time Estimates:", "correlation_id": "d79172fc-cda7-4eab-9002-259e6093d156", "session_id": "900ad574-d2e1-4ae8-b89c-90b9e29dd71c", "timestamp": "2025-08-10T21:44:33.896095+00:00"}
{"asctime": "2025-08-10 23:44:33,896", "levelname": "INFO", "name": "AresGlobal.EnhancedTrainingManager", "message": "   step1_data_collection: 15 min (2.3%)", "correlation_id": "d79172fc-cda7-4eab-9002-259e6093d156", "session_id": "900ad574-d2e1-4ae8-b89c-90b9e29dd71c", "timestamp": "2025-08-10T21:44:33.896153+00:00"}
{"asctime": "2025-08-10 23:44:33,896", "levelname": "INFO", "name": "AresGlobal.EnhancedTrainingManager", "message": "   step2_market_regime_classification: 8 min (1.2%)", "correlation_id": "d79172fc-cda7-4eab-9002-259e6093d156", "session_id": "900ad574-d2e1-4ae8-b89c-90b9e29dd71c", "timestamp": "2025-08-10T21:44:33.896225+00:00"}
{"asctime": "2025-08-10 23:44:33,896", "levelname": "INFO", "name": "AresGlobal.EnhancedTrainingManager", "message": "   step3_regime_data_splitting: 5 min (0.8%)", "correlation_id": "d79172fc-cda7-4eab-9002-259e6093d156", "session_id": "900ad574-d2e1-4ae8-b89c-90b9e29dd71c", "timestamp": "2025-08-10T21:44:33.896287+00:00"}
{"asctime": "2025-08-10 23:44:33,896", "levelname": "INFO", "name": "AresGlobal.EnhancedTrainingManager", "message": "   step4_analyst_labeling_feature_engineering: 60 min (9.0%)", "correlation_id": "d79172fc-cda7-4eab-9002-259e6093d156", "session_id": "900ad574-d2e1-4ae8-b89c-90b9e29dd71c", "timestamp": "2025-08-10T21:44:33.896343+00:00"}
{"asctime": "2025-08-10 23:44:33,896", "levelname": "INFO", "name": "AresGlobal.EnhancedTrainingManager", "message": "   step5_analyst_specialist_training: 30 min (4.5%)", "correlation_id": "d79172fc-cda7-4eab-9002-259e6093d156", "session_id": "900ad574-d2e1-4ae8-b89c-90b9e29dd71c", "timestamp": "2025-08-10T21:44:33.896398+00:00"}
{"asctime": "2025-08-10 23:44:33,896", "levelname": "INFO", "name": "AresGlobal.EnhancedTrainingManager", "message": "   step6_analyst_enhancement: 25 min (3.8%)", "correlation_id": "d79172fc-cda7-4eab-9002-259e6093d156", "session_id": "900ad574-d2e1-4ae8-b89c-90b9e29dd71c", "timestamp": "2025-08-10T21:44:33.896452+00:00"}
{"asctime": "2025-08-10 23:44:33,896", "levelname": "INFO", "name": "AresGlobal.EnhancedTrainingManager", "message": "   step7_analyst_ensemble_creation: 35 min (5.3%)", "correlation_id": "d79172fc-cda7-4eab-9002-259e6093d156", "session_id": "900ad574-d2e1-4ae8-b89c-90b9e29dd71c", "timestamp": "2025-08-10T21:44:33.896505+00:00"}
{"asctime": "2025-08-10 23:44:33,896", "levelname": "INFO", "name": "AresGlobal.EnhancedTrainingManager", "message": "   step8_tactician_labeling: 15 min (2.3%)", "correlation_id": "d79172fc-cda7-4eab-9002-259e6093d156", "session_id": "900ad574-d2e1-4ae8-b89c-90b9e29dd71c", "timestamp": "2025-08-10T21:44:33.896558+00:00"}
{"asctime": "2025-08-10 23:44:33,896", "levelname": "INFO", "name": "AresGlobal.EnhancedTrainingManager", "message": "   step9_tactician_specialist_training: 30 min (4.5%)", "correlation_id": "d79172fc-cda7-4eab-9002-259e6093d156", "session_id": "900ad574-d2e1-4ae8-b89c-90b9e29dd71c", "timestamp": "2025-08-10T21:44:33.896613+00:00"}
{"asctime": "2025-08-10 23:44:33,896", "levelname": "INFO", "name": "AresGlobal.EnhancedTrainingManager", "message": "   step10_tactician_ensemble_creation: 35 min (5.3%)", "correlation_id": "d79172fc-cda7-4eab-9002-259e6093d156", "session_id": "900ad574-d2e1-4ae8-b89c-90b9e29dd71c", "timestamp": "2025-08-10T21:44:33.896673+00:00"}
{"asctime": "2025-08-10 23:44:33,896", "levelname": "INFO", "name": "AresGlobal.EnhancedTrainingManager", "message": "   step11_confidence_calibration: 10 min (1.5%)", "correlation_id": "d79172fc-cda7-4eab-9002-259e6093d156", "session_id": "900ad574-d2e1-4ae8-b89c-90b9e29dd71c", "timestamp": "2025-08-10T21:44:33.896726+00:00"}
{"asctime": "2025-08-10 23:44:33,896", "levelname": "INFO", "name": "AresGlobal.EnhancedTrainingManager", "message": "   step12_final_parameters_optimization: 240 min (36.2%)", "correlation_id": "d79172fc-cda7-4eab-9002-259e6093d156", "session_id": "900ad574-d2e1-4ae8-b89c-90b9e29dd71c", "timestamp": "2025-08-10T21:44:33.896780+00:00"}
{"asctime": "2025-08-10 23:44:33,896", "levelname": "INFO", "name": "AresGlobal.EnhancedTrainingManager", "message": "   step13_walk_forward_validation: 60 min (9.0%)", "correlation_id": "d79172fc-cda7-4eab-9002-259e6093d156", "session_id": "900ad574-d2e1-4ae8-b89c-90b9e29dd71c", "timestamp": "2025-08-10T21:44:33.896833+00:00"}
{"asctime": "2025-08-10 23:44:33,896", "levelname": "INFO", "name": "AresGlobal.EnhancedTrainingManager", "message": "   step14_monte_carlo_validation: 60 min (9.0%)", "correlation_id": "d79172fc-cda7-4eab-9002-259e6093d156", "session_id": "900ad574-d2e1-4ae8-b89c-90b9e29dd71c", "timestamp": "2025-08-10T21:44:33.896886+00:00"}
{"asctime": "2025-08-10 23:44:33,896", "levelname": "INFO", "name": "AresGlobal.EnhancedTrainingManager", "message": "   step15_ab_testing: 30 min (4.5%)", "correlation_id": "d79172fc-cda7-4eab-9002-259e6093d156", "session_id": "900ad574-d2e1-4ae8-b89c-90b9e29dd71c", "timestamp": "2025-08-10T21:44:33.896939+00:00"}
{"asctime": "2025-08-10 23:44:33,896", "levelname": "INFO", "name": "AresGlobal.EnhancedTrainingManager", "message": "   step16_saving: 5 min (0.8%)", "correlation_id": "d79172fc-cda7-4eab-9002-259e6093d156", "session_id": "900ad574-d2e1-4ae8-b89c-90b9e29dd71c", "timestamp": "2025-08-10T21:44:33.896990+00:00"}
{"asctime": "2025-08-10 23:44:33,897", "levelname": "INFO", "name": "AresGlobal.EnhancedTrainingManager", "message": "💡 Recommendations:", "correlation_id": "d79172fc-cda7-4eab-9002-259e6093d156", "session_id": "900ad574-d2e1-4ae8-b89c-90b9e29dd71c", "timestamp": "2025-08-10T21:44:33.897042+00:00"}
{"asctime": "2025-08-10 23:44:33,897", "levelname": "INFO", "name": "AresGlobal.EnhancedTrainingManager", "message": "   ✅ Full training mode should work well on your system", "correlation_id": "d79172fc-cda7-4eab-9002-259e6093d156", "session_id": "900ad574-d2e1-4ae8-b89c-90b9e29dd71c", "timestamp": "2025-08-10T21:44:33.897097+00:00"}
{"asctime": "2025-08-10 23:44:33,897", "levelname": "INFO", "name": "AresGlobal.EnhancedTrainingManager", "message": "🚀 Initializing computational optimization components...", "correlation_id": "d79172fc-cda7-4eab-9002-259e6093d156", "session_id": "900ad574-d2e1-4ae8-b89c-90b9e29dd71c", "timestamp": "2025-08-10T21:44:33.897154+00:00"}
{"asctime": "2025-08-10 23:44:33,898", "levelname": "INFO", "name": "AresGlobal.ComputationalOptimizationManager", "message": "Computational Optimization Manager initialized", "correlation_id": "d79172fc-cda7-4eab-9002-259e6093d156", "session_id": "900ad574-d2e1-4ae8-b89c-90b9e29dd71c", "timestamp": "2025-08-10T21:44:33.898381+00:00"}
{"asctime": "2025-08-10 23:44:33,898", "levelname": "INFO", "name": "AresGlobal.EnhancedTrainingManager", "message": "✅ Computational optimization components initialized successfully", "correlation_id": "d79172fc-cda7-4eab-9002-259e6093d156", "session_id": "900ad574-d2e1-4ae8-b89c-90b9e29dd71c", "timestamp": "2025-08-10T21:44:33.898463+00:00"}
{"asctime": "2025-08-10 23:44:33,898", "levelname": "INFO", "name": "AresGlobal.EnhancedTrainingManager", "message": "✅ Enhanced Training Manager initialized successfully", "correlation_id": "d79172fc-cda7-4eab-9002-259e6093d156", "session_id": "900ad574-d2e1-4ae8-b89c-90b9e29dd71c", "timestamp": "2025-08-10T21:44:33.898538+00:00"}
{"asctime": "2025-08-10 23:44:33,898", "levelname": "INFO", "name": "AresGlobal.StepOrchestrator", "message": "✅ Enhanced training manager setup successfully", "correlation_id": "d79172fc-cda7-4eab-9002-259e6093d156", "session_id": "900ad574-d2e1-4ae8-b89c-90b9e29dd71c", "timestamp": "2025-08-10T21:44:33.898601+00:00"}
{"asctime": "2025-08-10 23:44:33,898", "levelname": "INFO", "name": "AresGlobal.EnhancedTrainingManager", "message": "================================================================================", "correlation_id": "d79172fc-cda7-4eab-9002-259e6093d156", "session_id": "900ad574-d2e1-4ae8-b89c-90b9e29dd71c", "timestamp": "2025-08-10T21:44:33.898664+00:00"}
{"asctime": "2025-08-10 23:44:33,898", "levelname": "INFO", "name": "AresGlobal.EnhancedTrainingManager", "message": "🚀 COMPREHENSIVE 16-STEP ENHANCED TRAINING PIPELINE START", "correlation_id": "d79172fc-cda7-4eab-9002-259e6093d156", "session_id": "900ad574-d2e1-4ae8-b89c-90b9e29dd71c", "timestamp": "2025-08-10T21:44:33.898720+00:00"}
{"asctime": "2025-08-10 23:44:33,898", "levelname": "INFO", "name": "AresGlobal.EnhancedTrainingManager", "message": "================================================================================", "correlation_id": "d79172fc-cda7-4eab-9002-259e6093d156", "session_id": "900ad574-d2e1-4ae8-b89c-90b9e29dd71c", "timestamp": "2025-08-10T21:44:33.898779+00:00"}
{"asctime": "2025-08-10 23:44:33,898", "levelname": "INFO", "name": "AresGlobal.EnhancedTrainingManager", "message": "📅 Started at: 2025-08-10 23:44:33", "correlation_id": "d79172fc-cda7-4eab-9002-259e6093d156", "session_id": "900ad574-d2e1-4ae8-b89c-90b9e29dd71c", "timestamp": "2025-08-10T21:44:33.898842+00:00"}
{"asctime": "2025-08-10 23:44:33,898", "levelname": "INFO", "name": "AresGlobal.EnhancedTrainingManager", "message": "🎯 Symbol: ETHUSDT", "correlation_id": "d79172fc-cda7-4eab-9002-259e6093d156", "session_id": "900ad574-d2e1-4ae8-b89c-90b9e29dd71c", "timestamp": "2025-08-10T21:44:33.898897+00:00"}
{"asctime": "2025-08-10 23:44:33,898", "levelname": "INFO", "name": "AresGlobal.EnhancedTrainingManager", "message": "🏢 Exchange: BINANCE", "correlation_id": "d79172fc-cda7-4eab-9002-259e6093d156", "session_id": "900ad574-d2e1-4ae8-b89c-90b9e29dd71c", "timestamp": "2025-08-10T21:44:33.898950+00:00"}
{"asctime": "2025-08-10 23:44:33,899", "levelname": "INFO", "name": "AresGlobal.EnhancedTrainingManager", "message": "📊 Training Mode: N/A", "correlation_id": "d79172fc-cda7-4eab-9002-259e6093d156", "session_id": "900ad574-d2e1-4ae8-b89c-90b9e29dd71c", "timestamp": "2025-08-10T21:44:33.899003+00:00"}
{"asctime": "2025-08-10 23:44:33,899", "levelname": "INFO", "name": "AresGlobal.EnhancedTrainingManager", "message": "📈 Lookback Days: 30", "correlation_id": "d79172fc-cda7-4eab-9002-259e6093d156", "session_id": "900ad574-d2e1-4ae8-b89c-90b9e29dd71c", "timestamp": "2025-08-10T21:44:33.899055+00:00"}
{"asctime": "2025-08-10 23:44:33,899", "levelname": "INFO", "name": "AresGlobal.EnhancedTrainingManager", "message": "🔧 Blank Training Mode: False", "correlation_id": "d79172fc-cda7-4eab-9002-259e6093d156", "session_id": "900ad574-d2e1-4ae8-b89c-90b9e29dd71c", "timestamp": "2025-08-10T21:44:33.899108+00:00"}
{"asctime": "2025-08-10 23:44:33,899", "levelname": "INFO", "name": "AresGlobal.EnhancedTrainingManager", "message": "🔧 Max Trials: 200", "correlation_id": "d79172fc-cda7-4eab-9002-259e6093d156", "session_id": "900ad574-d2e1-4ae8-b89c-90b9e29dd71c", "timestamp": "2025-08-10T21:44:33.899163+00:00"}
{"asctime": "2025-08-10 23:44:33,899", "levelname": "INFO", "name": "AresGlobal.EnhancedTrainingManager", "message": "🔧 N Trials: 100", "correlation_id": "d79172fc-cda7-4eab-9002-259e6093d156", "session_id": "900ad574-d2e1-4ae8-b89c-90b9e29dd71c", "timestamp": "2025-08-10T21:44:33.899216+00:00"}
{"asctime": "2025-08-10 23:44:33,899", "levelname": "INFO", "name": "AresGlobal.EnhancedTrainingManager", "message": "🚀 Initializing optimized tools...", "correlation_id": "d79172fc-cda7-4eab-9002-259e6093d156", "session_id": "900ad574-d2e1-4ae8-b89c-90b9e29dd71c", "timestamp": "2025-08-10T21:44:33.899276+00:00"}
{"asctime": "2025-08-10 23:44:33,899", "levelname": "INFO", "name": "AresGlobal.EnhancedTrainingManagerOptimized", "message": "🚀 Initializing Enhanced Training Manager with Optimizations...", "correlation_id": "d79172fc-cda7-4eab-9002-259e6093d156", "session_id": "900ad574-d2e1-4ae8-b89c-90b9e29dd71c", "timestamp": "2025-08-10T21:44:33.899335+00:00"}
{"asctime": "2025-08-10 23:44:33,909", "levelname": "INFO", "name": "AresGlobal.EnhancedTrainingManagerOptimized", "message": "✅ Parallel backtester initialized with 8 workers", "correlation_id": "d79172fc-cda7-4eab-9002-259e6093d156", "session_id": "900ad574-d2e1-4ae8-b89c-90b9e29dd71c", "timestamp": "2025-08-10T21:44:33.909949+00:00"}
{"asctime": "2025-08-10 23:44:33,910", "levelname": "INFO", "name": "AresGlobal.EnhancedTrainingManagerOptimized", "message": "✅ All optimization components initialized successfully", "correlation_id": "d79172fc-cda7-4eab-9002-259e6093d156", "session_id": "900ad574-d2e1-4ae8-b89c-90b9e29dd71c", "timestamp": "2025-08-10T21:44:33.910615+00:00"}
{"asctime": "2025-08-10 23:44:33,910", "levelname": "INFO", "name": "AresGlobal.EnhancedTrainingManager", "message": "   ✅ Optimized training manager initialized", "correlation_id": "d79172fc-cda7-4eab-9002-259e6093d156", "session_id": "900ad574-d2e1-4ae8-b89c-90b9e29dd71c", "timestamp": "2025-08-10T21:44:33.910991+00:00"}
{"asctime": "2025-08-10 23:44:33,911", "levelname": "INFO", "name": "AresGlobal.EnhancedTrainingManager", "message": "   ✅ Streaming processor initialized", "correlation_id": "d79172fc-cda7-4eab-9002-259e6093d156", "session_id": "900ad574-d2e1-4ae8-b89c-90b9e29dd71c", "timestamp": "2025-08-10T21:44:33.911307+00:00"}
{"asctime": "2025-08-10 23:44:33,911", "levelname": "INFO", "name": "AresGlobal.EnhancedTrainingManager", "message": "   ✅ Parallel backtester initialized with 8 workers", "correlation_id": "d79172fc-cda7-4eab-9002-259e6093d156", "session_id": "900ad574-d2e1-4ae8-b89c-90b9e29dd71c", "timestamp": "2025-08-10T21:44:33.911734+00:00"}
{"asctime": "2025-08-10 23:44:33,911", "levelname": "INFO", "name": "AresGlobal.EnhancedTrainingManager", "message": "   ✅ Adaptive sampler initialized", "correlation_id": "d79172fc-cda7-4eab-9002-259e6093d156", "session_id": "900ad574-d2e1-4ae8-b89c-90b9e29dd71c", "timestamp": "2025-08-10T21:44:33.911933+00:00"}
{"asctime": "2025-08-10 23:44:33,912", "levelname": "INFO", "name": "AresGlobal.EnhancedTrainingManager", "message": "   ✅ Incremental trainer initialized", "correlation_id": "d79172fc-cda7-4eab-9002-259e6093d156", "session_id": "900ad574-d2e1-4ae8-b89c-90b9e29dd71c", "timestamp": "2025-08-10T21:44:33.912082+00:00"}
{"asctime": "2025-08-10 23:44:33,912", "levelname": "INFO", "name": "AresGlobal.EnhancedTrainingManager", "message": "✅ All optimized tools initialized successfully", "correlation_id": "d79172fc-cda7-4eab-9002-259e6093d156", "session_id": "900ad574-d2e1-4ae8-b89c-90b9e29dd71c", "timestamp": "2025-08-10T21:44:33.912179+00:00"}
{"asctime": "2025-08-10 23:44:33,912", "levelname": "INFO", "name": "AresGlobal.EnhancedTrainingManager", "message": "📂 Checkpoint loaded: step4_analyst_labeling_feature_engineering from checkpoints/BINANCE/ETHUSDT/1m/training_progress.json", "correlation_id": "d79172fc-cda7-4eab-9002-259e6093d156", "session_id": "900ad574-d2e1-4ae8-b89c-90b9e29dd71c", "timestamp": "2025-08-10T21:44:33.912771+00:00"}
{"asctime": "2025-08-10 23:44:33,912", "levelname": "INFO", "name": "AresGlobal.EnhancedTrainingManager", "message": "🔄 Resuming from checkpoint...", "correlation_id": "d79172fc-cda7-4eab-9002-259e6093d156", "session_id": "900ad574-d2e1-4ae8-b89c-90b9e29dd71c", "timestamp": "2025-08-10T21:44:33.912853+00:00"}
{"asctime": "2025-08-10 23:44:33,912", "levelname": "INFO", "name": "AresGlobal.EnhancedTrainingManager", "message": "📂 Last completed step: step4_analyst_labeling_feature_engineering", "correlation_id": "d79172fc-cda7-4eab-9002-259e6093d156", "session_id": "900ad574-d2e1-4ae8-b89c-90b9e29dd71c", "timestamp": "2025-08-10T21:44:33.912927+00:00"}
{"asctime": "2025-08-10 23:44:33,912", "levelname": "INFO", "name": "AresGlobal.EnhancedTrainingManager", "message": "====================================================================================================", "correlation_id": "d79172fc-cda7-4eab-9002-259e6093d156", "session_id": "900ad574-d2e1-4ae8-b89c-90b9e29dd71c", "timestamp": "2025-08-10T21:44:33.912985+00:00"}
{"asctime": "2025-08-10 23:44:33,913", "levelname": "INFO", "name": "AresGlobal.EnhancedTrainingManager", "message": "🚀 COMPREHENSIVE TRAINING PIPELINE START", "correlation_id": "d79172fc-cda7-4eab-9002-259e6093d156", "session_id": "900ad574-d2e1-4ae8-b89c-90b9e29dd71c", "timestamp": "2025-08-10T21:44:33.913049+00:00"}
{"asctime": "2025-08-10 23:44:33,913", "levelname": "INFO", "name": "AresGlobal.EnhancedTrainingManager", "message": "====================================================================================================", "correlation_id": "d79172fc-cda7-4eab-9002-259e6093d156", "session_id": "900ad574-d2e1-4ae8-b89c-90b9e29dd71c", "timestamp": "2025-08-10T21:44:33.913105+00:00"}
{"asctime": "2025-08-10 23:44:33,913", "levelname": "INFO", "name": "AresGlobal.EnhancedTrainingManager", "message": "📅 Started at: 2025-08-10 23:44:33", "correlation_id": "d79172fc-cda7-4eab-9002-259e6093d156", "session_id": "900ad574-d2e1-4ae8-b89c-90b9e29dd71c", "timestamp": "2025-08-10T21:44:33.913173+00:00"}
{"asctime": "2025-08-10 23:44:33,913", "levelname": "INFO", "name": "AresGlobal.EnhancedTrainingManager", "message": "🎯 Symbol: ETHUSDT", "correlation_id": "d79172fc-cda7-4eab-9002-259e6093d156", "session_id": "900ad574-d2e1-4ae8-b89c-90b9e29dd71c", "timestamp": "2025-08-10T21:44:33.913232+00:00"}
{"asctime": "2025-08-10 23:44:33,913", "levelname": "INFO", "name": "AresGlobal.EnhancedTrainingManager", "message": "🏢 Exchange: BINANCE", "correlation_id": "d79172fc-cda7-4eab-9002-259e6093d156", "session_id": "900ad574-d2e1-4ae8-b89c-90b9e29dd71c", "timestamp": "2025-08-10T21:44:33.913289+00:00"}
{"asctime": "2025-08-10 23:44:33,913", "levelname": "INFO", "name": "AresGlobal.EnhancedTrainingManager", "message": "📊 Timeframe: 1m", "correlation_id": "d79172fc-cda7-4eab-9002-259e6093d156", "session_id": "900ad574-d2e1-4ae8-b89c-90b9e29dd71c", "timestamp": "2025-08-10T21:44:33.913343+00:00"}
{"asctime": "2025-08-10 23:44:33,913", "levelname": "INFO", "name": "AresGlobal.EnhancedTrainingManager", "message": "🧠 Training Mode: Full", "correlation_id": "d79172fc-cda7-4eab-9002-259e6093d156", "session_id": "900ad574-d2e1-4ae8-b89c-90b9e29dd71c", "timestamp": "2025-08-10T21:44:33.913395+00:00"}
{"asctime": "2025-08-10 23:44:33,913", "levelname": "INFO", "name": "AresGlobal.EnhancedTrainingManager", "message": "🔧 Max Trials: 200", "correlation_id": "d79172fc-cda7-4eab-9002-259e6093d156", "session_id": "900ad574-d2e1-4ae8-b89c-90b9e29dd71c", "timestamp": "2025-08-10T21:44:33.913449+00:00"}
{"asctime": "2025-08-10 23:44:33,913", "levelname": "INFO", "name": "AresGlobal.EnhancedTrainingManager", "message": "📈 Lookback Days: 30", "correlation_id": "d79172fc-cda7-4eab-9002-259e6093d156", "session_id": "900ad574-d2e1-4ae8-b89c-90b9e29dd71c", "timestamp": "2025-08-10T21:44:33.913502+00:00"}
{"asctime": "2025-08-10 23:44:33,913", "levelname": "INFO", "name": "AresGlobal.EnhancedTrainingManager", "message": "💾 Memory Optimization: Enabled", "correlation_id": "d79172fc-cda7-4eab-9002-259e6093d156", "session_id": "900ad574-d2e1-4ae8-b89c-90b9e29dd71c", "timestamp": "2025-08-10T21:44:33.913555+00:00"}
{"asctime": "2025-08-10 23:44:33,913", "levelname": "INFO", "name": "AresGlobal.EnhancedTrainingManager", "message": "🚀 Starting from step: step4_analyst_labeling_feature_engineering", "correlation_id": "d79172fc-cda7-4eab-9002-259e6093d156", "session_id": "900ad574-d2e1-4ae8-b89c-90b9e29dd71c", "timestamp": "2025-08-10T21:44:33.913609+00:00"}
{"asctime": "2025-08-10 23:44:33,913", "levelname": "INFO", "name": "AresGlobal.EnhancedTrainingManager", "message": "====================================================================================================", "correlation_id": "d79172fc-cda7-4eab-9002-259e6093d156", "session_id": "900ad574-d2e1-4ae8-b89c-90b9e29dd71c", "timestamp": "2025-08-10T21:44:33.913674+00:00"}
{"asctime": "2025-08-10 23:44:33,913", "levelname": "INFO", "name": "AresGlobal.EnhancedTrainingManager", "message": "⏭️  Skipping Step 1: Data Collection (using pre-consolidated data)", "correlation_id": "d79172fc-cda7-4eab-9002-259e6093d156", "session_id": "900ad574-d2e1-4ae8-b89c-90b9e29dd71c", "timestamp": "2025-08-10T21:44:33.913732+00:00"}
{"asctime": "2025-08-10 23:44:33,913", "levelname": "INFO", "name": "AresGlobal.EnhancedTrainingManager", "message": "🎭 STEP 2: Market Regime Classification...", "correlation_id": "d79172fc-cda7-4eab-9002-259e6093d156", "session_id": "900ad574-d2e1-4ae8-b89c-90b9e29dd71c", "timestamp": "2025-08-10T21:44:33.913792+00:00"}
{"asctime": "2025-08-10 23:44:33,913", "levelname": "INFO", "name": "AresGlobal.EnhancedTrainingManager", "message": "   🧠 Analyzing market regimes and volatility patterns...", "correlation_id": "d79172fc-cda7-4eab-9002-259e6093d156", "session_id": "900ad574-d2e1-4ae8-b89c-90b9e29dd71c", "timestamp": "2025-08-10T21:44:33.913851+00:00"}
{"asctime": "2025-08-10 23:44:40,613", "levelname": "INFO", "name": "AresGlobal.EnhancedTrainingManager", "message": "🔍 Running validator for step2_market_regime_classification", "correlation_id": "d79172fc-cda7-4eab-9002-259e6093d156", "session_id": "900ad574-d2e1-4ae8-b89c-90b9e29dd71c", "timestamp": "2025-08-10T21:44:40.613539+00:00"}
{"asctime": "2025-08-10 23:44:40,613", "levelname": "INFO", "name": "AresGlobal.ValidatorOrchestrator", "message": "🔍 Running validator for step2_market_regime_classification", "correlation_id": "d79172fc-cda7-4eab-9002-259e6093d156", "session_id": "900ad574-d2e1-4ae8-b89c-90b9e29dd71c", "timestamp": "2025-08-10T21:44:40.613902+00:00"}
{"asctime": "2025-08-10 23:44:40,616", "levelname": "INFO", "name": "AresGlobal.Step2MarketRegimeClassificationValidator", "message": "🔍 Validating market regime classification step...", "correlation_id": "d79172fc-cda7-4eab-9002-259e6093d156", "session_id": "900ad574-d2e1-4ae8-b89c-90b9e29dd71c", "timestamp": "2025-08-10T21:44:40.616537+00:00"}
{"asctime": "2025-08-10 23:44:40,618", "levelname": "INFO", "name": "AresGlobal.Step2MarketRegimeClassificationValidator", "message": "🔧 read_parquet start path=data/training/BINANCE_ETHUSDT_regime_classification.parquet columns=regime_columns", "correlation_id": "d79172fc-cda7-4eab-9002-259e6093d156", "session_id": "900ad574-d2e1-4ae8-b89c-90b9e29dd71c", "timestamp": "2025-08-10T21:44:40.618130+00:00"}
{"asctime": "2025-08-10 23:44:40,650", "levelname": "INFO", "name": "AresGlobal.Step2MarketRegimeClassificationValidator", "message": "✅ read_parquet ok path=data/training/BINANCE_ETHUSDT_regime_classification.parquet elapsed=0.033s size=14.6KB", "correlation_id": "d79172fc-cda7-4eab-9002-259e6093d156", "session_id": "900ad574-d2e1-4ae8-b89c-90b9e29dd71c", "timestamp": "2025-08-10T21:44:40.650918+00:00"}
{"asctime": "2025-08-10 23:44:40,651", "levelname": "INFO", "name": "AresGlobal.Step2MarketRegimeClassificationValidator", "message": "✅ Regime distribution validation passed: 2 regimes", "correlation_id": "d79172fc-cda7-4eab-9002-259e6093d156", "session_id": "900ad574-d2e1-4ae8-b89c-90b9e29dd71c", "timestamp": "2025-08-10T21:44:40.651390+00:00"}
{"asctime": "2025-08-10 23:44:40,651", "levelname": "INFO", "name": "AresGlobal.Step2MarketRegimeClassificationValidator", "message": "✅ Regime transitions validation passed: 4 transition types", "correlation_id": "d79172fc-cda7-4eab-9002-259e6093d156", "session_id": "900ad574-d2e1-4ae8-b89c-90b9e29dd71c", "timestamp": "2025-08-10T21:44:40.651852+00:00"}
{"asctime": "2025-08-10 23:44:40,652", "levelname": "INFO", "name": "AresGlobal.Step2MarketRegimeClassificationValidator", "message": "✅ Market regime classification validation passed (critical checks only)", "correlation_id": "d79172fc-cda7-4eab-9002-259e6093d156", "session_id": "900ad574-d2e1-4ae8-b89c-90b9e29dd71c", "timestamp": "2025-08-10T21:44:40.652174+00:00"}
{"asctime": "2025-08-10 23:44:40,652", "levelname": "INFO", "name": "AresGlobal.ValidatorOrchestrator", "message": "✅ Validator for step2_market_regime_classification completed: True", "correlation_id": "d79172fc-cda7-4eab-9002-259e6093d156", "session_id": "900ad574-d2e1-4ae8-b89c-90b9e29dd71c", "timestamp": "2025-08-10T21:44:40.652298+00:00"}
{"asctime": "2025-08-10 23:44:40,652", "levelname": "INFO", "name": "AresGlobal.EnhancedTrainingManager", "message": "✅ step2_market_regime_classification validation passed", "correlation_id": "d79172fc-cda7-4eab-9002-259e6093d156", "session_id": "900ad574-d2e1-4ae8-b89c-90b9e29dd71c", "timestamp": "2025-08-10T21:44:40.652567+00:00"}
{"asctime": "2025-08-10 23:44:40,758", "levelname": "INFO", "name": "AresGlobal.EnhancedTrainingManager", "message": "✅ Step 2: Market Regime Classification: completed successfully in 6.74s", "correlation_id": "d79172fc-cda7-4eab-9002-259e6093d156", "session_id": "900ad574-d2e1-4ae8-b89c-90b9e29dd71c", "timestamp": "2025-08-10T21:44:40.758055+00:00"}
{"asctime": "2025-08-10 23:44:40,758", "levelname": "INFO", "name": "AresGlobal.EnhancedTrainingManager", "message": "💾 Process Memory: 369.2 MB | CPU: 0.1%", "correlation_id": "d79172fc-cda7-4eab-9002-259e6093d156", "session_id": "900ad574-d2e1-4ae8-b89c-90b9e29dd71c", "timestamp": "2025-08-10T21:44:40.758276+00:00"}
{"asctime": "2025-08-10 23:44:40,758", "levelname": "INFO", "name": "AresGlobal.EnhancedTrainingManager", "message": "🖥️ System Memory: 73.2% | Available: 4.3 GB", "correlation_id": "d79172fc-cda7-4eab-9002-259e6093d156", "session_id": "900ad574-d2e1-4ae8-b89c-90b9e29dd71c", "timestamp": "2025-08-10T21:44:40.758451+00:00"}
{"asctime": "2025-08-10 23:44:40,758", "levelname": "INFO", "name": "AresGlobal.EnhancedTrainingManager", "message": "📊 Progress: 6.2% (1/16)", "correlation_id": "d79172fc-cda7-4eab-9002-259e6093d156", "session_id": "900ad574-d2e1-4ae8-b89c-90b9e29dd71c", "timestamp": "2025-08-10T21:44:40.758597+00:00"}
{"asctime": "2025-08-10 23:44:40,759", "levelname": "INFO", "name": "AresGlobal.EnhancedTrainingManager", "message": "💾 Checkpoint saved: step2_market_regime_classification -> checkpoints/BINANCE/ETHUSDT/1m/training_progress.json", "correlation_id": "d79172fc-cda7-4eab-9002-259e6093d156", "session_id": "900ad574-d2e1-4ae8-b89c-90b9e29dd71c", "timestamp": "2025-08-10T21:44:40.759356+00:00"}
{"asctime": "2025-08-10 23:44:40,759", "levelname": "INFO", "name": "AresGlobal.EnhancedTrainingManager", "message": "📊 STEP 3: Regime Data Splitting...", "correlation_id": "d79172fc-cda7-4eab-9002-259e6093d156", "session_id": "900ad574-d2e1-4ae8-b89c-90b9e29dd71c", "timestamp": "2025-08-10T21:44:40.759520+00:00"}
{"asctime": "2025-08-10 23:44:40,759", "levelname": "INFO", "name": "AresGlobal.EnhancedTrainingManager", "message": "   📈 Splitting data by market regimes for specialized training...", "correlation_id": "d79172fc-cda7-4eab-9002-259e6093d156", "session_id": "900ad574-d2e1-4ae8-b89c-90b9e29dd71c", "timestamp": "2025-08-10T21:44:40.759628+00:00"}
{"asctime": "2025-08-10 23:45:15,113", "levelname": "INFO", "name": "AresGlobal.EnhancedTrainingManager", "message": "🔍 Running validator for step3_regime_data_splitting", "correlation_id": "d79172fc-cda7-4eab-9002-259e6093d156", "session_id": "900ad574-d2e1-4ae8-b89c-90b9e29dd71c", "timestamp": "2025-08-10T21:45:15.113163+00:00"}
{"asctime": "2025-08-10 23:45:15,113", "levelname": "INFO", "name": "AresGlobal.ValidatorOrchestrator", "message": "🔍 Running validator for step3_regime_data_splitting", "correlation_id": "d79172fc-cda7-4eab-9002-259e6093d156", "session_id": "900ad574-d2e1-4ae8-b89c-90b9e29dd71c", "timestamp": "2025-08-10T21:45:15.113632+00:00"}
{"asctime": "2025-08-10 23:45:15,114", "levelname": "INFO", "name": "AresGlobal.Step3RegimeDataSplittingValidator", "message": "🔧 BLANK MODE: Using very lenient validation parameters", "correlation_id": "d79172fc-cda7-4eab-9002-259e6093d156", "session_id": "900ad574-d2e1-4ae8-b89c-90b9e29dd71c", "timestamp": "2025-08-10T21:45:15.114741+00:00"}
{"asctime": "2025-08-10 23:45:15,114", "levelname": "INFO", "name": "AresGlobal.Step3RegimeDataSplittingValidator", "message": "🔍 Validating regime data splitting step...", "correlation_id": "d79172fc-cda7-4eab-9002-259e6093d156", "session_id": "900ad574-d2e1-4ae8-b89c-90b9e29dd71c", "timestamp": "2025-08-10T21:45:15.114841+00:00"}
{"asctime": "2025-08-10 23:45:15,114", "levelname": "INFO", "name": "AresGlobal.Step3RegimeDataSplittingValidator", "message": "✅ All split data files exist", "correlation_id": "d79172fc-cda7-4eab-9002-259e6093d156", "session_id": "900ad574-d2e1-4ae8-b89c-90b9e29dd71c", "timestamp": "2025-08-10T21:45:15.114955+00:00"}
{"asctime": "2025-08-10 23:45:15,115", "levelname": "ERROR", "name": "AresGlobal.Step3RegimeDataSplittingValidator", "message": "\u001b[91m\u001b[1m❌\u001b[0m \u001b[91m\u001b[1m❌ Error validating train data: name 'os' is not defined\u001b[0m", "correlation_id": "d79172fc-cda7-4eab-9002-259e6093d156", "session_id": "900ad574-d2e1-4ae8-b89c-90b9e29dd71c", "timestamp": "2025-08-10T21:45:15.115584+00:00"}
{"asctime": "2025-08-10 23:45:15,115", "levelname": "WARNING", "name": "AresGlobal.Step3RegimeDataSplittingValidator", "message": "⚠️ Split data quality validation failed - continuing with caution", "correlation_id": "d79172fc-cda7-4eab-9002-259e6093d156", "session_id": "900ad574-d2e1-4ae8-b89c-90b9e29dd71c", "timestamp": "2025-08-10T21:45:15.115660+00:00"}
{"asctime": "2025-08-10 23:45:15,117", "levelname": "INFO", "name": "AresGlobal.Step3RegimeDataSplittingValidator", "message": "✅ train proportion 0.799 within expected range (0.500-0.850)", "correlation_id": "d79172fc-cda7-4eab-9002-259e6093d156", "session_id": "900ad574-d2e1-4ae8-b89c-90b9e29dd71c", "timestamp": "2025-08-10T21:45:15.117777+00:00"}
{"asctime": "2025-08-10 23:45:15,117", "levelname": "INFO", "name": "AresGlobal.Step3RegimeDataSplittingValidator", "message": "✅ validation proportion 0.100 within expected range (0.050-0.250)", "correlation_id": "d79172fc-cda7-4eab-9002-259e6093d156", "session_id": "900ad574-d2e1-4ae8-b89c-90b9e29dd71c", "timestamp": "2025-08-10T21:45:15.117878+00:00"}
{"asctime": "2025-08-10 23:45:15,117", "levelname": "INFO", "name": "AresGlobal.Step3RegimeDataSplittingValidator", "message": "✅ test proportion 0.101 within expected range (0.050-0.250)", "correlation_id": "d79172fc-cda7-4eab-9002-259e6093d156", "session_id": "900ad574-d2e1-4ae8-b89c-90b9e29dd71c", "timestamp": "2025-08-10T21:45:15.117970+00:00"}
{"asctime": "2025-08-10 23:45:15,118", "levelname": "INFO", "name": "AresGlobal.Step3RegimeDataSplittingValidator", "message": "✅ Split proportions validation passed: {'train': 0.7991587802313355, 'validation': 0.09989484752891693, 'test': 0.10094637223974763}", "correlation_id": "d79172fc-cda7-4eab-9002-259e6093d156", "session_id": "900ad574-d2e1-4ae8-b89c-90b9e29dd71c", "timestamp": "2025-08-10T21:45:15.118045+00:00"}
{"asctime": "2025-08-10 23:45:15,118", "levelname": "INFO", "name": "AresGlobal.Step3RegimeDataSplittingValidator", "message": "✅ Split consistency validation passed", "correlation_id": "d79172fc-cda7-4eab-9002-259e6093d156", "session_id": "900ad574-d2e1-4ae8-b89c-90b9e29dd71c", "timestamp": "2025-08-10T21:45:15.118962+00:00"}
{"asctime": "2025-08-10 23:45:15,119", "levelname": "INFO", "name": "AresGlobal.Step3RegimeDataSplittingValidator", "message": "✅ Regime data splitting validation passed (critical checks only)", "correlation_id": "d79172fc-cda7-4eab-9002-259e6093d156", "session_id": "900ad574-d2e1-4ae8-b89c-90b9e29dd71c", "timestamp": "2025-08-10T21:45:15.119317+00:00"}
{"asctime": "2025-08-10 23:45:15,119", "levelname": "INFO", "name": "AresGlobal.ValidatorOrchestrator", "message": "✅ Validator for step3_regime_data_splitting completed: True", "correlation_id": "d79172fc-cda7-4eab-9002-259e6093d156", "session_id": "900ad574-d2e1-4ae8-b89c-90b9e29dd71c", "timestamp": "2025-08-10T21:45:15.119424+00:00"}
{"asctime": "2025-08-10 23:45:15,119", "levelname": "INFO", "name": "AresGlobal.EnhancedTrainingManager", "message": "✅ step3_regime_data_splitting validation passed", "correlation_id": "d79172fc-cda7-4eab-9002-259e6093d156", "session_id": "900ad574-d2e1-4ae8-b89c-90b9e29dd71c", "timestamp": "2025-08-10T21:45:15.119526+00:00"}
{"asctime": "2025-08-10 23:45:15,224", "levelname": "INFO", "name": "AresGlobal.EnhancedTrainingManager", "message": "✅ Step 3: Regime Data Splitting: completed successfully in 34.36s", "correlation_id": "d79172fc-cda7-4eab-9002-259e6093d156", "session_id": "900ad574-d2e1-4ae8-b89c-90b9e29dd71c", "timestamp": "2025-08-10T21:45:15.224861+00:00"}
{"asctime": "2025-08-10 23:45:15,225", "levelname": "INFO", "name": "AresGlobal.EnhancedTrainingManager", "message": "💾 Process Memory: 922.5 MB | CPU: 0.1%", "correlation_id": "d79172fc-cda7-4eab-9002-259e6093d156", "session_id": "900ad574-d2e1-4ae8-b89c-90b9e29dd71c", "timestamp": "2025-08-10T21:45:15.225064+00:00"}
{"asctime": "2025-08-10 23:45:15,225", "levelname": "INFO", "name": "AresGlobal.EnhancedTrainingManager", "message": "🖥️ System Memory: 73.3% | Available: 4.3 GB", "correlation_id": "d79172fc-cda7-4eab-9002-259e6093d156", "session_id": "900ad574-d2e1-4ae8-b89c-90b9e29dd71c", "timestamp": "2025-08-10T21:45:15.225178+00:00"}
{"asctime": "2025-08-10 23:45:15,225", "levelname": "INFO", "name": "AresGlobal.EnhancedTrainingManager", "message": "📊 Progress: 12.5% (2/16)", "correlation_id": "d79172fc-cda7-4eab-9002-259e6093d156", "session_id": "900ad574-d2e1-4ae8-b89c-90b9e29dd71c", "timestamp": "2025-08-10T21:45:15.225289+00:00"}
{"asctime": "2025-08-10 23:45:15,226", "levelname": "INFO", "name": "AresGlobal.EnhancedTrainingManager", "message": "💾 Checkpoint saved: step3_regime_data_splitting -> checkpoints/BINANCE/ETHUSDT/1m/training_progress.json", "correlation_id": "d79172fc-cda7-4eab-9002-259e6093d156", "session_id": "900ad574-d2e1-4ae8-b89c-90b9e29dd71c", "timestamp": "2025-08-10T21:45:15.226278+00:00"}
{"asctime": "2025-08-10 23:45:15,226", "levelname": "INFO", "name": "AresGlobal.EnhancedTrainingManager", "message": "🧠 STEP 4: Analyst Labeling & Feature Engineering...", "correlation_id": "d79172fc-cda7-4eab-9002-259e6093d156", "session_id": "900ad574-d2e1-4ae8-b89c-90b9e29dd71c", "timestamp": "2025-08-10T21:45:15.226423+00:00"}
{"asctime": "2025-08-10 23:45:15,284", "levelname": "INFO", "name": "AresGlobal.OptimizedTripleBarrierLabeling", "message": "🔖 Triple barrier labeling configured for binary classification (BUY/SELL only)", "correlation_id": "d79172fc-cda7-4eab-9002-259e6093d156", "session_id": "900ad574-d2e1-4ae8-b89c-90b9e29dd71c", "timestamp": "2025-08-10T21:45:15.284862+00:00"}
{"asctime": "2025-08-10 23:45:15,284", "levelname": "INFO", "name": "AresGlobal.OptimizedTripleBarrierLabeling", "message": "   → HOLD samples will be automatically filtered out", "correlation_id": "d79172fc-cda7-4eab-9002-259e6093d156", "session_id": "900ad574-d2e1-4ae8-b89c-90b9e29dd71c", "timestamp": "2025-08-10T21:45:15.284998+00:00"}
{"asctime": "2025-08-10 23:45:15,285", "levelname": "INFO", "name": "AresGlobal.OptimizedTripleBarrierLabeling", "message": "   → This addresses label imbalance issues", "correlation_id": "d79172fc-cda7-4eab-9002-259e6093d156", "session_id": "900ad574-d2e1-4ae8-b89c-90b9e29dd71c", "timestamp": "2025-08-10T21:45:15.285070+00:00"}
{"asctime": "2025-08-10 23:50:20,330", "levelname": "INFO", "name": "AresGlobal.OptimizedTripleBarrierLabeling", "message": "Applying triple barrier labeling | cols=['timestamp', 'open', 'high', 'low', 'close', 'volume', 'year', 'month', 'day', 'exchange', 'symbol', 'timeframe', 'trade_volume', 'trade_count', 'avg_price', 'min_price', 'max_price', 'volume_ratio', 'funding_rate', 'close_returns', 'open_returns', 'high_returns', 'low_returns', 'close_log', 'open_log', 'high_log', 'low_log', 'close_detrended'] shape=(257404, 28)", "correlation_id": "d79172fc-cda7-4eab-9002-259e6093d156", "session_id": "900ad574-d2e1-4ae8-b89c-90b9e29dd71c", "timestamp": "2025-08-10T21:50:20.330818+00:00"}
{"asctime": "2025-08-10 23:50:22,320", "levelname": "INFO", "name": "AresGlobal.OptimizedTripleBarrierLabeling", "message": "📊 Label distribution after filtering:", "correlation_id": "d79172fc-cda7-4eab-9002-259e6093d156", "session_id": "900ad574-d2e1-4ae8-b89c-90b9e29dd71c", "timestamp": "2025-08-10T21:50:22.320161+00:00"}
{"asctime": "2025-08-10 23:50:22,320", "levelname": "INFO", "name": "AresGlobal.OptimizedTripleBarrierLabeling", "message": "   BUY (1): 89885 samples", "correlation_id": "d79172fc-cda7-4eab-9002-259e6093d156", "session_id": "900ad574-d2e1-4ae8-b89c-90b9e29dd71c", "timestamp": "2025-08-10T21:50:22.320834+00:00"}
{"asctime": "2025-08-10 23:50:22,321", "levelname": "INFO", "name": "AresGlobal.OptimizedTripleBarrierLabeling", "message": "   SELL (-1): 167419 samples", "correlation_id": "d79172fc-cda7-4eab-9002-259e6093d156", "session_id": "900ad574-d2e1-4ae8-b89c-90b9e29dd71c", "timestamp": "2025-08-10T21:50:22.321047+00:00"}
{"asctime": "2025-08-10 23:50:22,321", "levelname": "INFO", "name": "AresGlobal.OptimizedTripleBarrierLabeling", "message": "   HOLD (0): 100 samples (removed)", "correlation_id": "d79172fc-cda7-4eab-9002-259e6093d156", "session_id": "900ad574-d2e1-4ae8-b89c-90b9e29dd71c", "timestamp": "2025-08-10T21:50:22.321134+00:00"}
{"asctime": "2025-08-10 23:50:22,321", "levelname": "INFO", "name": "AresGlobal.OptimizedTripleBarrierLabeling", "message": "   Total samples: 257304 (from 257404)", "correlation_id": "d79172fc-cda7-4eab-9002-259e6093d156", "session_id": "900ad574-d2e1-4ae8-b89c-90b9e29dd71c", "timestamp": "2025-08-10T21:50:22.321202+00:00"}
{"asctime": "2025-08-10 23:50:22,321", "levelname": "INFO", "name": "AresGlobal.OptimizedTripleBarrierLabeling", "message": "   Filtering ratio: 0.0% HOLD samples removed", "correlation_id": "d79172fc-cda7-4eab-9002-259e6093d156", "session_id": "900ad574-d2e1-4ae8-b89c-90b9e29dd71c", "timestamp": "2025-08-10T21:50:22.321825+00:00"}
{"asctime": "2025-08-10 23:50:22,331", "levelname": "INFO", "name": "AresGlobal.OptimizedTripleBarrierLabeling", "message": "", "correlation_id": "d79172fc-cda7-4eab-9002-259e6093d156", "session_id": "900ad574-d2e1-4ae8-b89c-90b9e29dd71c", "msg": "Triple-barrier labeling diagnostics", "distribution": {"-1": "167419", "1": "89885"}, "long_nextbar_agree": 0.7656, "short_nextbar_agree": 0.6374, "overall_nextbar_agree": 0.6822, "timestamp": "2025-08-10T21:50:22.331023+00:00"}
{"asctime": "2025-08-10 23:51:39,271", "levelname": "INFO", "name": "AresGlobal.MemoryEfficientDataManager", "message": "Optimized DataFrame memory usage", "correlation_id": "d79172fc-cda7-4eab-9002-259e6093d156", "session_id": "900ad574-d2e1-4ae8-b89c-90b9e29dd71c", "timestamp": "2025-08-10T21:51:39.271870+00:00"}
{"asctime": "2025-08-10 23:51:39,272", "levelname": "INFO", "name": "AresGlobal.MemoryEfficientDataManager", "message": "Optimized DataFrame memory usage", "correlation_id": "d79172fc-cda7-4eab-9002-259e6093d156", "session_id": "900ad574-d2e1-4ae8-b89c-90b9e29dd71c", "timestamp": "2025-08-10T21:51:39.272704+00:00"}
{"asctime": "2025-08-10 23:51:39,273", "levelname": "INFO", "name": "AresGlobal.MemoryEfficientDataManager", "message": "Optimized DataFrame memory usage", "correlation_id": "d79172fc-cda7-4eab-9002-259e6093d156", "session_id": "900ad574-d2e1-4ae8-b89c-90b9e29dd71c", "timestamp": "2025-08-10T21:51:39.273859+00:00"}
{"asctime": "2025-08-10 23:51:39,405", "levelname": "INFO", "name": "AresGlobal.MemoryEfficientDataManager", "message": "Optimized DataFrame memory usage", "correlation_id": "d79172fc-cda7-4eab-9002-259e6093d156", "session_id": "900ad574-d2e1-4ae8-b89c-90b9e29dd71c", "timestamp": "2025-08-10T21:51:39.405077+00:00"}
{"asctime": "2025-08-10 23:51:39,405", "levelname": "INFO", "name": "AresGlobal.MemoryEfficientDataManager", "message": "Optimized DataFrame memory usage", "correlation_id": "d79172fc-cda7-4eab-9002-259e6093d156", "session_id": "900ad574-d2e1-4ae8-b89c-90b9e29dd71c", "timestamp": "2025-08-10T21:51:39.405712+00:00"}
{"asctime": "2025-08-10 23:51:39,406", "levelname": "INFO", "name": "AresGlobal.MemoryEfficientDataManager", "message": "Optimized DataFrame memory usage", "correlation_id": "d79172fc-cda7-4eab-9002-259e6093d156", "session_id": "900ad574-d2e1-4ae8-b89c-90b9e29dd71c", "timestamp": "2025-08-10T21:51:39.406783+00:00"}
{"asctime": "2025-08-10 23:51:39,427", "levelname": "INFO", "name": "AresGlobal.MemoryEfficientDataManager", "message": "Optimized DataFrame memory usage", "correlation_id": "d79172fc-cda7-4eab-9002-259e6093d156", "session_id": "900ad574-d2e1-4ae8-b89c-90b9e29dd71c", "timestamp": "2025-08-10T21:51:39.427672+00:00"}
{"asctime": "2025-08-10 23:51:39,428", "levelname": "INFO", "name": "AresGlobal.MemoryEfficientDataManager", "message": "Optimized DataFrame memory usage", "correlation_id": "d79172fc-cda7-4eab-9002-259e6093d156", "session_id": "900ad574-d2e1-4ae8-b89c-90b9e29dd71c", "timestamp": "2025-08-10T21:51:39.428558+00:00"}
{"asctime": "2025-08-10 23:51:39,433", "levelname": "INFO", "name": "AresGlobal.MemoryEfficientDataManager", "message": "Optimized DataFrame memory usage", "correlation_id": "d79172fc-cda7-4eab-9002-259e6093d156", "session_id": "900ad574-d2e1-4ae8-b89c-90b9e29dd71c", "timestamp": "2025-08-10T21:51:39.433091+00:00"}
{"asctime": "2025-08-10 23:51:39,557", "levelname": "INFO", "name": "AresGlobal.MemoryEfficientDataManager", "message": "Optimized DataFrame memory usage", "correlation_id": "d79172fc-cda7-4eab-9002-259e6093d156", "session_id": "900ad574-d2e1-4ae8-b89c-90b9e29dd71c", "timestamp": "2025-08-10T21:51:39.557193+00:00"}
{"asctime": "2025-08-10 23:51:39,557", "levelname": "INFO", "name": "AresGlobal.MemoryEfficientDataManager", "message": "Optimized DataFrame memory usage", "correlation_id": "d79172fc-cda7-4eab-9002-259e6093d156", "session_id": "900ad574-d2e1-4ae8-b89c-90b9e29dd71c", "timestamp": "2025-08-10T21:51:39.557832+00:00"}
{"asctime": "2025-08-10 23:51:39,558", "levelname": "INFO", "name": "AresGlobal.MemoryEfficientDataManager", "message": "Optimized DataFrame memory usage", "correlation_id": "d79172fc-cda7-4eab-9002-259e6093d156", "session_id": "900ad574-d2e1-4ae8-b89c-90b9e29dd71c", "timestamp": "2025-08-10T21:51:39.558416+00:00"}
{"asctime": "2025-08-10 23:51:39,775", "levelname": "INFO", "name": "AresGlobal.EnhancedTrainingManager", "message": "💾 Checkpoint saved: step4_analyst_labeling_feature_engineering -> checkpoints/BINANCE/ETHUSDT/1m/training_progress.json", "correlation_id": "d79172fc-cda7-4eab-9002-259e6093d156", "session_id": "900ad574-d2e1-4ae8-b89c-90b9e29dd71c", "timestamp": "2025-08-10T21:51:39.775237+00:00"}
{"asctime": "2025-08-10 23:51:39,976", "levelname": "INFO", "name": "AresGlobal.EnhancedTrainingManager", "message": "🧹 Memory optimization: 1074.7 MB before cleanup", "correlation_id": "d79172fc-cda7-4eab-9002-259e6093d156", "session_id": "900ad574-d2e1-4ae8-b89c-90b9e29dd71c", "timestamp": "2025-08-10T21:51:39.976515+00:00"}
{"asctime": "2025-08-10 23:51:40,103", "levelname": "INFO", "name": "AresGlobal.EnhancedTrainingManager", "message": "🧹 Memory optimization: 1074.7 MB after cleanup (saved 0.0 MB)", "correlation_id": "d79172fc-cda7-4eab-9002-259e6093d156", "session_id": "900ad574-d2e1-4ae8-b89c-90b9e29dd71c", "timestamp": "2025-08-10T21:51:40.103510+00:00"}
{"asctime": "2025-08-10 23:51:40,103", "levelname": "INFO", "name": "AresGlobal.EnhancedTrainingManager", "message": "🔍 Running validator for step4_analyst_labeling_feature_engineering", "correlation_id": "d79172fc-cda7-4eab-9002-259e6093d156", "session_id": "900ad574-d2e1-4ae8-b89c-90b9e29dd71c", "timestamp": "2025-08-10T21:51:40.103951+00:00"}
{"asctime": "2025-08-10 23:51:40,104", "levelname": "INFO", "name": "AresGlobal.ValidatorOrchestrator", "message": "🔍 Running validator for step4_analyst_labeling_feature_engineering", "correlation_id": "d79172fc-cda7-4eab-9002-259e6093d156", "session_id": "900ad574-d2e1-4ae8-b89c-90b9e29dd71c", "timestamp": "2025-08-10T21:51:40.104102+00:00"}
{"asctime": "2025-08-10 23:51:40,107", "levelname": "INFO", "name": "AresGlobal.Step4AnalystLabelingFeatureEngineeringValidator", "message": "🔍 Validating analyst labeling and feature engineering step...", "correlation_id": "d79172fc-cda7-4eab-9002-259e6093d156", "session_id": "900ad574-d2e1-4ae8-b89c-90b9e29dd71c", "timestamp": "2025-08-10T21:51:40.107051+00:00"}
{"asctime": "2025-08-10 23:51:40,107", "levelname": "INFO", "name": "AresGlobal.Step4AnalystLabelingFeatureEngineeringValidator", "message": "🔧 read_parquet start path=data/training/BINANCE_ETHUSDT_features_train.parquet", "correlation_id": "d79172fc-cda7-4eab-9002-259e6093d156", "session_id": "900ad574-d2e1-4ae8-b89c-90b9e29dd71c", "timestamp": "2025-08-10T21:51:40.107402+00:00"}
{"asctime": "2025-08-10 23:51:40,119", "levelname": "ERROR", "name": "AresGlobal.Step4AnalystLabelingFeatureEngineeringValidator", "message": "❌ read_parquet failed path=data/training/BINANCE_ETHUSDT_features_train.parquet after 0.012s: format number 1 of \"dictionary<values=string, indices=int8, ordered=0>[pyarrow]\" is not recognized", "correlation_id": "d79172fc-cda7-4eab-9002-259e6093d156", "session_id": "900ad574-d2e1-4ae8-b89c-90b9e29dd71c", "exc_info": "Traceback (most recent call last):\n  File \"/Users/remyroche/Documents/Ares/src/utils/logger.py\", line 644, in log_io_operation\n    yield\n  File \"/Users/remyroche/Documents/Ares/src/training/steps/step4_analyst_labeling_feature_engineering_validator.py\", line 291, in _validate_feature_engineering_outputs\n    feature_data = pd.read_parquet(file_path)\n                   ^^^^^^^^^^^^^^^^^^^^^^^^^^\n  File \"/opt/homebrew/Caskroom/miniforge/base/lib/python3.12/site-packages/pandas/io/parquet.py\", line 669, in read_parquet\n    return impl.read(\n           ^^^^^^^^^^\n  File \"/opt/homebrew/Caskroom/miniforge/base/lib/python3.12/site-packages/pandas/io/parquet.py\", line 279, in read\n    result = arrow_table_to_pandas(\n             ^^^^^^^^^^^^^^^^^^^^^^\n  File \"/opt/homebrew/Caskroom/miniforge/base/lib/python3.12/site-packages/pandas/io/_util.py\", line 93, in arrow_table_to_pandas\n    df = table.to_pandas(types_mapper=types_mapper, **to_pandas_kwargs)\n         ^^^^^^^^^^^^^^^^^^^^^^^^^^^^^^^^^^^^^^^^^^^^^^^^^^^^^^^^^^^^^^\n  File \"pyarrow/array.pxi\", line 987, in pyarrow.lib._PandasConvertible.to_pandas\n  File \"pyarrow/table.pxi\", line 5174, in pyarrow.lib.Table._to_pandas\n  File \"/opt/homebrew/Caskroom/miniforge/base/lib/python3.12/site-packages/pyarrow/pandas_compat.py\", line 796, in table_to_dataframe\n    ext_columns_dtypes = _get_extension_dtypes(\n                         ^^^^^^^^^^^^^^^^^^^^^^\n  File \"/opt/homebrew/Caskroom/miniforge/base/lib/python3.12/site-packages/pyarrow/pandas_compat.py\", line 899, in _get_extension_dtypes\n    pandas_dtype = _pandas_api.pandas_dtype(dtype)\n                   ^^^^^^^^^^^^^^^^^^^^^^^^^^^^^^^\n  File \"pyarrow/pandas-shim.pxi\", line 150, in pyarrow.lib._PandasAPIShim.pandas_dtype\n  File \"pyarrow/pandas-shim.pxi\", line 153, in pyarrow.lib._PandasAPIShim.pandas_dtype\n  File \"/opt/homebrew/Caskroom/miniforge/base/lib/python3.12/site-packages/pandas/core/dtypes/common.py\", line 1663, in pandas_dtype\n    npdtype = np.dtype(dtype)\n              ^^^^^^^^^^^^^^^\n  File \"/opt/homebrew/Caskroom/miniforge/base/lib/python3.12/site-packages/numpy/_core/_internal.py\", line 171, in _commastring\n    raise ValueError(\nValueError: format number 1 of \"dictionary<values=string, indices=int8, ordered=0>[pyarrow]\" is not recognized", "timestamp": "2025-08-10T21:51:40.119791+00:00"}
{"asctime": "2025-08-10 23:51:40,126", "levelname": "INFO", "name": "AresGlobal.Step4AnalystLabelingFeatureEngineeringValidator", "message": "🔧 read_parquet start path=data/training/BINANCE_ETHUSDT_features_train.parquet", "correlation_id": "d79172fc-cda7-4eab-9002-259e6093d156", "session_id": "900ad574-d2e1-4ae8-b89c-90b9e29dd71c", "timestamp": "2025-08-10T21:51:40.126655+00:00"}
{"asctime": "2025-08-10 23:51:40,136", "levelname": "ERROR", "name": "AresGlobal.Step4AnalystLabelingFeatureEngineeringValidator", "message": "❌ read_parquet failed path=data/training/BINANCE_ETHUSDT_features_train.parquet after 0.010s: format number 1 of \"dictionary<values=string, indices=int8, ordered=0>[pyarrow]\" is not recognized", "correlation_id": "d79172fc-cda7-4eab-9002-259e6093d156", "session_id": "900ad574-d2e1-4ae8-b89c-90b9e29dd71c", "exc_info": "Traceback (most recent call last):\n  File \"/Users/remyroche/Documents/Ares/src/training/steps/step4_analyst_labeling_feature_engineering_validator.py\", line 291, in _validate_feature_engineering_outputs\n    feature_data = pd.read_parquet(file_path)\n                   ^^^^^^^^^^^^^^^^^^^^^^^^^^\n  File \"/opt/homebrew/Caskroom/miniforge/base/lib/python3.12/site-packages/pandas/io/parquet.py\", line 669, in read_parquet\n    return impl.read(\n           ^^^^^^^^^^\n  File \"/opt/homebrew/Caskroom/miniforge/base/lib/python3.12/site-packages/pandas/io/parquet.py\", line 279, in read\n    result = arrow_table_to_pandas(\n             ^^^^^^^^^^^^^^^^^^^^^^\n  File \"/opt/homebrew/Caskroom/miniforge/base/lib/python3.12/site-packages/pandas/io/_util.py\", line 93, in arrow_table_to_pandas\n    df = table.to_pandas(types_mapper=types_mapper, **to_pandas_kwargs)\n         ^^^^^^^^^^^^^^^^^^^^^^^^^^^^^^^^^^^^^^^^^^^^^^^^^^^^^^^^^^^^^^\n  File \"pyarrow/array.pxi\", line 987, in pyarrow.lib._PandasConvertible.to_pandas\n  File \"pyarrow/table.pxi\", line 5174, in pyarrow.lib.Table._to_pandas\n  File \"/opt/homebrew/Caskroom/miniforge/base/lib/python3.12/site-packages/pyarrow/pandas_compat.py\", line 796, in table_to_dataframe\n    ext_columns_dtypes = _get_extension_dtypes(\n                         ^^^^^^^^^^^^^^^^^^^^^^\n  File \"/opt/homebrew/Caskroom/miniforge/base/lib/python3.12/site-packages/pyarrow/pandas_compat.py\", line 899, in _get_extension_dtypes\n    pandas_dtype = _pandas_api.pandas_dtype(dtype)\n                   ^^^^^^^^^^^^^^^^^^^^^^^^^^^^^^^\n  File \"pyarrow/pandas-shim.pxi\", line 150, in pyarrow.lib._PandasAPIShim.pandas_dtype\n  File \"pyarrow/pandas-shim.pxi\", line 153, in pyarrow.lib._PandasAPIShim.pandas_dtype\n  File \"/opt/homebrew/Caskroom/miniforge/base/lib/python3.12/site-packages/pandas/core/dtypes/common.py\", line 1663, in pandas_dtype\n    npdtype = np.dtype(dtype)\n              ^^^^^^^^^^^^^^^\n  File \"/opt/homebrew/Caskroom/miniforge/base/lib/python3.12/site-packages/numpy/_core/_internal.py\", line 171, in _commastring\n    raise ValueError(\nValueError: format number 1 of \"dictionary<values=string, indices=int8, ordered=0>[pyarrow]\" is not recognized\n\nDuring handling of the above exception, another exception occurred:\n\nTraceback (most recent call last):\n  File \"/Users/remyroche/Documents/Ares/src/utils/logger.py\", line 644, in log_io_operation\n    yield\n  File \"/Users/remyroche/Documents/Ares/src/training/steps/step4_analyst_labeling_feature_engineering_validator.py\", line 295, in _validate_feature_engineering_outputs\n    feature_data = pd.read_parquet(file_path)\n                   ^^^^^^^^^^^^^^^^^^^^^^^^^^\n  File \"/opt/homebrew/Caskroom/miniforge/base/lib/python3.12/site-packages/pandas/io/parquet.py\", line 669, in read_parquet\n    return impl.read(\n           ^^^^^^^^^^\n  File \"/opt/homebrew/Caskroom/miniforge/base/lib/python3.12/site-packages/pandas/io/parquet.py\", line 279, in read\n    result = arrow_table_to_pandas(\n             ^^^^^^^^^^^^^^^^^^^^^^\n  File \"/opt/homebrew/Caskroom/miniforge/base/lib/python3.12/site-packages/pandas/io/_util.py\", line 93, in arrow_table_to_pandas\n    df = table.to_pandas(types_mapper=types_mapper, **to_pandas_kwargs)\n         ^^^^^^^^^^^^^^^^^^^^^^^^^^^^^^^^^^^^^^^^^^^^^^^^^^^^^^^^^^^^^^\n  File \"pyarrow/array.pxi\", line 987, in pyarrow.lib._PandasConvertible.to_pandas\n  File \"pyarrow/table.pxi\", line 5174, in pyarrow.lib.Table._to_pandas\n  File \"/opt/homebrew/Caskroom/miniforge/base/lib/python3.12/site-packages/pyarrow/pandas_compat.py\", line 796, in table_to_dataframe\n    ext_columns_dtypes = _get_extension_dtypes(\n                         ^^^^^^^^^^^^^^^^^^^^^^\n  File \"/opt/homebrew/Caskroom/miniforge/base/lib/python3.12/site-packages/pyarrow/pandas_compat.py\", line 899, in _get_extension_dtypes\n    pandas_dtype = _pandas_api.pandas_dtype(dtype)\n                   ^^^^^^^^^^^^^^^^^^^^^^^^^^^^^^^\n  File \"pyarrow/pandas-shim.pxi\", line 150, in pyarrow.lib._PandasAPIShim.pandas_dtype\n  File \"pyarrow/pandas-shim.pxi\", line 153, in pyarrow.lib._PandasAPIShim.pandas_dtype\n  File \"/opt/homebrew/Caskroom/miniforge/base/lib/python3.12/site-packages/pandas/core/dtypes/common.py\", line 1663, in pandas_dtype\n    npdtype = np.dtype(dtype)\n              ^^^^^^^^^^^^^^^\n  File \"/opt/homebrew/Caskroom/miniforge/base/lib/python3.12/site-packages/numpy/_core/_internal.py\", line 171, in _commastring\n    raise ValueError(\nValueError: format number 1 of \"dictionary<values=string, indices=int8, ordered=0>[pyarrow]\" is not recognized", "timestamp": "2025-08-10T21:51:40.136494+00:00"}
{"asctime": "2025-08-10 23:51:40,152", "levelname": "ERROR", "name": "AresGlobal.Step4AnalystLabelingFeatureEngineeringValidator", "message": "❌ Error validating feature file data/training/BINANCE_ETHUSDT_features_train.parquet: format number 1 of \"dictionary<values=string, indices=int8, ordered=0>[pyarrow]\" is not recognized - stopping process", "correlation_id": "d79172fc-cda7-4eab-9002-259e6093d156", "session_id": "900ad574-d2e1-4ae8-b89c-90b9e29dd71c", "exc_info": "Traceback (most recent call last):\n  File \"/Users/remyroche/Documents/Ares/src/training/steps/step4_analyst_labeling_feature_engineering_validator.py\", line 291, in _validate_feature_engineering_outputs\n    feature_data = pd.read_parquet(file_path)\n                   ^^^^^^^^^^^^^^^^^^^^^^^^^^\n  File \"/opt/homebrew/Caskroom/miniforge/base/lib/python3.12/site-packages/pandas/io/parquet.py\", line 669, in read_parquet\n    return impl.read(\n           ^^^^^^^^^^\n  File \"/opt/homebrew/Caskroom/miniforge/base/lib/python3.12/site-packages/pandas/io/parquet.py\", line 279, in read\n    result = arrow_table_to_pandas(\n             ^^^^^^^^^^^^^^^^^^^^^^\n  File \"/opt/homebrew/Caskroom/miniforge/base/lib/python3.12/site-packages/pandas/io/_util.py\", line 93, in arrow_table_to_pandas\n    df = table.to_pandas(types_mapper=types_mapper, **to_pandas_kwargs)\n         ^^^^^^^^^^^^^^^^^^^^^^^^^^^^^^^^^^^^^^^^^^^^^^^^^^^^^^^^^^^^^^\n  File \"pyarrow/array.pxi\", line 987, in pyarrow.lib._PandasConvertible.to_pandas\n  File \"pyarrow/table.pxi\", line 5174, in pyarrow.lib.Table._to_pandas\n  File \"/opt/homebrew/Caskroom/miniforge/base/lib/python3.12/site-packages/pyarrow/pandas_compat.py\", line 796, in table_to_dataframe\n    ext_columns_dtypes = _get_extension_dtypes(\n                         ^^^^^^^^^^^^^^^^^^^^^^\n  File \"/opt/homebrew/Caskroom/miniforge/base/lib/python3.12/site-packages/pyarrow/pandas_compat.py\", line 899, in _get_extension_dtypes\n    pandas_dtype = _pandas_api.pandas_dtype(dtype)\n                   ^^^^^^^^^^^^^^^^^^^^^^^^^^^^^^^\n  File \"pyarrow/pandas-shim.pxi\", line 150, in pyarrow.lib._PandasAPIShim.pandas_dtype\n  File \"pyarrow/pandas-shim.pxi\", line 153, in pyarrow.lib._PandasAPIShim.pandas_dtype\n  File \"/opt/homebrew/Caskroom/miniforge/base/lib/python3.12/site-packages/pandas/core/dtypes/common.py\", line 1663, in pandas_dtype\n    npdtype = np.dtype(dtype)\n              ^^^^^^^^^^^^^^^\n  File \"/opt/homebrew/Caskroom/miniforge/base/lib/python3.12/site-packages/numpy/_core/_internal.py\", line 171, in _commastring\n    raise ValueError(\nValueError: format number 1 of \"dictionary<values=string, indices=int8, ordered=0>[pyarrow]\" is not recognized\n\nDuring handling of the above exception, another exception occurred:\n\nTraceback (most recent call last):\n  File \"/Users/remyroche/Documents/Ares/src/training/steps/step4_analyst_labeling_feature_engineering_validator.py\", line 295, in _validate_feature_engineering_outputs\n    feature_data = pd.read_parquet(file_path)\n                   ^^^^^^^^^^^^^^^^^^^^^^^^^^\n  File \"/opt/homebrew/Caskroom/miniforge/base/lib/python3.12/site-packages/pandas/io/parquet.py\", line 669, in read_parquet\n    return impl.read(\n           ^^^^^^^^^^\n  File \"/opt/homebrew/Caskroom/miniforge/base/lib/python3.12/site-packages/pandas/io/parquet.py\", line 279, in read\n    result = arrow_table_to_pandas(\n             ^^^^^^^^^^^^^^^^^^^^^^\n  File \"/opt/homebrew/Caskroom/miniforge/base/lib/python3.12/site-packages/pandas/io/_util.py\", line 93, in arrow_table_to_pandas\n    df = table.to_pandas(types_mapper=types_mapper, **to_pandas_kwargs)\n         ^^^^^^^^^^^^^^^^^^^^^^^^^^^^^^^^^^^^^^^^^^^^^^^^^^^^^^^^^^^^^^\n  File \"pyarrow/array.pxi\", line 987, in pyarrow.lib._PandasConvertible.to_pandas\n  File \"pyarrow/table.pxi\", line 5174, in pyarrow.lib.Table._to_pandas\n  File \"/opt/homebrew/Caskroom/miniforge/base/lib/python3.12/site-packages/pyarrow/pandas_compat.py\", line 796, in table_to_dataframe\n    ext_columns_dtypes = _get_extension_dtypes(\n                         ^^^^^^^^^^^^^^^^^^^^^^\n  File \"/opt/homebrew/Caskroom/miniforge/base/lib/python3.12/site-packages/pyarrow/pandas_compat.py\", line 899, in _get_extension_dtypes\n    pandas_dtype = _pandas_api.pandas_dtype(dtype)\n                   ^^^^^^^^^^^^^^^^^^^^^^^^^^^^^^^\n  File \"pyarrow/pandas-shim.pxi\", line 150, in pyarrow.lib._PandasAPIShim.pandas_dtype\n  File \"pyarrow/pandas-shim.pxi\", line 153, in pyarrow.lib._PandasAPIShim.pandas_dtype\n  File \"/opt/homebrew/Caskroom/miniforge/base/lib/python3.12/site-packages/pandas/core/dtypes/common.py\", line 1663, in pandas_dtype\n    npdtype = np.dtype(dtype)\n              ^^^^^^^^^^^^^^^\n  File \"/opt/homebrew/Caskroom/miniforge/base/lib/python3.12/site-packages/numpy/_core/_internal.py\", line 171, in _commastring\n    raise ValueError(\nValueError: format number 1 of \"dictionary<values=string, indices=int8, ordered=0>[pyarrow]\" is not recognized\n\nDuring handling of the above exception, another exception occurred:\n\nTraceback (most recent call last):\n  File \"/Users/remyroche/Documents/Ares/src/training/steps/step4_analyst_labeling_feature_engineering_validator.py\", line 297, in _validate_feature_engineering_outputs\n    feature_data = pd.read_parquet(file_path)\n                   ^^^^^^^^^^^^^^^^^^^^^^^^^^\n  File \"/opt/homebrew/Caskroom/miniforge/base/lib/python3.12/site-packages/pandas/io/parquet.py\", line 669, in read_parquet\n    return impl.read(\n           ^^^^^^^^^^\n  File \"/opt/homebrew/Caskroom/miniforge/base/lib/python3.12/site-packages/pandas/io/parquet.py\", line 279, in read\n    result = arrow_table_to_pandas(\n             ^^^^^^^^^^^^^^^^^^^^^^\n  File \"/opt/homebrew/Caskroom/miniforge/base/lib/python3.12/site-packages/pandas/io/_util.py\", line 93, in arrow_table_to_pandas\n    df = table.to_pandas(types_mapper=types_mapper, **to_pandas_kwargs)\n         ^^^^^^^^^^^^^^^^^^^^^^^^^^^^^^^^^^^^^^^^^^^^^^^^^^^^^^^^^^^^^^\n  File \"pyarrow/array.pxi\", line 987, in pyarrow.lib._PandasConvertible.to_pandas\n  File \"pyarrow/table.pxi\", line 5174, in pyarrow.lib.Table._to_pandas\n  File \"/opt/homebrew/Caskroom/miniforge/base/lib/python3.12/site-packages/pyarrow/pandas_compat.py\", line 796, in table_to_dataframe\n    ext_columns_dtypes = _get_extension_dtypes(\n                         ^^^^^^^^^^^^^^^^^^^^^^\n  File \"/opt/homebrew/Caskroom/miniforge/base/lib/python3.12/site-packages/pyarrow/pandas_compat.py\", line 899, in _get_extension_dtypes\n    pandas_dtype = _pandas_api.pandas_dtype(dtype)\n                   ^^^^^^^^^^^^^^^^^^^^^^^^^^^^^^^\n  File \"pyarrow/pandas-shim.pxi\", line 150, in pyarrow.lib._PandasAPIShim.pandas_dtype\n  File \"pyarrow/pandas-shim.pxi\", line 153, in pyarrow.lib._PandasAPIShim.pandas_dtype\n  File \"/opt/homebrew/Caskroom/miniforge/base/lib/python3.12/site-packages/pandas/core/dtypes/common.py\", line 1663, in pandas_dtype\n    npdtype = np.dtype(dtype)\n              ^^^^^^^^^^^^^^^\n  File \"/opt/homebrew/Caskroom/miniforge/base/lib/python3.12/site-packages/numpy/_core/_internal.py\", line 171, in _commastring\n    raise ValueError(\nValueError: format number 1 of \"dictionary<values=string, indices=int8, ordered=0>[pyarrow]\" is not recognized", "timestamp": "2025-08-10T21:51:40.152113+00:00"}
{"asctime": "2025-08-10 23:51:40,158", "levelname": "ERROR", "name": "AresGlobal.Step4AnalystLabelingFeatureEngineeringValidator", "message": "❌ Feature engineering outputs validation failed - stopping process", "correlation_id": "d79172fc-cda7-4eab-9002-259e6093d156", "session_id": "900ad574-d2e1-4ae8-b89c-90b9e29dd71c", "timestamp": "2025-08-10T21:51:40.158959+00:00"}
{"asctime": "2025-08-10 23:51:40,159", "levelname": "INFO", "name": "AresGlobal.ValidatorOrchestrator", "message": "✅ Validator for step4_analyst_labeling_feature_engineering completed: False", "correlation_id": "d79172fc-cda7-4eab-9002-259e6093d156", "session_id": "900ad574-d2e1-4ae8-b89c-90b9e29dd71c", "timestamp": "2025-08-10T21:51:40.159167+00:00"}
{"asctime": "2025-08-10 23:51:40,159", "levelname": "ERROR", "name": "AresGlobal.ValidatorOrchestrator", "message": "❌ Validator failed for step4_analyst_labeling_feature_engineering: Step validation failed", "correlation_id": "d79172fc-cda7-4eab-9002-259e6093d156", "session_id": "900ad574-d2e1-4ae8-b89c-90b9e29dd71c", "timestamp": "2025-08-10T21:51:40.159287+00:00"}
{"asctime": "2025-08-10 23:51:40,159", "levelname": "WARNING", "name": "AresGlobal.EnhancedTrainingManager", "message": "⚠️ step4_analyst_labeling_feature_engineering validation failed: Unknown error", "correlation_id": "d79172fc-cda7-4eab-9002-259e6093d156", "session_id": "900ad574-d2e1-4ae8-b89c-90b9e29dd71c", "timestamp": "2025-08-10T21:51:40.159821+00:00"}
{"asctime": "2025-08-10 23:51:40,264", "levelname": "INFO", "name": "AresGlobal.EnhancedTrainingManager", "message": "✅ Step 4: Analyst Labeling & Feature Engineering: completed successfully in 384.93s", "correlation_id": "d79172fc-cda7-4eab-9002-259e6093d156", "session_id": "900ad574-d2e1-4ae8-b89c-90b9e29dd71c", "timestamp": "2025-08-10T21:51:40.265001+00:00"}
{"asctime": "2025-08-10 23:51:40,265", "levelname": "INFO", "name": "AresGlobal.EnhancedTrainingManager", "message": "💾 Process Memory: 1134.0 MB | CPU: 0.0%", "correlation_id": "d79172fc-cda7-4eab-9002-259e6093d156", "session_id": "900ad574-d2e1-4ae8-b89c-90b9e29dd71c", "timestamp": "2025-08-10T21:51:40.265733+00:00"}
{"asctime": "2025-08-10 23:51:40,266", "levelname": "INFO", "name": "AresGlobal.EnhancedTrainingManager", "message": "🖥️ System Memory: 71.6% | Available: 4.5 GB", "correlation_id": "d79172fc-cda7-4eab-9002-259e6093d156", "session_id": "900ad574-d2e1-4ae8-b89c-90b9e29dd71c", "timestamp": "2025-08-10T21:51:40.266305+00:00"}
{"asctime": "2025-08-10 23:51:40,266", "levelname": "INFO", "name": "AresGlobal.EnhancedTrainingManager", "message": "📊 Progress: 18.8% (3/16)", "correlation_id": "d79172fc-cda7-4eab-9002-259e6093d156", "session_id": "900ad574-d2e1-4ae8-b89c-90b9e29dd71c", "timestamp": "2025-08-10T21:51:40.266666+00:00"}
{"asctime": "2025-08-10 23:51:40,266", "levelname": "INFO", "name": "AresGlobal.EnhancedTrainingManager", "message": "🎯 STEP 5: Analyst Specialist Training...", "correlation_id": "d79172fc-cda7-4eab-9002-259e6093d156", "session_id": "900ad574-d2e1-4ae8-b89c-90b9e29dd71c", "timestamp": "2025-08-10T21:51:40.266964+00:00"}
