2025-08-07 23:02:08,850 - AresGlobal - INFO - ================================================================================
2025-08-07 23:02:08,850 - AresGlobal - INFO - üìä SESSION SUMMARY
2025-08-07 23:02:08,850 - AresGlobal - INFO - Session started: 2025-08-07 23:02:08
2025-08-07 23:02:08,850 - AresGlobal - INFO - Global log file: ares_global_20250807_230208.log
2025-08-07 23:02:08,850 - AresGlobal - INFO - This file contains ALL logs for this session
2025-08-07 23:02:08,850 - AresGlobal - INFO - ================================================================================
2025-08-07 23:02:08,850 - AresGlobal - INFO - [SYSTEM] ================================================================================
2025-08-07 23:02:08,850 - AresGlobal - INFO - [SYSTEM] üöÄ ARES LAUNCHER STARTED - Mode: INITIALIZATION
2025-08-07 23:02:08,850 - AresGlobal - INFO - [SYSTEM] Start time: 2025-08-07 23:02:08
2025-08-07 23:02:08,850 - AresGlobal - INFO - [SYSTEM] Log directory: log
2025-08-07 23:02:08,851 - AresGlobal - INFO - [SYSTEM] ================================================================================
2025-08-07 23:02:08,851 - AresGlobal.AresLauncher - INFO - ================================================================================
2025-08-07 23:02:08,851 - AresGlobal.AresLauncher - INFO - üöÄ ARES COMPREHENSIVE LAUNCHER
2025-08-07 23:02:08,851 - AresGlobal.AresLauncher - INFO - ================================================================================
2025-08-07 23:02:08,851 - AresGlobal.AresLauncher - INFO - Start time: 2025-08-07 23:02:08
2025-08-07 23:02:08,851 - AresGlobal.AresLauncher - INFO - Log directory: log
2025-08-07 23:02:08,851 - AresGlobal.AresLauncher - INFO - Log level: INFO
2025-08-07 23:02:08,851 - AresGlobal.AresLauncher - INFO - Global log file: ares_global_20250807_230208.log
2025-08-07 23:02:08,851 - AresGlobal.AresLauncher - INFO - ================================================================================
2025-08-07 23:02:08,851 - AresGlobal - INFO - [SYSTEM] ================================================================================
2025-08-07 23:02:08,851 - AresGlobal - INFO - [SYSTEM] üöÄ ARES LAUNCHER STARTED - Mode: load - Symbol: ETHUSDT - Exchange: BINANCE
2025-08-07 23:02:08,851 - AresGlobal - INFO - [SYSTEM] Start time: 2025-08-07 23:02:08
2025-08-07 23:02:08,851 - AresGlobal - INFO - [SYSTEM] Log directory: log
2025-08-07 23:02:08,851 - AresGlobal - INFO - [SYSTEM] ================================================================================
2025-08-07 23:02:08,851 - AresGlobal.AresLauncher - INFO - üîÑ Starting data loading for ETHUSDT on BINANCE
2025-08-07 23:02:08,851 - AresGlobal.AresLauncher - INFO - üì• Step 1: Downloading data...
2025-08-07 23:02:08,851 - AresGlobal.AresLauncher - INFO - üîß Running download command: /opt/homebrew/Caskroom/miniforge/base/bin/python backtesting/ares_data_downloader_optimized.py --symbol ETHUSDT --exchange BINANCE --lookback-years 2
2025-08-07 23:06:08,327 - AresGlobal.AresLauncher - INFO - üßπ Cleaning up processes...
2025-08-07 23:06:08,336 - AresGlobal.AresLauncher - INFO - ‚úÖ Cleanup completed
2025-08-07 23:06:08,842 - AresGlobal.AresLauncher - ERROR - ‚ùå Download failed: Traceback (most recent call last):
  File "/opt/homebrew/Caskroom/miniforge/base/lib/python3.12/asyncio/runners.py", line 118, in run
    return self._loop.run_until_complete(task)
           ^^^^^^^^^^^^^^^^^^^^^^^^^^^^^^^^^^^
  File "/opt/homebrew/Caskroom/miniforge/base/lib/python3.12/asyncio/base_events.py", line 691, in run_until_complete
    return future.result()
           ^^^^^^^^^^^^^^^
  File "/Users/remyroche/Documents/Ares/backtesting/ares_data_downloader_optimized.py", line 1480, in main
    success = await downloader.run_optimized_download()
              ^^^^^^^^^^^^^^^^^^^^^^^^^^^^^^^^^^^^^^^^^
  File "/Users/remyroche/Documents/Ares/backtesting/ares_data_downloader_optimized.py", line 1325, in run_optimized_download
    results = await asyncio.gather(*download_tasks, return_exceptions=True)
              ^^^^^^^^^^^^^^^^^^^^^^^^^^^^^^^^^^^^^^^^^^^^^^^^^^^^^^^^^^^^^
asyncio.exceptions.CancelledError

During handling of the above exception, another exception occurred:

Traceback (most recent call last):
  File "/Users/remyroche/Documents/Ares/backtesting/ares_data_downloader_optimized.py", line 1491, in <module>
    asyncio.run(main())
  File "/opt/homebrew/Caskroom/miniforge/base/lib/python3.12/asyncio/runners.py", line 195, in run
    return runner.run(main)
           ^^^^^^^^^^^^^^^^
  File "/opt/homebrew/Caskroom/miniforge/base/lib/python3.12/asyncio/runners.py", line 123, in run
    raise KeyboardInterrupt()
KeyboardInterrupt

2025-08-07 23:06:08,843 - AresGlobal - INFO - [SYSTEM] ================================================================================
2025-08-07 23:06:08,843 - AresGlobal - INFO - [SYSTEM] üõë ARES LAUNCHER ENDED - Exit code: 1
2025-08-07 23:06:08,843 - AresGlobal - INFO - [SYSTEM] End time: 2025-08-07 23:06:08
2025-08-07 23:06:08,844 - AresGlobal - INFO - [SYSTEM] ================================================================================
2025-08-07 23:06:08,844 - AresGlobal.AresLauncher - INFO - üßπ Cleaning up processes...
2025-08-07 23:06:08,844 - AresGlobal.AresLauncher - INFO - ‚úÖ Cleanup completed
