{"asctime": "2025-08-10 23:05:42,040", "levelname": "INFO", "name": "AresGlobal", "message": "================================================================================", "correlation_id": "-", "session_id": "-", "timestamp": "2025-08-10T21:05:42.040312+00:00"}
{"asctime": "2025-08-10 23:05:42,040", "levelname": "INFO", "name": "AresGlobal", "message": "ðŸ“Š SESSION SUMMARY", "correlation_id": "-", "session_id": "-", "timestamp": "2025-08-10T21:05:42.040440+00:00"}
{"asctime": "2025-08-10 23:05:42,040", "levelname": "INFO", "name": "AresGlobal", "message": "Session started: 2025-08-10 23:05:42", "correlation_id": "-", "session_id": "-", "timestamp": "2025-08-10T21:05:42.040531+00:00"}
{"asctime": "2025-08-10 23:05:42,040", "levelname": "INFO", "name": "AresGlobal", "message": "This file contains ALL logs for this session", "correlation_id": "-", "session_id": "-", "timestamp": "2025-08-10T21:05:42.040593+00:00"}
{"asctime": "2025-08-10 23:05:42,040", "levelname": "INFO", "name": "AresGlobal", "message": "================================================================================", "correlation_id": "-", "session_id": "-", "timestamp": "2025-08-10T21:05:42.040649+00:00"}
{"asctime": "2025-08-10 23:05:42,041", "levelname": "INFO", "name": "AresGlobal", "message": "Applied NumPy RNG unpickle compatibility shim (ModelManager)", "correlation_id": "-", "session_id": "-", "timestamp": "2025-08-10T21:05:42.041646+00:00"}
{"asctime": "2025-08-10 23:05:42,041", "levelname": "INFO", "name": "AresGlobal", "message": "[SYSTEM] ================================================================================", "correlation_id": "-", "session_id": "-", "timestamp": "2025-08-10T21:05:42.041867+00:00"}
{"asctime": "2025-08-10 23:05:42,042", "levelname": "INFO", "name": "AresGlobal", "message": "[SYSTEM] ðŸš€ ARES LAUNCHER STARTED - Mode: INITIALIZATION", "correlation_id": "-", "session_id": "-", "timestamp": "2025-08-10T21:05:42.042010+00:00"}
{"asctime": "2025-08-10 23:05:42,042", "levelname": "INFO", "name": "AresGlobal", "message": "[SYSTEM] Start time: 2025-08-10 23:05:42", "correlation_id": "-", "session_id": "-", "timestamp": "2025-08-10T21:05:42.042142+00:00"}
{"asctime": "2025-08-10 23:05:42,042", "levelname": "INFO", "name": "AresGlobal", "message": "[SYSTEM] Log directory: log", "correlation_id": "-", "session_id": "-", "timestamp": "2025-08-10T21:05:42.042261+00:00"}
{"asctime": "2025-08-10 23:05:42,042", "levelname": "INFO", "name": "AresGlobal", "message": "[SYSTEM] ================================================================================", "correlation_id": "-", "session_id": "-", "timestamp": "2025-08-10T21:05:42.042366+00:00"}
{"asctime": "2025-08-10 23:05:42,042", "levelname": "INFO", "name": "AresGlobal.AresLauncher", "message": "================================================================================", "correlation_id": "-", "session_id": "-", "timestamp": "2025-08-10T21:05:42.042420+00:00"}
{"asctime": "2025-08-10 23:05:42,042", "levelname": "INFO", "name": "AresGlobal.AresLauncher", "message": "ðŸš€ ARES COMPREHENSIVE LAUNCHER", "correlation_id": "-", "session_id": "-", "timestamp": "2025-08-10T21:05:42.042471+00:00"}
{"asctime": "2025-08-10 23:05:42,042", "levelname": "INFO", "name": "AresGlobal.AresLauncher", "message": "================================================================================", "correlation_id": "-", "session_id": "-", "timestamp": "2025-08-10T21:05:42.042529+00:00"}
{"asctime": "2025-08-10 23:05:42,042", "levelname": "INFO", "name": "AresGlobal.AresLauncher", "message": "Start time: 2025-08-10 23:05:42", "correlation_id": "-", "session_id": "-", "timestamp": "2025-08-10T21:05:42.042587+00:00"}
{"asctime": "2025-08-10 23:05:42,042", "levelname": "INFO", "name": "AresGlobal.AresLauncher", "message": "Log directory: log", "correlation_id": "-", "session_id": "-", "timestamp": "2025-08-10T21:05:42.042643+00:00"}
{"asctime": "2025-08-10 23:05:42,042", "levelname": "INFO", "name": "AresGlobal.AresLauncher", "message": "Log level: INFO", "correlation_id": "-", "session_id": "-", "timestamp": "2025-08-10T21:05:42.042696+00:00"}
{"asctime": "2025-08-10 23:05:42,042", "levelname": "INFO", "name": "AresGlobal.AresLauncher", "message": "Global log file: ares_global_20250810_230542.log", "correlation_id": "-", "session_id": "-", "timestamp": "2025-08-10T21:05:42.042769+00:00"}
{"asctime": "2025-08-10 23:05:42,042", "levelname": "INFO", "name": "AresGlobal.AresLauncher", "message": "================================================================================", "correlation_id": "-", "session_id": "-", "timestamp": "2025-08-10T21:05:42.042881+00:00"}
{"asctime": "2025-08-10 23:05:42,043", "levelname": "INFO", "name": "AresGlobal", "message": "[SYSTEM] ================================================================================", "correlation_id": "40973efa-ce86-4341-a991-e5224f563298", "session_id": "83af8ee6-ab3f-4026-aeee-21558ca751cd", "timestamp": "2025-08-10T21:05:42.043213+00:00"}
{"asctime": "2025-08-10 23:05:42,043", "levelname": "INFO", "name": "AresGlobal", "message": "[SYSTEM] ðŸš€ ARES LAUNCHER STARTED - Mode: blank - Symbol: ETHUSDT - Exchange: BINANCE", "correlation_id": "40973efa-ce86-4341-a991-e5224f563298", "session_id": "83af8ee6-ab3f-4026-aeee-21558ca751cd", "timestamp": "2025-08-10T21:05:42.043479+00:00"}
{"asctime": "2025-08-10 23:05:42,043", "levelname": "INFO", "name": "AresGlobal", "message": "[SYSTEM] Start time: 2025-08-10 23:05:42", "correlation_id": "40973efa-ce86-4341-a991-e5224f563298", "session_id": "83af8ee6-ab3f-4026-aeee-21558ca751cd", "timestamp": "2025-08-10T21:05:42.043603+00:00"}
{"asctime": "2025-08-10 23:05:42,043", "levelname": "INFO", "name": "AresGlobal", "message": "[SYSTEM] Log directory: log", "correlation_id": "40973efa-ce86-4341-a991-e5224f563298", "session_id": "83af8ee6-ab3f-4026-aeee-21558ca751cd", "timestamp": "2025-08-10T21:05:42.043774+00:00"}
{"asctime": "2025-08-10 23:05:42,043", "levelname": "INFO", "name": "AresGlobal", "message": "[SYSTEM] ================================================================================", "correlation_id": "40973efa-ce86-4341-a991-e5224f563298", "session_id": "83af8ee6-ab3f-4026-aeee-21558ca751cd", "timestamp": "2025-08-10T21:05:42.043887+00:00"}
{"asctime": "2025-08-10 23:05:42,044", "levelname": "INFO", "name": "AresGlobal.AresLauncher", "message": "ðŸš€ Running enhanced 16-step training pipeline for ETHUSDT on BINANCE", "correlation_id": "40973efa-ce86-4341-a991-e5224f563298", "session_id": "83af8ee6-ab3f-4026-aeee-21558ca751cd", "timestamp": "2025-08-10T21:05:42.044007+00:00"}
{"asctime": "2025-08-10 23:05:42,044", "levelname": "INFO", "name": "AresGlobal.AresLauncher", "message": "Starting from step: step4_analyst_labeling_feature_engineering", "correlation_id": "40973efa-ce86-4341-a991-e5224f563298", "session_id": "83af8ee6-ab3f-4026-aeee-21558ca751cd", "timestamp": "2025-08-10T21:05:42.044075+00:00"}
{"asctime": "2025-08-10 23:05:42,044", "levelname": "INFO", "name": "AresGlobal.AresLauncher", "message": "ðŸ§ª BLANK TRAINING MODE: Set BLANK_TRAINING_MODE=1 for step-based training", "correlation_id": "40973efa-ce86-4341-a991-e5224f563298", "session_id": "83af8ee6-ab3f-4026-aeee-21558ca751cd", "timestamp": "2025-08-10T21:05:42.044152+00:00"}
{"asctime": "2025-08-10 23:05:42,046", "levelname": "INFO", "name": "AresGlobal.ProgressManager", "message": "Initialized ProgressManager for ETHUSDT on BINANCE", "correlation_id": "40973efa-ce86-4341-a991-e5224f563298", "session_id": "83af8ee6-ab3f-4026-aeee-21558ca751cd", "timestamp": "2025-08-10T21:05:42.046528+00:00"}
{"asctime": "2025-08-10 23:05:42,046", "levelname": "INFO", "name": "AresGlobal.ProgressManager", "message": "Progress directory: data/training/progress/BINANCE_ETHUSDT", "correlation_id": "40973efa-ce86-4341-a991-e5224f563298", "session_id": "83af8ee6-ab3f-4026-aeee-21558ca751cd", "timestamp": "2025-08-10T21:05:42.046654+00:00"}
{"asctime": "2025-08-10 23:05:42,046", "levelname": "INFO", "name": "AresGlobal.StepOrchestrator", "message": "Initialized StepOrchestrator for ETHUSDT on BINANCE", "correlation_id": "40973efa-ce86-4341-a991-e5224f563298", "session_id": "83af8ee6-ab3f-4026-aeee-21558ca751cd", "timestamp": "2025-08-10T21:05:42.046716+00:00"}
{"asctime": "2025-08-10 23:05:42,046", "levelname": "INFO", "name": "AresGlobal.StepOrchestrator", "message": "ðŸš€ Starting execution from step: step4_analyst_labeling_feature_engineering", "correlation_id": "40973efa-ce86-4341-a991-e5224f563298", "session_id": "83af8ee6-ab3f-4026-aeee-21558ca751cd", "timestamp": "2025-08-10T21:05:42.046902+00:00"}
{"asctime": "2025-08-10 23:05:46,146", "levelname": "INFO", "name": "AresGlobal.EnhancedTrainingManager", "message": "Loaded optimization configuration", "correlation_id": "40973efa-ce86-4341-a991-e5224f563298", "session_id": "83af8ee6-ab3f-4026-aeee-21558ca751cd", "timestamp": "2025-08-10T21:05:46.146280+00:00"}
{"asctime": "2025-08-10 23:05:46,146", "levelname": "INFO", "name": "AresGlobal.EnhancedTrainingManagerOptimized", "message": "Loaded optimization configuration", "correlation_id": "40973efa-ce86-4341-a991-e5224f563298", "session_id": "83af8ee6-ab3f-4026-aeee-21558ca751cd", "timestamp": "2025-08-10T21:05:46.146558+00:00"}
{"asctime": "2025-08-10 23:05:46,146", "levelname": "INFO", "name": "AresGlobal.EnhancedTrainingManager", "message": "ðŸš€ Initializing Enhanced Training Manager...", "correlation_id": "40973efa-ce86-4341-a991-e5224f563298", "session_id": "83af8ee6-ab3f-4026-aeee-21558ca751cd", "timestamp": "2025-08-10T21:05:46.146634+00:00"}
{"asctime": "2025-08-10 23:05:46,146", "levelname": "INFO", "name": "AresGlobal.EnhancedTrainingManager", "message": "ðŸ“Š Blank training mode: False", "correlation_id": "40973efa-ce86-4341-a991-e5224f563298", "session_id": "83af8ee6-ab3f-4026-aeee-21558ca751cd", "timestamp": "2025-08-10T21:05:46.146703+00:00"}
{"asctime": "2025-08-10 23:05:46,146", "levelname": "INFO", "name": "AresGlobal.EnhancedTrainingManager", "message": "ðŸ”§ Max trials: 200", "correlation_id": "40973efa-ce86-4341-a991-e5224f563298", "session_id": "83af8ee6-ab3f-4026-aeee-21558ca751cd", "timestamp": "2025-08-10T21:05:46.146764+00:00"}
{"asctime": "2025-08-10 23:05:46,146", "levelname": "INFO", "name": "AresGlobal.EnhancedTrainingManager", "message": "ðŸ”§ N trials: 100", "correlation_id": "40973efa-ce86-4341-a991-e5224f563298", "session_id": "83af8ee6-ab3f-4026-aeee-21558ca751cd", "timestamp": "2025-08-10T21:05:46.146823+00:00"}
{"asctime": "2025-08-10 23:05:46,146", "levelname": "INFO", "name": "AresGlobal.EnhancedTrainingManager", "message": "ðŸ“ˆ Lookback days: 30", "correlation_id": "40973efa-ce86-4341-a991-e5224f563298", "session_id": "83af8ee6-ab3f-4026-aeee-21558ca751cd", "timestamp": "2025-08-10T21:05:46.146880+00:00"}
{"asctime": "2025-08-10 23:05:46,146", "levelname": "INFO", "name": "AresGlobal.EnhancedTrainingManager", "message": "ðŸš€ Computational optimization: True", "correlation_id": "40973efa-ce86-4341-a991-e5224f563298", "session_id": "83af8ee6-ab3f-4026-aeee-21558ca751cd", "timestamp": "2025-08-10T21:05:46.146938+00:00"}
{"asctime": "2025-08-10 23:05:46,147", "levelname": "INFO", "name": "AresGlobal.EnhancedTrainingManager", "message": "ðŸ“Š Resource Analysis:", "correlation_id": "40973efa-ce86-4341-a991-e5224f563298", "session_id": "83af8ee6-ab3f-4026-aeee-21558ca751cd", "timestamp": "2025-08-10T21:05:46.147028+00:00"}
{"asctime": "2025-08-10 23:05:46,147", "levelname": "INFO", "name": "AresGlobal.EnhancedTrainingManager", "message": "   ðŸ’¾ System Memory: 16.0 GB", "correlation_id": "40973efa-ce86-4341-a991-e5224f563298", "session_id": "83af8ee6-ab3f-4026-aeee-21558ca751cd", "timestamp": "2025-08-10T21:05:46.147090+00:00"}
{"asctime": "2025-08-10 23:05:46,147", "levelname": "INFO", "name": "AresGlobal.EnhancedTrainingManager", "message": "   ðŸ–¥ï¸ CPU Cores: 8", "correlation_id": "40973efa-ce86-4341-a991-e5224f563298", "session_id": "83af8ee6-ab3f-4026-aeee-21558ca751cd", "timestamp": "2025-08-10T21:05:46.147147+00:00"}
{"asctime": "2025-08-10 23:05:46,147", "levelname": "INFO", "name": "AresGlobal.EnhancedTrainingManager", "message": "   ðŸ“ˆ Estimated Memory Usage: 8.0 GB", "correlation_id": "40973efa-ce86-4341-a991-e5224f563298", "session_id": "83af8ee6-ab3f-4026-aeee-21558ca751cd", "timestamp": "2025-08-10T21:05:46.147204+00:00"}
{"asctime": "2025-08-10 23:05:46,147", "levelname": "INFO", "name": "AresGlobal.EnhancedTrainingManager", "message": "   â±ï¸ Estimated Time: 720 minutes (12.0 hours)", "correlation_id": "40973efa-ce86-4341-a991-e5224f563298", "session_id": "83af8ee6-ab3f-4026-aeee-21558ca751cd", "timestamp": "2025-08-10T21:05:46.147267+00:00"}
{"asctime": "2025-08-10 23:05:46,147", "levelname": "INFO", "name": "AresGlobal.EnhancedTrainingManager", "message": "   ðŸ¤– Models to Train: 12", "correlation_id": "40973efa-ce86-4341-a991-e5224f563298", "session_id": "83af8ee6-ab3f-4026-aeee-21558ca751cd", "timestamp": "2025-08-10T21:05:46.147324+00:00"}
{"asctime": "2025-08-10 23:05:46,147", "levelname": "INFO", "name": "AresGlobal.EnhancedTrainingManager", "message": "   ðŸ”§ Optimization Trials: 200", "correlation_id": "40973efa-ce86-4341-a991-e5224f563298", "session_id": "83af8ee6-ab3f-4026-aeee-21558ca751cd", "timestamp": "2025-08-10T21:05:46.147388+00:00"}
{"asctime": "2025-08-10 23:05:46,147", "levelname": "INFO", "name": "AresGlobal.EnhancedTrainingManager", "message": "ðŸ“‹ Step-by-Step Time Estimates:", "correlation_id": "40973efa-ce86-4341-a991-e5224f563298", "session_id": "83af8ee6-ab3f-4026-aeee-21558ca751cd", "timestamp": "2025-08-10T21:05:46.147442+00:00"}
{"asctime": "2025-08-10 23:05:46,147", "levelname": "INFO", "name": "AresGlobal.EnhancedTrainingManager", "message": "   step1_data_collection: 15 min (2.3%)", "correlation_id": "40973efa-ce86-4341-a991-e5224f563298", "session_id": "83af8ee6-ab3f-4026-aeee-21558ca751cd", "timestamp": "2025-08-10T21:05:46.147500+00:00"}
{"asctime": "2025-08-10 23:05:46,147", "levelname": "INFO", "name": "AresGlobal.EnhancedTrainingManager", "message": "   step2_market_regime_classification: 8 min (1.2%)", "correlation_id": "40973efa-ce86-4341-a991-e5224f563298", "session_id": "83af8ee6-ab3f-4026-aeee-21558ca751cd", "timestamp": "2025-08-10T21:05:46.147557+00:00"}
{"asctime": "2025-08-10 23:05:46,147", "levelname": "INFO", "name": "AresGlobal.EnhancedTrainingManager", "message": "   step3_regime_data_splitting: 5 min (0.8%)", "correlation_id": "40973efa-ce86-4341-a991-e5224f563298", "session_id": "83af8ee6-ab3f-4026-aeee-21558ca751cd", "timestamp": "2025-08-10T21:05:46.147611+00:00"}
{"asctime": "2025-08-10 23:05:46,147", "levelname": "INFO", "name": "AresGlobal.EnhancedTrainingManager", "message": "   step4_analyst_labeling_feature_engineering: 60 min (9.0%)", "correlation_id": "40973efa-ce86-4341-a991-e5224f563298", "session_id": "83af8ee6-ab3f-4026-aeee-21558ca751cd", "timestamp": "2025-08-10T21:05:46.147665+00:00"}
{"asctime": "2025-08-10 23:05:46,147", "levelname": "INFO", "name": "AresGlobal.EnhancedTrainingManager", "message": "   step5_analyst_specialist_training: 30 min (4.5%)", "correlation_id": "40973efa-ce86-4341-a991-e5224f563298", "session_id": "83af8ee6-ab3f-4026-aeee-21558ca751cd", "timestamp": "2025-08-10T21:05:46.147718+00:00"}
{"asctime": "2025-08-10 23:05:46,147", "levelname": "INFO", "name": "AresGlobal.EnhancedTrainingManager", "message": "   step6_analyst_enhancement: 25 min (3.8%)", "correlation_id": "40973efa-ce86-4341-a991-e5224f563298", "session_id": "83af8ee6-ab3f-4026-aeee-21558ca751cd", "timestamp": "2025-08-10T21:05:46.147771+00:00"}
{"asctime": "2025-08-10 23:05:46,147", "levelname": "INFO", "name": "AresGlobal.EnhancedTrainingManager", "message": "   step7_analyst_ensemble_creation: 35 min (5.3%)", "correlation_id": "40973efa-ce86-4341-a991-e5224f563298", "session_id": "83af8ee6-ab3f-4026-aeee-21558ca751cd", "timestamp": "2025-08-10T21:05:46.147823+00:00"}
{"asctime": "2025-08-10 23:05:46,147", "levelname": "INFO", "name": "AresGlobal.EnhancedTrainingManager", "message": "   step8_tactician_labeling: 15 min (2.3%)", "correlation_id": "40973efa-ce86-4341-a991-e5224f563298", "session_id": "83af8ee6-ab3f-4026-aeee-21558ca751cd", "timestamp": "2025-08-10T21:05:46.147876+00:00"}
{"asctime": "2025-08-10 23:05:46,147", "levelname": "INFO", "name": "AresGlobal.EnhancedTrainingManager", "message": "   step9_tactician_specialist_training: 30 min (4.5%)", "correlation_id": "40973efa-ce86-4341-a991-e5224f563298", "session_id": "83af8ee6-ab3f-4026-aeee-21558ca751cd", "timestamp": "2025-08-10T21:05:46.147928+00:00"}
{"asctime": "2025-08-10 23:05:46,147", "levelname": "INFO", "name": "AresGlobal.EnhancedTrainingManager", "message": "   step10_tactician_ensemble_creation: 35 min (5.3%)", "correlation_id": "40973efa-ce86-4341-a991-e5224f563298", "session_id": "83af8ee6-ab3f-4026-aeee-21558ca751cd", "timestamp": "2025-08-10T21:05:46.147988+00:00"}
{"asctime": "2025-08-10 23:05:46,148", "levelname": "INFO", "name": "AresGlobal.EnhancedTrainingManager", "message": "   step11_confidence_calibration: 10 min (1.5%)", "correlation_id": "40973efa-ce86-4341-a991-e5224f563298", "session_id": "83af8ee6-ab3f-4026-aeee-21558ca751cd", "timestamp": "2025-08-10T21:05:46.148041+00:00"}
{"asctime": "2025-08-10 23:05:46,148", "levelname": "INFO", "name": "AresGlobal.EnhancedTrainingManager", "message": "   step12_final_parameters_optimization: 240 min (36.2%)", "correlation_id": "40973efa-ce86-4341-a991-e5224f563298", "session_id": "83af8ee6-ab3f-4026-aeee-21558ca751cd", "timestamp": "2025-08-10T21:05:46.148094+00:00"}
{"asctime": "2025-08-10 23:05:46,148", "levelname": "INFO", "name": "AresGlobal.EnhancedTrainingManager", "message": "   step13_walk_forward_validation: 60 min (9.0%)", "correlation_id": "40973efa-ce86-4341-a991-e5224f563298", "session_id": "83af8ee6-ab3f-4026-aeee-21558ca751cd", "timestamp": "2025-08-10T21:05:46.148147+00:00"}
{"asctime": "2025-08-10 23:05:46,148", "levelname": "INFO", "name": "AresGlobal.EnhancedTrainingManager", "message": "   step14_monte_carlo_validation: 60 min (9.0%)", "correlation_id": "40973efa-ce86-4341-a991-e5224f563298", "session_id": "83af8ee6-ab3f-4026-aeee-21558ca751cd", "timestamp": "2025-08-10T21:05:46.148200+00:00"}
{"asctime": "2025-08-10 23:05:46,148", "levelname": "INFO", "name": "AresGlobal.EnhancedTrainingManager", "message": "   step15_ab_testing: 30 min (4.5%)", "correlation_id": "40973efa-ce86-4341-a991-e5224f563298", "session_id": "83af8ee6-ab3f-4026-aeee-21558ca751cd", "timestamp": "2025-08-10T21:05:46.148253+00:00"}
{"asctime": "2025-08-10 23:05:46,148", "levelname": "INFO", "name": "AresGlobal.EnhancedTrainingManager", "message": "   step16_saving: 5 min (0.8%)", "correlation_id": "40973efa-ce86-4341-a991-e5224f563298", "session_id": "83af8ee6-ab3f-4026-aeee-21558ca751cd", "timestamp": "2025-08-10T21:05:46.148305+00:00"}
{"asctime": "2025-08-10 23:05:46,148", "levelname": "INFO", "name": "AresGlobal.EnhancedTrainingManager", "message": "ðŸ’¡ Recommendations:", "correlation_id": "40973efa-ce86-4341-a991-e5224f563298", "session_id": "83af8ee6-ab3f-4026-aeee-21558ca751cd", "timestamp": "2025-08-10T21:05:46.148359+00:00"}
{"asctime": "2025-08-10 23:05:46,148", "levelname": "INFO", "name": "AresGlobal.EnhancedTrainingManager", "message": "   âœ… Full training mode should work well on your system", "correlation_id": "40973efa-ce86-4341-a991-e5224f563298", "session_id": "83af8ee6-ab3f-4026-aeee-21558ca751cd", "timestamp": "2025-08-10T21:05:46.148414+00:00"}
{"asctime": "2025-08-10 23:05:46,148", "levelname": "INFO", "name": "AresGlobal.EnhancedTrainingManager", "message": "ðŸš€ Initializing computational optimization components...", "correlation_id": "40973efa-ce86-4341-a991-e5224f563298", "session_id": "83af8ee6-ab3f-4026-aeee-21558ca751cd", "timestamp": "2025-08-10T21:05:46.148473+00:00"}
{"asctime": "2025-08-10 23:05:46,149", "levelname": "INFO", "name": "AresGlobal.ComputationalOptimizationManager", "message": "Computational Optimization Manager initialized", "correlation_id": "40973efa-ce86-4341-a991-e5224f563298", "session_id": "83af8ee6-ab3f-4026-aeee-21558ca751cd", "timestamp": "2025-08-10T21:05:46.149676+00:00"}
{"asctime": "2025-08-10 23:05:46,149", "levelname": "INFO", "name": "AresGlobal.EnhancedTrainingManager", "message": "âœ… Computational optimization components initialized successfully", "correlation_id": "40973efa-ce86-4341-a991-e5224f563298", "session_id": "83af8ee6-ab3f-4026-aeee-21558ca751cd", "timestamp": "2025-08-10T21:05:46.149759+00:00"}
{"asctime": "2025-08-10 23:05:46,149", "levelname": "INFO", "name": "AresGlobal.EnhancedTrainingManager", "message": "âœ… Enhanced Training Manager initialized successfully", "correlation_id": "40973efa-ce86-4341-a991-e5224f563298", "session_id": "83af8ee6-ab3f-4026-aeee-21558ca751cd", "timestamp": "2025-08-10T21:05:46.149826+00:00"}
{"asctime": "2025-08-10 23:05:46,149", "levelname": "INFO", "name": "AresGlobal.StepOrchestrator", "message": "âœ… Enhanced training manager setup successfully", "correlation_id": "40973efa-ce86-4341-a991-e5224f563298", "session_id": "83af8ee6-ab3f-4026-aeee-21558ca751cd", "timestamp": "2025-08-10T21:05:46.149888+00:00"}
{"asctime": "2025-08-10 23:05:46,149", "levelname": "INFO", "name": "AresGlobal.EnhancedTrainingManager", "message": "================================================================================", "correlation_id": "40973efa-ce86-4341-a991-e5224f563298", "session_id": "83af8ee6-ab3f-4026-aeee-21558ca751cd", "timestamp": "2025-08-10T21:05:46.149945+00:00"}
{"asctime": "2025-08-10 23:05:46,150", "levelname": "INFO", "name": "AresGlobal.EnhancedTrainingManager", "message": "ðŸš€ COMPREHENSIVE 16-STEP ENHANCED TRAINING PIPELINE START", "correlation_id": "40973efa-ce86-4341-a991-e5224f563298", "session_id": "83af8ee6-ab3f-4026-aeee-21558ca751cd", "timestamp": "2025-08-10T21:05:46.150096+00:00"}
{"asctime": "2025-08-10 23:05:46,150", "levelname": "INFO", "name": "AresGlobal.EnhancedTrainingManager", "message": "================================================================================", "correlation_id": "40973efa-ce86-4341-a991-e5224f563298", "session_id": "83af8ee6-ab3f-4026-aeee-21558ca751cd", "timestamp": "2025-08-10T21:05:46.150162+00:00"}
{"asctime": "2025-08-10 23:05:46,150", "levelname": "INFO", "name": "AresGlobal.EnhancedTrainingManager", "message": "ðŸ“… Started at: 2025-08-10 23:05:46", "correlation_id": "40973efa-ce86-4341-a991-e5224f563298", "session_id": "83af8ee6-ab3f-4026-aeee-21558ca751cd", "timestamp": "2025-08-10T21:05:46.150226+00:00"}
{"asctime": "2025-08-10 23:05:46,150", "levelname": "INFO", "name": "AresGlobal.EnhancedTrainingManager", "message": "ðŸŽ¯ Symbol: ETHUSDT", "correlation_id": "40973efa-ce86-4341-a991-e5224f563298", "session_id": "83af8ee6-ab3f-4026-aeee-21558ca751cd", "timestamp": "2025-08-10T21:05:46.150286+00:00"}
{"asctime": "2025-08-10 23:05:46,150", "levelname": "INFO", "name": "AresGlobal.EnhancedTrainingManager", "message": "ðŸ¢ Exchange: BINANCE", "correlation_id": "40973efa-ce86-4341-a991-e5224f563298", "session_id": "83af8ee6-ab3f-4026-aeee-21558ca751cd", "timestamp": "2025-08-10T21:05:46.150338+00:00"}
{"asctime": "2025-08-10 23:05:46,150", "levelname": "INFO", "name": "AresGlobal.EnhancedTrainingManager", "message": "ðŸ“Š Training Mode: N/A", "correlation_id": "40973efa-ce86-4341-a991-e5224f563298", "session_id": "83af8ee6-ab3f-4026-aeee-21558ca751cd", "timestamp": "2025-08-10T21:05:46.150392+00:00"}
{"asctime": "2025-08-10 23:05:46,150", "levelname": "INFO", "name": "AresGlobal.EnhancedTrainingManager", "message": "ðŸ“ˆ Lookback Days: 30", "correlation_id": "40973efa-ce86-4341-a991-e5224f563298", "session_id": "83af8ee6-ab3f-4026-aeee-21558ca751cd", "timestamp": "2025-08-10T21:05:46.150486+00:00"}
{"asctime": "2025-08-10 23:05:46,150", "levelname": "INFO", "name": "AresGlobal.EnhancedTrainingManager", "message": "ðŸ”§ Blank Training Mode: False", "correlation_id": "40973efa-ce86-4341-a991-e5224f563298", "session_id": "83af8ee6-ab3f-4026-aeee-21558ca751cd", "timestamp": "2025-08-10T21:05:46.150606+00:00"}
{"asctime": "2025-08-10 23:05:46,150", "levelname": "INFO", "name": "AresGlobal.EnhancedTrainingManager", "message": "ðŸ”§ Max Trials: 200", "correlation_id": "40973efa-ce86-4341-a991-e5224f563298", "session_id": "83af8ee6-ab3f-4026-aeee-21558ca751cd", "timestamp": "2025-08-10T21:05:46.150724+00:00"}
{"asctime": "2025-08-10 23:05:46,150", "levelname": "INFO", "name": "AresGlobal.EnhancedTrainingManager", "message": "ðŸ”§ N Trials: 100", "correlation_id": "40973efa-ce86-4341-a991-e5224f563298", "session_id": "83af8ee6-ab3f-4026-aeee-21558ca751cd", "timestamp": "2025-08-10T21:05:46.150795+00:00"}
{"asctime": "2025-08-10 23:05:46,150", "levelname": "INFO", "name": "AresGlobal.EnhancedTrainingManager", "message": "ðŸš€ Initializing optimized tools...", "correlation_id": "40973efa-ce86-4341-a991-e5224f563298", "session_id": "83af8ee6-ab3f-4026-aeee-21558ca751cd", "timestamp": "2025-08-10T21:05:46.150872+00:00"}
{"asctime": "2025-08-10 23:05:46,150", "levelname": "INFO", "name": "AresGlobal.EnhancedTrainingManagerOptimized", "message": "ðŸš€ Initializing Enhanced Training Manager with Optimizations...", "correlation_id": "40973efa-ce86-4341-a991-e5224f563298", "session_id": "83af8ee6-ab3f-4026-aeee-21558ca751cd", "timestamp": "2025-08-10T21:05:46.150938+00:00"}
{"asctime": "2025-08-10 23:05:46,158", "levelname": "INFO", "name": "AresGlobal.EnhancedTrainingManagerOptimized", "message": "âœ… Parallel backtester initialized with 8 workers", "correlation_id": "40973efa-ce86-4341-a991-e5224f563298", "session_id": "83af8ee6-ab3f-4026-aeee-21558ca751cd", "timestamp": "2025-08-10T21:05:46.158086+00:00"}
{"asctime": "2025-08-10 23:05:46,158", "levelname": "INFO", "name": "AresGlobal.EnhancedTrainingManagerOptimized", "message": "âœ… All optimization components initialized successfully", "correlation_id": "40973efa-ce86-4341-a991-e5224f563298", "session_id": "83af8ee6-ab3f-4026-aeee-21558ca751cd", "timestamp": "2025-08-10T21:05:46.158686+00:00"}
{"asctime": "2025-08-10 23:05:46,158", "levelname": "INFO", "name": "AresGlobal.EnhancedTrainingManager", "message": "   âœ… Optimized training manager initialized", "correlation_id": "40973efa-ce86-4341-a991-e5224f563298", "session_id": "83af8ee6-ab3f-4026-aeee-21558ca751cd", "timestamp": "2025-08-10T21:05:46.158862+00:00"}
{"asctime": "2025-08-10 23:05:46,158", "levelname": "INFO", "name": "AresGlobal.EnhancedTrainingManager", "message": "   âœ… Streaming processor initialized", "correlation_id": "40973efa-ce86-4341-a991-e5224f563298", "session_id": "83af8ee6-ab3f-4026-aeee-21558ca751cd", "timestamp": "2025-08-10T21:05:46.158965+00:00"}
{"asctime": "2025-08-10 23:05:46,159", "levelname": "INFO", "name": "AresGlobal.EnhancedTrainingManager", "message": "   âœ… Parallel backtester initialized with 8 workers", "correlation_id": "40973efa-ce86-4341-a991-e5224f563298", "session_id": "83af8ee6-ab3f-4026-aeee-21558ca751cd", "timestamp": "2025-08-10T21:05:46.159304+00:00"}
{"asctime": "2025-08-10 23:05:46,159", "levelname": "INFO", "name": "AresGlobal.EnhancedTrainingManager", "message": "   âœ… Adaptive sampler initialized", "correlation_id": "40973efa-ce86-4341-a991-e5224f563298", "session_id": "83af8ee6-ab3f-4026-aeee-21558ca751cd", "timestamp": "2025-08-10T21:05:46.159440+00:00"}
{"asctime": "2025-08-10 23:05:46,159", "levelname": "INFO", "name": "AresGlobal.EnhancedTrainingManager", "message": "   âœ… Incremental trainer initialized", "correlation_id": "40973efa-ce86-4341-a991-e5224f563298", "session_id": "83af8ee6-ab3f-4026-aeee-21558ca751cd", "timestamp": "2025-08-10T21:05:46.159518+00:00"}
{"asctime": "2025-08-10 23:05:46,159", "levelname": "INFO", "name": "AresGlobal.EnhancedTrainingManager", "message": "âœ… All optimized tools initialized successfully", "correlation_id": "40973efa-ce86-4341-a991-e5224f563298", "session_id": "83af8ee6-ab3f-4026-aeee-21558ca751cd", "timestamp": "2025-08-10T21:05:46.159607+00:00"}
{"asctime": "2025-08-10 23:05:46,160", "levelname": "INFO", "name": "AresGlobal.EnhancedTrainingManager", "message": "ðŸ“‚ Checkpoint loaded: step4_analyst_labeling_feature_engineering from checkpoints/BINANCE/ETHUSDT/1m/training_progress.json", "correlation_id": "40973efa-ce86-4341-a991-e5224f563298", "session_id": "83af8ee6-ab3f-4026-aeee-21558ca751cd", "timestamp": "2025-08-10T21:05:46.160064+00:00"}
{"asctime": "2025-08-10 23:05:46,160", "levelname": "INFO", "name": "AresGlobal.EnhancedTrainingManager", "message": "ðŸ”„ Resuming from checkpoint...", "correlation_id": "40973efa-ce86-4341-a991-e5224f563298", "session_id": "83af8ee6-ab3f-4026-aeee-21558ca751cd", "timestamp": "2025-08-10T21:05:46.160138+00:00"}
{"asctime": "2025-08-10 23:05:46,160", "levelname": "INFO", "name": "AresGlobal.EnhancedTrainingManager", "message": "ðŸ“‚ Last completed step: step4_analyst_labeling_feature_engineering", "correlation_id": "40973efa-ce86-4341-a991-e5224f563298", "session_id": "83af8ee6-ab3f-4026-aeee-21558ca751cd", "timestamp": "2025-08-10T21:05:46.160213+00:00"}
{"asctime": "2025-08-10 23:05:46,160", "levelname": "INFO", "name": "AresGlobal.EnhancedTrainingManager", "message": "====================================================================================================", "correlation_id": "40973efa-ce86-4341-a991-e5224f563298", "session_id": "83af8ee6-ab3f-4026-aeee-21558ca751cd", "timestamp": "2025-08-10T21:05:46.160271+00:00"}
{"asctime": "2025-08-10 23:05:46,160", "levelname": "INFO", "name": "AresGlobal.EnhancedTrainingManager", "message": "ðŸš€ COMPREHENSIVE TRAINING PIPELINE START", "correlation_id": "40973efa-ce86-4341-a991-e5224f563298", "session_id": "83af8ee6-ab3f-4026-aeee-21558ca751cd", "timestamp": "2025-08-10T21:05:46.160355+00:00"}
{"asctime": "2025-08-10 23:05:46,160", "levelname": "INFO", "name": "AresGlobal.EnhancedTrainingManager", "message": "====================================================================================================", "correlation_id": "40973efa-ce86-4341-a991-e5224f563298", "session_id": "83af8ee6-ab3f-4026-aeee-21558ca751cd", "timestamp": "2025-08-10T21:05:46.160410+00:00"}
{"asctime": "2025-08-10 23:05:46,160", "levelname": "INFO", "name": "AresGlobal.EnhancedTrainingManager", "message": "ðŸ“… Started at: 2025-08-10 23:05:46", "correlation_id": "40973efa-ce86-4341-a991-e5224f563298", "session_id": "83af8ee6-ab3f-4026-aeee-21558ca751cd", "timestamp": "2025-08-10T21:05:46.160476+00:00"}
{"asctime": "2025-08-10 23:05:46,160", "levelname": "INFO", "name": "AresGlobal.EnhancedTrainingManager", "message": "ðŸŽ¯ Symbol: ETHUSDT", "correlation_id": "40973efa-ce86-4341-a991-e5224f563298", "session_id": "83af8ee6-ab3f-4026-aeee-21558ca751cd", "timestamp": "2025-08-10T21:05:46.160534+00:00"}
{"asctime": "2025-08-10 23:05:46,160", "levelname": "INFO", "name": "AresGlobal.EnhancedTrainingManager", "message": "ðŸ¢ Exchange: BINANCE", "correlation_id": "40973efa-ce86-4341-a991-e5224f563298", "session_id": "83af8ee6-ab3f-4026-aeee-21558ca751cd", "timestamp": "2025-08-10T21:05:46.160592+00:00"}
{"asctime": "2025-08-10 23:05:46,160", "levelname": "INFO", "name": "AresGlobal.EnhancedTrainingManager", "message": "ðŸ“Š Timeframe: 1m", "correlation_id": "40973efa-ce86-4341-a991-e5224f563298", "session_id": "83af8ee6-ab3f-4026-aeee-21558ca751cd", "timestamp": "2025-08-10T21:05:46.160645+00:00"}
{"asctime": "2025-08-10 23:05:46,160", "levelname": "INFO", "name": "AresGlobal.EnhancedTrainingManager", "message": "ðŸ§  Training Mode: Full", "correlation_id": "40973efa-ce86-4341-a991-e5224f563298", "session_id": "83af8ee6-ab3f-4026-aeee-21558ca751cd", "timestamp": "2025-08-10T21:05:46.160700+00:00"}
{"asctime": "2025-08-10 23:05:46,160", "levelname": "INFO", "name": "AresGlobal.EnhancedTrainingManager", "message": "ðŸ”§ Max Trials: 200", "correlation_id": "40973efa-ce86-4341-a991-e5224f563298", "session_id": "83af8ee6-ab3f-4026-aeee-21558ca751cd", "timestamp": "2025-08-10T21:05:46.160753+00:00"}
{"asctime": "2025-08-10 23:05:46,160", "levelname": "INFO", "name": "AresGlobal.EnhancedTrainingManager", "message": "ðŸ“ˆ Lookback Days: 30", "correlation_id": "40973efa-ce86-4341-a991-e5224f563298", "session_id": "83af8ee6-ab3f-4026-aeee-21558ca751cd", "timestamp": "2025-08-10T21:05:46.160807+00:00"}
{"asctime": "2025-08-10 23:05:46,160", "levelname": "INFO", "name": "AresGlobal.EnhancedTrainingManager", "message": "ðŸ’¾ Memory Optimization: Enabled", "correlation_id": "40973efa-ce86-4341-a991-e5224f563298", "session_id": "83af8ee6-ab3f-4026-aeee-21558ca751cd", "timestamp": "2025-08-10T21:05:46.160866+00:00"}
{"asctime": "2025-08-10 23:05:46,160", "levelname": "INFO", "name": "AresGlobal.EnhancedTrainingManager", "message": "ðŸš€ Starting from step: step4_analyst_labeling_feature_engineering", "correlation_id": "40973efa-ce86-4341-a991-e5224f563298", "session_id": "83af8ee6-ab3f-4026-aeee-21558ca751cd", "timestamp": "2025-08-10T21:05:46.160921+00:00"}
{"asctime": "2025-08-10 23:05:46,160", "levelname": "INFO", "name": "AresGlobal.EnhancedTrainingManager", "message": "====================================================================================================", "correlation_id": "40973efa-ce86-4341-a991-e5224f563298", "session_id": "83af8ee6-ab3f-4026-aeee-21558ca751cd", "timestamp": "2025-08-10T21:05:46.160982+00:00"}
{"asctime": "2025-08-10 23:05:46,161", "levelname": "INFO", "name": "AresGlobal.EnhancedTrainingManager", "message": "â­ï¸  Skipping Step 1: Data Collection (using pre-consolidated data)", "correlation_id": "40973efa-ce86-4341-a991-e5224f563298", "session_id": "83af8ee6-ab3f-4026-aeee-21558ca751cd", "timestamp": "2025-08-10T21:05:46.161038+00:00"}
{"asctime": "2025-08-10 23:05:46,161", "levelname": "INFO", "name": "AresGlobal.EnhancedTrainingManager", "message": "ðŸŽ­ STEP 2: Market Regime Classification...", "correlation_id": "40973efa-ce86-4341-a991-e5224f563298", "session_id": "83af8ee6-ab3f-4026-aeee-21558ca751cd", "timestamp": "2025-08-10T21:05:46.161098+00:00"}
{"asctime": "2025-08-10 23:05:46,161", "levelname": "INFO", "name": "AresGlobal.EnhancedTrainingManager", "message": "   ðŸ§  Analyzing market regimes and volatility patterns...", "correlation_id": "40973efa-ce86-4341-a991-e5224f563298", "session_id": "83af8ee6-ab3f-4026-aeee-21558ca751cd", "timestamp": "2025-08-10T21:05:46.161156+00:00"}
{"asctime": "2025-08-10 23:05:50,307", "levelname": "INFO", "name": "AresGlobal.EnhancedTrainingManager", "message": "ðŸ” Running validator for step2_market_regime_classification", "correlation_id": "40973efa-ce86-4341-a991-e5224f563298", "session_id": "83af8ee6-ab3f-4026-aeee-21558ca751cd", "timestamp": "2025-08-10T21:05:50.307286+00:00"}
{"asctime": "2025-08-10 23:05:50,307", "levelname": "INFO", "name": "AresGlobal.ValidatorOrchestrator", "message": "ðŸ” Running validator for step2_market_regime_classification", "correlation_id": "40973efa-ce86-4341-a991-e5224f563298", "session_id": "83af8ee6-ab3f-4026-aeee-21558ca751cd", "timestamp": "2025-08-10T21:05:50.307406+00:00"}
{"asctime": "2025-08-10 23:05:50,308", "levelname": "INFO", "name": "AresGlobal.Step2MarketRegimeClassificationValidator", "message": "ðŸ” Validating market regime classification step...", "correlation_id": "40973efa-ce86-4341-a991-e5224f563298", "session_id": "83af8ee6-ab3f-4026-aeee-21558ca751cd", "timestamp": "2025-08-10T21:05:50.308621+00:00"}
{"asctime": "2025-08-10 23:05:50,309", "levelname": "INFO", "name": "AresGlobal.Step2MarketRegimeClassificationValidator", "message": "ðŸ”§ read_parquet start path=data/training/BINANCE_ETHUSDT_regime_classification.parquet columns=regime_columns", "correlation_id": "40973efa-ce86-4341-a991-e5224f563298", "session_id": "83af8ee6-ab3f-4026-aeee-21558ca751cd", "timestamp": "2025-08-10T21:05:50.309247+00:00"}
{"asctime": "2025-08-10 23:05:50,321", "levelname": "INFO", "name": "AresGlobal.Step2MarketRegimeClassificationValidator", "message": "âœ… read_parquet ok path=data/training/BINANCE_ETHUSDT_regime_classification.parquet elapsed=0.012s size=14.6KB", "correlation_id": "40973efa-ce86-4341-a991-e5224f563298", "session_id": "83af8ee6-ab3f-4026-aeee-21558ca751cd", "timestamp": "2025-08-10T21:05:50.321324+00:00"}
{"asctime": "2025-08-10 23:05:50,321", "levelname": "INFO", "name": "AresGlobal.Step2MarketRegimeClassificationValidator", "message": "âœ… Regime distribution validation passed: 2 regimes", "correlation_id": "40973efa-ce86-4341-a991-e5224f563298", "session_id": "83af8ee6-ab3f-4026-aeee-21558ca751cd", "timestamp": "2025-08-10T21:05:50.321669+00:00"}
{"asctime": "2025-08-10 23:05:50,321", "levelname": "INFO", "name": "AresGlobal.Step2MarketRegimeClassificationValidator", "message": "âœ… Regime transitions validation passed: 4 transition types", "correlation_id": "40973efa-ce86-4341-a991-e5224f563298", "session_id": "83af8ee6-ab3f-4026-aeee-21558ca751cd", "timestamp": "2025-08-10T21:05:50.322008+00:00"}
{"asctime": "2025-08-10 23:05:50,322", "levelname": "INFO", "name": "AresGlobal.Step2MarketRegimeClassificationValidator", "message": "âœ… Market regime classification validation passed (critical checks only)", "correlation_id": "40973efa-ce86-4341-a991-e5224f563298", "session_id": "83af8ee6-ab3f-4026-aeee-21558ca751cd", "timestamp": "2025-08-10T21:05:50.322159+00:00"}
{"asctime": "2025-08-10 23:05:50,322", "levelname": "INFO", "name": "AresGlobal.ValidatorOrchestrator", "message": "âœ… Validator for step2_market_regime_classification completed: True", "correlation_id": "40973efa-ce86-4341-a991-e5224f563298", "session_id": "83af8ee6-ab3f-4026-aeee-21558ca751cd", "timestamp": "2025-08-10T21:05:50.322281+00:00"}
{"asctime": "2025-08-10 23:05:50,322", "levelname": "INFO", "name": "AresGlobal.EnhancedTrainingManager", "message": "âœ… step2_market_regime_classification validation passed", "correlation_id": "40973efa-ce86-4341-a991-e5224f563298", "session_id": "83af8ee6-ab3f-4026-aeee-21558ca751cd", "timestamp": "2025-08-10T21:05:50.322410+00:00"}
{"asctime": "2025-08-10 23:05:50,426", "levelname": "INFO", "name": "AresGlobal.EnhancedTrainingManager", "message": "âœ… Step 2: Market Regime Classification: completed successfully in 4.16s", "correlation_id": "40973efa-ce86-4341-a991-e5224f563298", "session_id": "83af8ee6-ab3f-4026-aeee-21558ca751cd", "timestamp": "2025-08-10T21:05:50.426766+00:00"}
{"asctime": "2025-08-10 23:05:50,427", "levelname": "INFO", "name": "AresGlobal.EnhancedTrainingManager", "message": "ðŸ’¾ Process Memory: 399.5 MB | CPU: 0.2%", "correlation_id": "40973efa-ce86-4341-a991-e5224f563298", "session_id": "83af8ee6-ab3f-4026-aeee-21558ca751cd", "timestamp": "2025-08-10T21:05:50.427055+00:00"}
{"asctime": "2025-08-10 23:05:50,427", "levelname": "INFO", "name": "AresGlobal.EnhancedTrainingManager", "message": "ðŸ–¥ï¸ System Memory: 74.8% | Available: 4.0 GB", "correlation_id": "40973efa-ce86-4341-a991-e5224f563298", "session_id": "83af8ee6-ab3f-4026-aeee-21558ca751cd", "timestamp": "2025-08-10T21:05:50.427180+00:00"}
{"asctime": "2025-08-10 23:05:50,427", "levelname": "INFO", "name": "AresGlobal.EnhancedTrainingManager", "message": "ðŸ“Š Progress: 6.2% (1/16)", "correlation_id": "40973efa-ce86-4341-a991-e5224f563298", "session_id": "83af8ee6-ab3f-4026-aeee-21558ca751cd", "timestamp": "2025-08-10T21:05:50.427295+00:00"}
{"asctime": "2025-08-10 23:05:50,428", "levelname": "INFO", "name": "AresGlobal.EnhancedTrainingManager", "message": "ðŸ’¾ Checkpoint saved: step2_market_regime_classification -> checkpoints/BINANCE/ETHUSDT/1m/training_progress.json", "correlation_id": "40973efa-ce86-4341-a991-e5224f563298", "session_id": "83af8ee6-ab3f-4026-aeee-21558ca751cd", "timestamp": "2025-08-10T21:05:50.428252+00:00"}
{"asctime": "2025-08-10 23:05:50,428", "levelname": "INFO", "name": "AresGlobal.EnhancedTrainingManager", "message": "ðŸ“Š STEP 3: Regime Data Splitting...", "correlation_id": "40973efa-ce86-4341-a991-e5224f563298", "session_id": "83af8ee6-ab3f-4026-aeee-21558ca751cd", "timestamp": "2025-08-10T21:05:50.428393+00:00"}
{"asctime": "2025-08-10 23:05:50,428", "levelname": "INFO", "name": "AresGlobal.EnhancedTrainingManager", "message": "   ðŸ“ˆ Splitting data by market regimes for specialized training...", "correlation_id": "40973efa-ce86-4341-a991-e5224f563298", "session_id": "83af8ee6-ab3f-4026-aeee-21558ca751cd", "timestamp": "2025-08-10T21:05:50.428508+00:00"}
{"asctime": "2025-08-10 23:06:28,280", "levelname": "INFO", "name": "AresGlobal.EnhancedTrainingManager", "message": "ðŸ” Running validator for step3_regime_data_splitting", "correlation_id": "40973efa-ce86-4341-a991-e5224f563298", "session_id": "83af8ee6-ab3f-4026-aeee-21558ca751cd", "timestamp": "2025-08-10T21:06:28.280802+00:00"}
{"asctime": "2025-08-10 23:06:28,281", "levelname": "INFO", "name": "AresGlobal.ValidatorOrchestrator", "message": "ðŸ” Running validator for step3_regime_data_splitting", "correlation_id": "40973efa-ce86-4341-a991-e5224f563298", "session_id": "83af8ee6-ab3f-4026-aeee-21558ca751cd", "timestamp": "2025-08-10T21:06:28.281698+00:00"}
{"asctime": "2025-08-10 23:06:28,283", "levelname": "INFO", "name": "AresGlobal.Step3RegimeDataSplittingValidator", "message": "ðŸ”§ BLANK MODE: Using very lenient validation parameters", "correlation_id": "40973efa-ce86-4341-a991-e5224f563298", "session_id": "83af8ee6-ab3f-4026-aeee-21558ca751cd", "timestamp": "2025-08-10T21:06:28.283778+00:00"}
{"asctime": "2025-08-10 23:06:28,283", "levelname": "INFO", "name": "AresGlobal.Step3RegimeDataSplittingValidator", "message": "ðŸ” Validating regime data splitting step...", "correlation_id": "40973efa-ce86-4341-a991-e5224f563298", "session_id": "83af8ee6-ab3f-4026-aeee-21558ca751cd", "timestamp": "2025-08-10T21:06:28.283899+00:00"}
{"asctime": "2025-08-10 23:06:28,283", "levelname": "INFO", "name": "AresGlobal.Step3RegimeDataSplittingValidator", "message": "âœ… All split data files exist", "correlation_id": "40973efa-ce86-4341-a991-e5224f563298", "session_id": "83af8ee6-ab3f-4026-aeee-21558ca751cd", "timestamp": "2025-08-10T21:06:28.283998+00:00"}
{"asctime": "2025-08-10 23:06:28,284", "levelname": "ERROR", "name": "AresGlobal.Step3RegimeDataSplittingValidator", "message": "\u001b[91m\u001b[1mâŒ\u001b[0m \u001b[91m\u001b[1mâŒ Error validating train data: name 'os' is not defined\u001b[0m", "correlation_id": "40973efa-ce86-4341-a991-e5224f563298", "session_id": "83af8ee6-ab3f-4026-aeee-21558ca751cd", "timestamp": "2025-08-10T21:06:28.284688+00:00"}
{"asctime": "2025-08-10 23:06:28,284", "levelname": "WARNING", "name": "AresGlobal.Step3RegimeDataSplittingValidator", "message": "âš ï¸ Split data quality validation failed - continuing with caution", "correlation_id": "40973efa-ce86-4341-a991-e5224f563298", "session_id": "83af8ee6-ab3f-4026-aeee-21558ca751cd", "timestamp": "2025-08-10T21:06:28.284800+00:00"}
{"asctime": "2025-08-10 23:06:28,286", "levelname": "INFO", "name": "AresGlobal.Step3RegimeDataSplittingValidator", "message": "âœ… train proportion 0.799 within expected range (0.500-0.850)", "correlation_id": "40973efa-ce86-4341-a991-e5224f563298", "session_id": "83af8ee6-ab3f-4026-aeee-21558ca751cd", "timestamp": "2025-08-10T21:06:28.286418+00:00"}
{"asctime": "2025-08-10 23:06:28,286", "levelname": "INFO", "name": "AresGlobal.Step3RegimeDataSplittingValidator", "message": "âœ… validation proportion 0.100 within expected range (0.050-0.250)", "correlation_id": "40973efa-ce86-4341-a991-e5224f563298", "session_id": "83af8ee6-ab3f-4026-aeee-21558ca751cd", "timestamp": "2025-08-10T21:06:28.286528+00:00"}
{"asctime": "2025-08-10 23:06:28,286", "levelname": "INFO", "name": "AresGlobal.Step3RegimeDataSplittingValidator", "message": "âœ… test proportion 0.101 within expected range (0.050-0.250)", "correlation_id": "40973efa-ce86-4341-a991-e5224f563298", "session_id": "83af8ee6-ab3f-4026-aeee-21558ca751cd", "timestamp": "2025-08-10T21:06:28.286598+00:00"}
{"asctime": "2025-08-10 23:06:28,286", "levelname": "INFO", "name": "AresGlobal.Step3RegimeDataSplittingValidator", "message": "âœ… Split proportions validation passed: {'train': 0.7991587802313355, 'validation': 0.09989484752891693, 'test': 0.10094637223974763}", "correlation_id": "40973efa-ce86-4341-a991-e5224f563298", "session_id": "83af8ee6-ab3f-4026-aeee-21558ca751cd", "timestamp": "2025-08-10T21:06:28.286669+00:00"}
{"asctime": "2025-08-10 23:06:28,287", "levelname": "INFO", "name": "AresGlobal.Step3RegimeDataSplittingValidator", "message": "âœ… Split consistency validation passed", "correlation_id": "40973efa-ce86-4341-a991-e5224f563298", "session_id": "83af8ee6-ab3f-4026-aeee-21558ca751cd", "timestamp": "2025-08-10T21:06:28.287646+00:00"}
{"asctime": "2025-08-10 23:06:28,287", "levelname": "INFO", "name": "AresGlobal.Step3RegimeDataSplittingValidator", "message": "âœ… Regime data splitting validation passed (critical checks only)", "correlation_id": "40973efa-ce86-4341-a991-e5224f563298", "session_id": "83af8ee6-ab3f-4026-aeee-21558ca751cd", "timestamp": "2025-08-10T21:06:28.287762+00:00"}
{"asctime": "2025-08-10 23:06:28,287", "levelname": "INFO", "name": "AresGlobal.ValidatorOrchestrator", "message": "âœ… Validator for step3_regime_data_splitting completed: True", "correlation_id": "40973efa-ce86-4341-a991-e5224f563298", "session_id": "83af8ee6-ab3f-4026-aeee-21558ca751cd", "timestamp": "2025-08-10T21:06:28.287848+00:00"}
{"asctime": "2025-08-10 23:06:28,287", "levelname": "INFO", "name": "AresGlobal.EnhancedTrainingManager", "message": "âœ… step3_regime_data_splitting validation passed", "correlation_id": "40973efa-ce86-4341-a991-e5224f563298", "session_id": "83af8ee6-ab3f-4026-aeee-21558ca751cd", "timestamp": "2025-08-10T21:06:28.287985+00:00"}
{"asctime": "2025-08-10 23:06:28,393", "levelname": "INFO", "name": "AresGlobal.EnhancedTrainingManager", "message": "âœ… Step 3: Regime Data Splitting: completed successfully in 37.86s", "correlation_id": "40973efa-ce86-4341-a991-e5224f563298", "session_id": "83af8ee6-ab3f-4026-aeee-21558ca751cd", "timestamp": "2025-08-10T21:06:28.393574+00:00"}
{"asctime": "2025-08-10 23:06:28,394", "levelname": "INFO", "name": "AresGlobal.EnhancedTrainingManager", "message": "ðŸ’¾ Process Memory: 931.6 MB | CPU: 0.1%", "correlation_id": "40973efa-ce86-4341-a991-e5224f563298", "session_id": "83af8ee6-ab3f-4026-aeee-21558ca751cd", "timestamp": "2025-08-10T21:06:28.394255+00:00"}
{"asctime": "2025-08-10 23:06:28,394", "levelname": "INFO", "name": "AresGlobal.EnhancedTrainingManager", "message": "ðŸ–¥ï¸ System Memory: 76.1% | Available: 3.8 GB", "correlation_id": "40973efa-ce86-4341-a991-e5224f563298", "session_id": "83af8ee6-ab3f-4026-aeee-21558ca751cd", "timestamp": "2025-08-10T21:06:28.394643+00:00"}
{"asctime": "2025-08-10 23:06:28,394", "levelname": "INFO", "name": "AresGlobal.EnhancedTrainingManager", "message": "ðŸ“Š Progress: 12.5% (2/16)", "correlation_id": "40973efa-ce86-4341-a991-e5224f563298", "session_id": "83af8ee6-ab3f-4026-aeee-21558ca751cd", "timestamp": "2025-08-10T21:06:28.394871+00:00"}
{"asctime": "2025-08-10 23:06:28,396", "levelname": "INFO", "name": "AresGlobal.EnhancedTrainingManager", "message": "ðŸ’¾ Checkpoint saved: step3_regime_data_splitting -> checkpoints/BINANCE/ETHUSDT/1m/training_progress.json", "correlation_id": "40973efa-ce86-4341-a991-e5224f563298", "session_id": "83af8ee6-ab3f-4026-aeee-21558ca751cd", "timestamp": "2025-08-10T21:06:28.396055+00:00"}
{"asctime": "2025-08-10 23:06:28,396", "levelname": "INFO", "name": "AresGlobal.EnhancedTrainingManager", "message": "ðŸ§  STEP 4: Analyst Labeling & Feature Engineering...", "correlation_id": "40973efa-ce86-4341-a991-e5224f563298", "session_id": "83af8ee6-ab3f-4026-aeee-21558ca751cd", "timestamp": "2025-08-10T21:06:28.396232+00:00"}
{"asctime": "2025-08-10 23:06:28,481", "levelname": "INFO", "name": "AresGlobal.OptimizedTripleBarrierLabeling", "message": "ðŸ”– Triple barrier labeling configured for binary classification (BUY/SELL only)", "correlation_id": "40973efa-ce86-4341-a991-e5224f563298", "session_id": "83af8ee6-ab3f-4026-aeee-21558ca751cd", "timestamp": "2025-08-10T21:06:28.481730+00:00"}
{"asctime": "2025-08-10 23:06:28,481", "levelname": "INFO", "name": "AresGlobal.OptimizedTripleBarrierLabeling", "message": "   â†’ HOLD samples will be automatically filtered out", "correlation_id": "40973efa-ce86-4341-a991-e5224f563298", "session_id": "83af8ee6-ab3f-4026-aeee-21558ca751cd", "timestamp": "2025-08-10T21:06:28.481889+00:00"}
{"asctime": "2025-08-10 23:06:28,481", "levelname": "INFO", "name": "AresGlobal.OptimizedTripleBarrierLabeling", "message": "   â†’ This addresses label imbalance issues", "correlation_id": "40973efa-ce86-4341-a991-e5224f563298", "session_id": "83af8ee6-ab3f-4026-aeee-21558ca751cd", "timestamp": "2025-08-10T21:06:28.481960+00:00"}
{"asctime": "2025-08-10 23:07:24,187", "levelname": "INFO", "name": "AresGlobal.OptimizedTripleBarrierLabeling", "message": "Applying triple barrier labeling | cols=['timestamp', 'open', 'high', 'low', 'close', 'volume', 'year', 'month', 'day', 'exchange', 'symbol', 'timeframe', 'trade_volume', 'trade_count', 'avg_price', 'min_price', 'max_price', 'volume_ratio', 'funding_rate', 'close_returns', 'open_returns', 'high_returns', 'low_returns', 'close_detrended'] shape=(257443, 24)", "correlation_id": "40973efa-ce86-4341-a991-e5224f563298", "session_id": "83af8ee6-ab3f-4026-aeee-21558ca751cd", "timestamp": "2025-08-10T21:07:24.187754+00:00"}
{"asctime": "2025-08-10 23:07:25,934", "levelname": "INFO", "name": "AresGlobal.OptimizedTripleBarrierLabeling", "message": "ðŸ“Š Label distribution after filtering:", "correlation_id": "40973efa-ce86-4341-a991-e5224f563298", "session_id": "83af8ee6-ab3f-4026-aeee-21558ca751cd", "timestamp": "2025-08-10T21:07:25.934624+00:00"}
{"asctime": "2025-08-10 23:07:25,938", "levelname": "INFO", "name": "AresGlobal.OptimizedTripleBarrierLabeling", "message": "   BUY (1): 89895 samples", "correlation_id": "40973efa-ce86-4341-a991-e5224f563298", "session_id": "83af8ee6-ab3f-4026-aeee-21558ca751cd", "timestamp": "2025-08-10T21:07:25.938039+00:00"}
{"asctime": "2025-08-10 23:07:25,938", "levelname": "INFO", "name": "AresGlobal.OptimizedTripleBarrierLabeling", "message": "   SELL (-1): 167448 samples", "correlation_id": "40973efa-ce86-4341-a991-e5224f563298", "session_id": "83af8ee6-ab3f-4026-aeee-21558ca751cd", "timestamp": "2025-08-10T21:07:25.938565+00:00"}
{"asctime": "2025-08-10 23:07:25,938", "levelname": "INFO", "name": "AresGlobal.OptimizedTripleBarrierLabeling", "message": "   HOLD (0): 100 samples (removed)", "correlation_id": "40973efa-ce86-4341-a991-e5224f563298", "session_id": "83af8ee6-ab3f-4026-aeee-21558ca751cd", "timestamp": "2025-08-10T21:07:25.938694+00:00"}
{"asctime": "2025-08-10 23:07:25,938", "levelname": "INFO", "name": "AresGlobal.OptimizedTripleBarrierLabeling", "message": "   Total samples: 257343 (from 257443)", "correlation_id": "40973efa-ce86-4341-a991-e5224f563298", "session_id": "83af8ee6-ab3f-4026-aeee-21558ca751cd", "timestamp": "2025-08-10T21:07:25.938766+00:00"}
{"asctime": "2025-08-10 23:07:25,938", "levelname": "INFO", "name": "AresGlobal.OptimizedTripleBarrierLabeling", "message": "   Filtering ratio: 0.0% HOLD samples removed", "correlation_id": "40973efa-ce86-4341-a991-e5224f563298", "session_id": "83af8ee6-ab3f-4026-aeee-21558ca751cd", "timestamp": "2025-08-10T21:07:25.938842+00:00"}
{"asctime": "2025-08-10 23:07:25,950", "levelname": "INFO", "name": "AresGlobal.OptimizedTripleBarrierLabeling", "message": "", "correlation_id": "40973efa-ce86-4341-a991-e5224f563298", "session_id": "83af8ee6-ab3f-4026-aeee-21558ca751cd", "msg": "Triple-barrier labeling diagnostics", "distribution": {"-1": "167448", "1": "89895"}, "long_nextbar_agree": 0.7656, "short_nextbar_agree": 0.6374, "overall_nextbar_agree": 0.6822, "timestamp": "2025-08-10T21:07:25.950866+00:00"}
{"asctime": "2025-08-10 23:11:51,897", "levelname": "INFO", "name": "AresGlobal.MemoryEfficientDataManager", "message": "Optimized DataFrame memory usage", "correlation_id": "40973efa-ce86-4341-a991-e5224f563298", "session_id": "83af8ee6-ab3f-4026-aeee-21558ca751cd", "timestamp": "2025-08-10T21:11:51.897281+00:00"}
{"asctime": "2025-08-10 23:11:51,899", "levelname": "INFO", "name": "AresGlobal.MemoryEfficientDataManager", "message": "Optimized DataFrame memory usage", "correlation_id": "40973efa-ce86-4341-a991-e5224f563298", "session_id": "83af8ee6-ab3f-4026-aeee-21558ca751cd", "timestamp": "2025-08-10T21:11:51.899032+00:00"}
{"asctime": "2025-08-10 23:11:51,899", "levelname": "INFO", "name": "AresGlobal.MemoryEfficientDataManager", "message": "Optimized DataFrame memory usage", "correlation_id": "40973efa-ce86-4341-a991-e5224f563298", "session_id": "83af8ee6-ab3f-4026-aeee-21558ca751cd", "timestamp": "2025-08-10T21:11:51.899697+00:00"}
{"asctime": "2025-08-10 23:11:52,023", "levelname": "INFO", "name": "AresGlobal.MemoryEfficientDataManager", "message": "Optimized DataFrame memory usage", "correlation_id": "40973efa-ce86-4341-a991-e5224f563298", "session_id": "83af8ee6-ab3f-4026-aeee-21558ca751cd", "timestamp": "2025-08-10T21:11:52.023343+00:00"}
{"asctime": "2025-08-10 23:11:52,024", "levelname": "INFO", "name": "AresGlobal.MemoryEfficientDataManager", "message": "Optimized DataFrame memory usage", "correlation_id": "40973efa-ce86-4341-a991-e5224f563298", "session_id": "83af8ee6-ab3f-4026-aeee-21558ca751cd", "timestamp": "2025-08-10T21:11:52.024277+00:00"}
{"asctime": "2025-08-10 23:11:52,024", "levelname": "INFO", "name": "AresGlobal.MemoryEfficientDataManager", "message": "Optimized DataFrame memory usage", "correlation_id": "40973efa-ce86-4341-a991-e5224f563298", "session_id": "83af8ee6-ab3f-4026-aeee-21558ca751cd", "timestamp": "2025-08-10T21:11:52.024939+00:00"}
{"asctime": "2025-08-10 23:11:52,044", "levelname": "INFO", "name": "AresGlobal.MemoryEfficientDataManager", "message": "Optimized DataFrame memory usage", "correlation_id": "40973efa-ce86-4341-a991-e5224f563298", "session_id": "83af8ee6-ab3f-4026-aeee-21558ca751cd", "timestamp": "2025-08-10T21:11:52.044430+00:00"}
{"asctime": "2025-08-10 23:11:52,045", "levelname": "INFO", "name": "AresGlobal.MemoryEfficientDataManager", "message": "Optimized DataFrame memory usage", "correlation_id": "40973efa-ce86-4341-a991-e5224f563298", "session_id": "83af8ee6-ab3f-4026-aeee-21558ca751cd", "timestamp": "2025-08-10T21:11:52.045597+00:00"}
{"asctime": "2025-08-10 23:11:52,046", "levelname": "INFO", "name": "AresGlobal.MemoryEfficientDataManager", "message": "Optimized DataFrame memory usage", "correlation_id": "40973efa-ce86-4341-a991-e5224f563298", "session_id": "83af8ee6-ab3f-4026-aeee-21558ca751cd", "timestamp": "2025-08-10T21:11:52.046530+00:00"}
{"asctime": "2025-08-10 23:11:52,163", "levelname": "INFO", "name": "AresGlobal.MemoryEfficientDataManager", "message": "Optimized DataFrame memory usage", "correlation_id": "40973efa-ce86-4341-a991-e5224f563298", "session_id": "83af8ee6-ab3f-4026-aeee-21558ca751cd", "timestamp": "2025-08-10T21:11:52.163897+00:00"}
{"asctime": "2025-08-10 23:11:52,164", "levelname": "INFO", "name": "AresGlobal.MemoryEfficientDataManager", "message": "Optimized DataFrame memory usage", "correlation_id": "40973efa-ce86-4341-a991-e5224f563298", "session_id": "83af8ee6-ab3f-4026-aeee-21558ca751cd", "timestamp": "2025-08-10T21:11:52.164635+00:00"}
{"asctime": "2025-08-10 23:11:52,165", "levelname": "INFO", "name": "AresGlobal.MemoryEfficientDataManager", "message": "Optimized DataFrame memory usage", "correlation_id": "40973efa-ce86-4341-a991-e5224f563298", "session_id": "83af8ee6-ab3f-4026-aeee-21558ca751cd", "timestamp": "2025-08-10T21:11:52.165209+00:00"}
{"asctime": "2025-08-10 23:11:52,333", "levelname": "INFO", "name": "AresGlobal.EnhancedTrainingManager", "message": "ðŸ’¾ Checkpoint saved: step4_analyst_labeling_feature_engineering -> checkpoints/BINANCE/ETHUSDT/1m/training_progress.json", "correlation_id": "40973efa-ce86-4341-a991-e5224f563298", "session_id": "83af8ee6-ab3f-4026-aeee-21558ca751cd", "timestamp": "2025-08-10T21:11:52.333493+00:00"}
{"asctime": "2025-08-10 23:11:52,476", "levelname": "INFO", "name": "AresGlobal.EnhancedTrainingManager", "message": "ðŸ§¹ Memory optimization: 1151.3 MB before cleanup", "correlation_id": "40973efa-ce86-4341-a991-e5224f563298", "session_id": "83af8ee6-ab3f-4026-aeee-21558ca751cd", "timestamp": "2025-08-10T21:11:52.476548+00:00"}
{"asctime": "2025-08-10 23:11:52,562", "levelname": "INFO", "name": "AresGlobal.EnhancedTrainingManager", "message": "ðŸ§¹ Memory optimization: 1151.3 MB after cleanup (saved 0.0 MB)", "correlation_id": "40973efa-ce86-4341-a991-e5224f563298", "session_id": "83af8ee6-ab3f-4026-aeee-21558ca751cd", "timestamp": "2025-08-10T21:11:52.562805+00:00"}
{"asctime": "2025-08-10 23:11:52,562", "levelname": "INFO", "name": "AresGlobal.EnhancedTrainingManager", "message": "ðŸ” Running validator for step4_analyst_labeling_feature_engineering", "correlation_id": "40973efa-ce86-4341-a991-e5224f563298", "session_id": "83af8ee6-ab3f-4026-aeee-21558ca751cd", "timestamp": "2025-08-10T21:11:52.562999+00:00"}
{"asctime": "2025-08-10 23:11:52,563", "levelname": "INFO", "name": "AresGlobal.ValidatorOrchestrator", "message": "ðŸ” Running validator for step4_analyst_labeling_feature_engineering", "correlation_id": "40973efa-ce86-4341-a991-e5224f563298", "session_id": "83af8ee6-ab3f-4026-aeee-21558ca751cd", "timestamp": "2025-08-10T21:11:52.563116+00:00"}
{"asctime": "2025-08-10 23:11:52,569", "levelname": "INFO", "name": "AresGlobal.Step4AnalystLabelingFeatureEngineeringValidator", "message": "ðŸ” Validating analyst labeling and feature engineering step...", "correlation_id": "40973efa-ce86-4341-a991-e5224f563298", "session_id": "83af8ee6-ab3f-4026-aeee-21558ca751cd", "timestamp": "2025-08-10T21:11:52.569355+00:00"}
{"asctime": "2025-08-10 23:11:52,569", "levelname": "INFO", "name": "AresGlobal.Step4AnalystLabelingFeatureEngineeringValidator", "message": "ðŸ”§ read_parquet start path=data/training/BINANCE_ETHUSDT_features_train.parquet", "correlation_id": "40973efa-ce86-4341-a991-e5224f563298", "session_id": "83af8ee6-ab3f-4026-aeee-21558ca751cd", "timestamp": "2025-08-10T21:11:52.569706+00:00"}
{"asctime": "2025-08-10 23:11:52,579", "levelname": "ERROR", "name": "AresGlobal.Step4AnalystLabelingFeatureEngineeringValidator", "message": "âŒ read_parquet failed path=data/training/BINANCE_ETHUSDT_features_train.parquet after 0.010s: format number 1 of \"dictionary<values=string, indices=int8, ordered=0>[pyarrow]\" is not recognized", "correlation_id": "40973efa-ce86-4341-a991-e5224f563298", "session_id": "83af8ee6-ab3f-4026-aeee-21558ca751cd", "exc_info": "Traceback (most recent call last):\n  File \"/Users/remyroche/Documents/Ares/src/utils/logger.py\", line 644, in log_io_operation\n    yield\n  File \"/Users/remyroche/Documents/Ares/src/training/steps/step4_analyst_labeling_feature_engineering_validator.py\", line 291, in _validate_feature_engineering_outputs\n    feature_data = pd.read_parquet(file_path)\n                   ^^^^^^^^^^^^^^^^^^^^^^^^^^\n  File \"/opt/homebrew/Caskroom/miniforge/base/lib/python3.12/site-packages/pandas/io/parquet.py\", line 669, in read_parquet\n    return impl.read(\n           ^^^^^^^^^^\n  File \"/opt/homebrew/Caskroom/miniforge/base/lib/python3.12/site-packages/pandas/io/parquet.py\", line 279, in read\n    result = arrow_table_to_pandas(\n             ^^^^^^^^^^^^^^^^^^^^^^\n  File \"/opt/homebrew/Caskroom/miniforge/base/lib/python3.12/site-packages/pandas/io/_util.py\", line 93, in arrow_table_to_pandas\n    df = table.to_pandas(types_mapper=types_mapper, **to_pandas_kwargs)\n         ^^^^^^^^^^^^^^^^^^^^^^^^^^^^^^^^^^^^^^^^^^^^^^^^^^^^^^^^^^^^^^\n  File \"pyarrow/array.pxi\", line 987, in pyarrow.lib._PandasConvertible.to_pandas\n  File \"pyarrow/table.pxi\", line 5174, in pyarrow.lib.Table._to_pandas\n  File \"/opt/homebrew/Caskroom/miniforge/base/lib/python3.12/site-packages/pyarrow/pandas_compat.py\", line 796, in table_to_dataframe\n    ext_columns_dtypes = _get_extension_dtypes(\n                         ^^^^^^^^^^^^^^^^^^^^^^\n  File \"/opt/homebrew/Caskroom/miniforge/base/lib/python3.12/site-packages/pyarrow/pandas_compat.py\", line 899, in _get_extension_dtypes\n    pandas_dtype = _pandas_api.pandas_dtype(dtype)\n                   ^^^^^^^^^^^^^^^^^^^^^^^^^^^^^^^\n  File \"pyarrow/pandas-shim.pxi\", line 150, in pyarrow.lib._PandasAPIShim.pandas_dtype\n  File \"pyarrow/pandas-shim.pxi\", line 153, in pyarrow.lib._PandasAPIShim.pandas_dtype\n  File \"/opt/homebrew/Caskroom/miniforge/base/lib/python3.12/site-packages/pandas/core/dtypes/common.py\", line 1663, in pandas_dtype\n    npdtype = np.dtype(dtype)\n              ^^^^^^^^^^^^^^^\n  File \"/opt/homebrew/Caskroom/miniforge/base/lib/python3.12/site-packages/numpy/_core/_internal.py\", line 171, in _commastring\n    raise ValueError(\nValueError: format number 1 of \"dictionary<values=string, indices=int8, ordered=0>[pyarrow]\" is not recognized", "timestamp": "2025-08-10T21:11:52.579284+00:00"}
{"asctime": "2025-08-10 23:11:52,583", "levelname": "INFO", "name": "AresGlobal.Step4AnalystLabelingFeatureEngineeringValidator", "message": "ðŸ”§ read_parquet start path=data/training/BINANCE_ETHUSDT_features_train.parquet", "correlation_id": "40973efa-ce86-4341-a991-e5224f563298", "session_id": "83af8ee6-ab3f-4026-aeee-21558ca751cd", "timestamp": "2025-08-10T21:11:52.583877+00:00"}
{"asctime": "2025-08-10 23:11:52,592", "levelname": "ERROR", "name": "AresGlobal.Step4AnalystLabelingFeatureEngineeringValidator", "message": "âŒ read_parquet failed path=data/training/BINANCE_ETHUSDT_features_train.parquet after 0.008s: format number 1 of \"dictionary<values=string, indices=int8, ordered=0>[pyarrow]\" is not recognized", "correlation_id": "40973efa-ce86-4341-a991-e5224f563298", "session_id": "83af8ee6-ab3f-4026-aeee-21558ca751cd", "exc_info": "Traceback (most recent call last):\n  File \"/Users/remyroche/Documents/Ares/src/training/steps/step4_analyst_labeling_feature_engineering_validator.py\", line 291, in _validate_feature_engineering_outputs\n    feature_data = pd.read_parquet(file_path)\n                   ^^^^^^^^^^^^^^^^^^^^^^^^^^\n  File \"/opt/homebrew/Caskroom/miniforge/base/lib/python3.12/site-packages/pandas/io/parquet.py\", line 669, in read_parquet\n    return impl.read(\n           ^^^^^^^^^^\n  File \"/opt/homebrew/Caskroom/miniforge/base/lib/python3.12/site-packages/pandas/io/parquet.py\", line 279, in read\n    result = arrow_table_to_pandas(\n             ^^^^^^^^^^^^^^^^^^^^^^\n  File \"/opt/homebrew/Caskroom/miniforge/base/lib/python3.12/site-packages/pandas/io/_util.py\", line 93, in arrow_table_to_pandas\n    df = table.to_pandas(types_mapper=types_mapper, **to_pandas_kwargs)\n         ^^^^^^^^^^^^^^^^^^^^^^^^^^^^^^^^^^^^^^^^^^^^^^^^^^^^^^^^^^^^^^\n  File \"pyarrow/array.pxi\", line 987, in pyarrow.lib._PandasConvertible.to_pandas\n  File \"pyarrow/table.pxi\", line 5174, in pyarrow.lib.Table._to_pandas\n  File \"/opt/homebrew/Caskroom/miniforge/base/lib/python3.12/site-packages/pyarrow/pandas_compat.py\", line 796, in table_to_dataframe\n    ext_columns_dtypes = _get_extension_dtypes(\n                         ^^^^^^^^^^^^^^^^^^^^^^\n  File \"/opt/homebrew/Caskroom/miniforge/base/lib/python3.12/site-packages/pyarrow/pandas_compat.py\", line 899, in _get_extension_dtypes\n    pandas_dtype = _pandas_api.pandas_dtype(dtype)\n                   ^^^^^^^^^^^^^^^^^^^^^^^^^^^^^^^\n  File \"pyarrow/pandas-shim.pxi\", line 150, in pyarrow.lib._PandasAPIShim.pandas_dtype\n  File \"pyarrow/pandas-shim.pxi\", line 153, in pyarrow.lib._PandasAPIShim.pandas_dtype\n  File \"/opt/homebrew/Caskroom/miniforge/base/lib/python3.12/site-packages/pandas/core/dtypes/common.py\", line 1663, in pandas_dtype\n    npdtype = np.dtype(dtype)\n              ^^^^^^^^^^^^^^^\n  File \"/opt/homebrew/Caskroom/miniforge/base/lib/python3.12/site-packages/numpy/_core/_internal.py\", line 171, in _commastring\n    raise ValueError(\nValueError: format number 1 of \"dictionary<values=string, indices=int8, ordered=0>[pyarrow]\" is not recognized\n\nDuring handling of the above exception, another exception occurred:\n\nTraceback (most recent call last):\n  File \"/Users/remyroche/Documents/Ares/src/utils/logger.py\", line 644, in log_io_operation\n    yield\n  File \"/Users/remyroche/Documents/Ares/src/training/steps/step4_analyst_labeling_feature_engineering_validator.py\", line 295, in _validate_feature_engineering_outputs\n    feature_data = pd.read_parquet(file_path)\n                   ^^^^^^^^^^^^^^^^^^^^^^^^^^\n  File \"/opt/homebrew/Caskroom/miniforge/base/lib/python3.12/site-packages/pandas/io/parquet.py\", line 669, in read_parquet\n    return impl.read(\n           ^^^^^^^^^^\n  File \"/opt/homebrew/Caskroom/miniforge/base/lib/python3.12/site-packages/pandas/io/parquet.py\", line 279, in read\n    result = arrow_table_to_pandas(\n             ^^^^^^^^^^^^^^^^^^^^^^\n  File \"/opt/homebrew/Caskroom/miniforge/base/lib/python3.12/site-packages/pandas/io/_util.py\", line 93, in arrow_table_to_pandas\n    df = table.to_pandas(types_mapper=types_mapper, **to_pandas_kwargs)\n         ^^^^^^^^^^^^^^^^^^^^^^^^^^^^^^^^^^^^^^^^^^^^^^^^^^^^^^^^^^^^^^\n  File \"pyarrow/array.pxi\", line 987, in pyarrow.lib._PandasConvertible.to_pandas\n  File \"pyarrow/table.pxi\", line 5174, in pyarrow.lib.Table._to_pandas\n  File \"/opt/homebrew/Caskroom/miniforge/base/lib/python3.12/site-packages/pyarrow/pandas_compat.py\", line 796, in table_to_dataframe\n    ext_columns_dtypes = _get_extension_dtypes(\n                         ^^^^^^^^^^^^^^^^^^^^^^\n  File \"/opt/homebrew/Caskroom/miniforge/base/lib/python3.12/site-packages/pyarrow/pandas_compat.py\", line 899, in _get_extension_dtypes\n    pandas_dtype = _pandas_api.pandas_dtype(dtype)\n                   ^^^^^^^^^^^^^^^^^^^^^^^^^^^^^^^\n  File \"pyarrow/pandas-shim.pxi\", line 150, in pyarrow.lib._PandasAPIShim.pandas_dtype\n  File \"pyarrow/pandas-shim.pxi\", line 153, in pyarrow.lib._PandasAPIShim.pandas_dtype\n  File \"/opt/homebrew/Caskroom/miniforge/base/lib/python3.12/site-packages/pandas/core/dtypes/common.py\", line 1663, in pandas_dtype\n    npdtype = np.dtype(dtype)\n              ^^^^^^^^^^^^^^^\n  File \"/opt/homebrew/Caskroom/miniforge/base/lib/python3.12/site-packages/numpy/_core/_internal.py\", line 171, in _commastring\n    raise ValueError(\nValueError: format number 1 of \"dictionary<values=string, indices=int8, ordered=0>[pyarrow]\" is not recognized", "timestamp": "2025-08-10T21:11:52.592022+00:00"}
{"asctime": "2025-08-10 23:11:52,606", "levelname": "ERROR", "name": "AresGlobal.Step4AnalystLabelingFeatureEngineeringValidator", "message": "âŒ Error validating feature file data/training/BINANCE_ETHUSDT_features_train.parquet: format number 1 of \"dictionary<values=string, indices=int8, ordered=0>[pyarrow]\" is not recognized - stopping process", "correlation_id": "40973efa-ce86-4341-a991-e5224f563298", "session_id": "83af8ee6-ab3f-4026-aeee-21558ca751cd", "exc_info": "Traceback (most recent call last):\n  File \"/Users/remyroche/Documents/Ares/src/training/steps/step4_analyst_labeling_feature_engineering_validator.py\", line 291, in _validate_feature_engineering_outputs\n    feature_data = pd.read_parquet(file_path)\n                   ^^^^^^^^^^^^^^^^^^^^^^^^^^\n  File \"/opt/homebrew/Caskroom/miniforge/base/lib/python3.12/site-packages/pandas/io/parquet.py\", line 669, in read_parquet\n    return impl.read(\n           ^^^^^^^^^^\n  File \"/opt/homebrew/Caskroom/miniforge/base/lib/python3.12/site-packages/pandas/io/parquet.py\", line 279, in read\n    result = arrow_table_to_pandas(\n             ^^^^^^^^^^^^^^^^^^^^^^\n  File \"/opt/homebrew/Caskroom/miniforge/base/lib/python3.12/site-packages/pandas/io/_util.py\", line 93, in arrow_table_to_pandas\n    df = table.to_pandas(types_mapper=types_mapper, **to_pandas_kwargs)\n         ^^^^^^^^^^^^^^^^^^^^^^^^^^^^^^^^^^^^^^^^^^^^^^^^^^^^^^^^^^^^^^\n  File \"pyarrow/array.pxi\", line 987, in pyarrow.lib._PandasConvertible.to_pandas\n  File \"pyarrow/table.pxi\", line 5174, in pyarrow.lib.Table._to_pandas\n  File \"/opt/homebrew/Caskroom/miniforge/base/lib/python3.12/site-packages/pyarrow/pandas_compat.py\", line 796, in table_to_dataframe\n    ext_columns_dtypes = _get_extension_dtypes(\n                         ^^^^^^^^^^^^^^^^^^^^^^\n  File \"/opt/homebrew/Caskroom/miniforge/base/lib/python3.12/site-packages/pyarrow/pandas_compat.py\", line 899, in _get_extension_dtypes\n    pandas_dtype = _pandas_api.pandas_dtype(dtype)\n                   ^^^^^^^^^^^^^^^^^^^^^^^^^^^^^^^\n  File \"pyarrow/pandas-shim.pxi\", line 150, in pyarrow.lib._PandasAPIShim.pandas_dtype\n  File \"pyarrow/pandas-shim.pxi\", line 153, in pyarrow.lib._PandasAPIShim.pandas_dtype\n  File \"/opt/homebrew/Caskroom/miniforge/base/lib/python3.12/site-packages/pandas/core/dtypes/common.py\", line 1663, in pandas_dtype\n    npdtype = np.dtype(dtype)\n              ^^^^^^^^^^^^^^^\n  File \"/opt/homebrew/Caskroom/miniforge/base/lib/python3.12/site-packages/numpy/_core/_internal.py\", line 171, in _commastring\n    raise ValueError(\nValueError: format number 1 of \"dictionary<values=string, indices=int8, ordered=0>[pyarrow]\" is not recognized\n\nDuring handling of the above exception, another exception occurred:\n\nTraceback (most recent call last):\n  File \"/Users/remyroche/Documents/Ares/src/training/steps/step4_analyst_labeling_feature_engineering_validator.py\", line 295, in _validate_feature_engineering_outputs\n    feature_data = pd.read_parquet(file_path)\n                   ^^^^^^^^^^^^^^^^^^^^^^^^^^\n  File \"/opt/homebrew/Caskroom/miniforge/base/lib/python3.12/site-packages/pandas/io/parquet.py\", line 669, in read_parquet\n    return impl.read(\n           ^^^^^^^^^^\n  File \"/opt/homebrew/Caskroom/miniforge/base/lib/python3.12/site-packages/pandas/io/parquet.py\", line 279, in read\n    result = arrow_table_to_pandas(\n             ^^^^^^^^^^^^^^^^^^^^^^\n  File \"/opt/homebrew/Caskroom/miniforge/base/lib/python3.12/site-packages/pandas/io/_util.py\", line 93, in arrow_table_to_pandas\n    df = table.to_pandas(types_mapper=types_mapper, **to_pandas_kwargs)\n         ^^^^^^^^^^^^^^^^^^^^^^^^^^^^^^^^^^^^^^^^^^^^^^^^^^^^^^^^^^^^^^\n  File \"pyarrow/array.pxi\", line 987, in pyarrow.lib._PandasConvertible.to_pandas\n  File \"pyarrow/table.pxi\", line 5174, in pyarrow.lib.Table._to_pandas\n  File \"/opt/homebrew/Caskroom/miniforge/base/lib/python3.12/site-packages/pyarrow/pandas_compat.py\", line 796, in table_to_dataframe\n    ext_columns_dtypes = _get_extension_dtypes(\n                         ^^^^^^^^^^^^^^^^^^^^^^\n  File \"/opt/homebrew/Caskroom/miniforge/base/lib/python3.12/site-packages/pyarrow/pandas_compat.py\", line 899, in _get_extension_dtypes\n    pandas_dtype = _pandas_api.pandas_dtype(dtype)\n                   ^^^^^^^^^^^^^^^^^^^^^^^^^^^^^^^\n  File \"pyarrow/pandas-shim.pxi\", line 150, in pyarrow.lib._PandasAPIShim.pandas_dtype\n  File \"pyarrow/pandas-shim.pxi\", line 153, in pyarrow.lib._PandasAPIShim.pandas_dtype\n  File \"/opt/homebrew/Caskroom/miniforge/base/lib/python3.12/site-packages/pandas/core/dtypes/common.py\", line 1663, in pandas_dtype\n    npdtype = np.dtype(dtype)\n              ^^^^^^^^^^^^^^^\n  File \"/opt/homebrew/Caskroom/miniforge/base/lib/python3.12/site-packages/numpy/_core/_internal.py\", line 171, in _commastring\n    raise ValueError(\nValueError: format number 1 of \"dictionary<values=string, indices=int8, ordered=0>[pyarrow]\" is not recognized\n\nDuring handling of the above exception, another exception occurred:\n\nTraceback (most recent call last):\n  File \"/Users/remyroche/Documents/Ares/src/training/steps/step4_analyst_labeling_feature_engineering_validator.py\", line 297, in _validate_feature_engineering_outputs\n    feature_data = pd.read_parquet(file_path)\n                   ^^^^^^^^^^^^^^^^^^^^^^^^^^\n  File \"/opt/homebrew/Caskroom/miniforge/base/lib/python3.12/site-packages/pandas/io/parquet.py\", line 669, in read_parquet\n    return impl.read(\n           ^^^^^^^^^^\n  File \"/opt/homebrew/Caskroom/miniforge/base/lib/python3.12/site-packages/pandas/io/parquet.py\", line 279, in read\n    result = arrow_table_to_pandas(\n             ^^^^^^^^^^^^^^^^^^^^^^\n  File \"/opt/homebrew/Caskroom/miniforge/base/lib/python3.12/site-packages/pandas/io/_util.py\", line 93, in arrow_table_to_pandas\n    df = table.to_pandas(types_mapper=types_mapper, **to_pandas_kwargs)\n         ^^^^^^^^^^^^^^^^^^^^^^^^^^^^^^^^^^^^^^^^^^^^^^^^^^^^^^^^^^^^^^\n  File \"pyarrow/array.pxi\", line 987, in pyarrow.lib._PandasConvertible.to_pandas\n  File \"pyarrow/table.pxi\", line 5174, in pyarrow.lib.Table._to_pandas\n  File \"/opt/homebrew/Caskroom/miniforge/base/lib/python3.12/site-packages/pyarrow/pandas_compat.py\", line 796, in table_to_dataframe\n    ext_columns_dtypes = _get_extension_dtypes(\n                         ^^^^^^^^^^^^^^^^^^^^^^\n  File \"/opt/homebrew/Caskroom/miniforge/base/lib/python3.12/site-packages/pyarrow/pandas_compat.py\", line 899, in _get_extension_dtypes\n    pandas_dtype = _pandas_api.pandas_dtype(dtype)\n                   ^^^^^^^^^^^^^^^^^^^^^^^^^^^^^^^\n  File \"pyarrow/pandas-shim.pxi\", line 150, in pyarrow.lib._PandasAPIShim.pandas_dtype\n  File \"pyarrow/pandas-shim.pxi\", line 153, in pyarrow.lib._PandasAPIShim.pandas_dtype\n  File \"/opt/homebrew/Caskroom/miniforge/base/lib/python3.12/site-packages/pandas/core/dtypes/common.py\", line 1663, in pandas_dtype\n    npdtype = np.dtype(dtype)\n              ^^^^^^^^^^^^^^^\n  File \"/opt/homebrew/Caskroom/miniforge/base/lib/python3.12/site-packages/numpy/_core/_internal.py\", line 171, in _commastring\n    raise ValueError(\nValueError: format number 1 of \"dictionary<values=string, indices=int8, ordered=0>[pyarrow]\" is not recognized", "timestamp": "2025-08-10T21:11:52.606317+00:00"}
{"asctime": "2025-08-10 23:11:52,609", "levelname": "ERROR", "name": "AresGlobal.Step4AnalystLabelingFeatureEngineeringValidator", "message": "âŒ Feature engineering outputs validation failed - stopping process", "correlation_id": "40973efa-ce86-4341-a991-e5224f563298", "session_id": "83af8ee6-ab3f-4026-aeee-21558ca751cd", "timestamp": "2025-08-10T21:11:52.609944+00:00"}
{"asctime": "2025-08-10 23:11:52,610", "levelname": "INFO", "name": "AresGlobal.ValidatorOrchestrator", "message": "âœ… Validator for step4_analyst_labeling_feature_engineering completed: False", "correlation_id": "40973efa-ce86-4341-a991-e5224f563298", "session_id": "83af8ee6-ab3f-4026-aeee-21558ca751cd", "timestamp": "2025-08-10T21:11:52.610119+00:00"}
{"asctime": "2025-08-10 23:11:52,610", "levelname": "ERROR", "name": "AresGlobal.ValidatorOrchestrator", "message": "âŒ Validator failed for step4_analyst_labeling_feature_engineering: Step validation failed", "correlation_id": "40973efa-ce86-4341-a991-e5224f563298", "session_id": "83af8ee6-ab3f-4026-aeee-21558ca751cd", "timestamp": "2025-08-10T21:11:52.610264+00:00"}
{"asctime": "2025-08-10 23:11:52,610", "levelname": "WARNING", "name": "AresGlobal.EnhancedTrainingManager", "message": "âš ï¸ step4_analyst_labeling_feature_engineering validation failed: Unknown error", "correlation_id": "40973efa-ce86-4341-a991-e5224f563298", "session_id": "83af8ee6-ab3f-4026-aeee-21558ca751cd", "timestamp": "2025-08-10T21:11:52.610441+00:00"}
{"asctime": "2025-08-10 23:11:52,715", "levelname": "INFO", "name": "AresGlobal.EnhancedTrainingManager", "message": "âœ… Step 4: Analyst Labeling & Feature Engineering: completed successfully in 324.21s", "correlation_id": "40973efa-ce86-4341-a991-e5224f563298", "session_id": "83af8ee6-ab3f-4026-aeee-21558ca751cd", "timestamp": "2025-08-10T21:11:52.715549+00:00"}
{"asctime": "2025-08-10 23:11:52,715", "levelname": "INFO", "name": "AresGlobal.EnhancedTrainingManager", "message": "ðŸ’¾ Process Memory: 1175.1 MB | CPU: 0.0%", "correlation_id": "40973efa-ce86-4341-a991-e5224f563298", "session_id": "83af8ee6-ab3f-4026-aeee-21558ca751cd", "timestamp": "2025-08-10T21:11:52.715742+00:00"}
{"asctime": "2025-08-10 23:11:52,715", "levelname": "INFO", "name": "AresGlobal.EnhancedTrainingManager", "message": "ðŸ–¥ï¸ System Memory: 76.1% | Available: 3.8 GB", "correlation_id": "40973efa-ce86-4341-a991-e5224f563298", "session_id": "83af8ee6-ab3f-4026-aeee-21558ca751cd", "timestamp": "2025-08-10T21:11:52.715813+00:00"}
{"asctime": "2025-08-10 23:11:52,715", "levelname": "INFO", "name": "AresGlobal.EnhancedTrainingManager", "message": "ðŸ“Š Progress: 18.8% (3/16)", "correlation_id": "40973efa-ce86-4341-a991-e5224f563298", "session_id": "83af8ee6-ab3f-4026-aeee-21558ca751cd", "timestamp": "2025-08-10T21:11:52.715911+00:00"}
{"asctime": "2025-08-10 23:11:52,716", "levelname": "INFO", "name": "AresGlobal.EnhancedTrainingManager", "message": "ðŸŽ¯ STEP 5: Analyst Specialist Training...", "correlation_id": "40973efa-ce86-4341-a991-e5224f563298", "session_id": "83af8ee6-ab3f-4026-aeee-21558ca751cd", "timestamp": "2025-08-10T21:11:52.716104+00:00"}
